# This file contains the data of final feasible population (if found)
# of objectives = 2, # of constraints = 2, # of real_var = 7, # of bits of bin_var = 0, constr_violation, rank, crowding_distance
2.982876e-01	2.821666e-02	3.985959e-02	1.771342e-04	2.466414e+01	1.659760e+06	1.583760e+01	1.999999e+06	2.557725e+01	1.993403e+06	-8.594324e-02	0.000000e+00	1	1.000000e+14
7.279453e-02	3.376714e-02	1.824949e-02	5.000000e-02	8.981502e+00	1.089221e+06	2.238351e+01	1.037013e+06	2.454900e+01	8.094356e+05	-9.883671e-02	0.000000e+00	1	1.000000e+14
1.261225e-01	3.077348e-02	4.432382e-02	2.790518e-02	2.463642e+01	1.583096e+06	2.223075e+01	1.550182e+06	9.015694e+00	1.499103e+06	-8.046458e-02	0.000000e+00	1	1.769556e-02
7.371747e-02	3.335419e-02	2.266764e-02	5.000000e-02	8.659961e+00	1.175459e+06	2.196915e+01	1.148189e+06	2.657593e+01	8.501502e+05	-9.938747e-02	0.000000e+00	1	1.738419e-02
7.417333e-02	3.327042e-02	2.235070e-02	5.000000e-02	8.670729e+00	1.102820e+06	2.189545e+01	1.106719e+06	2.509977e+01	9.437508e+05	-9.490349e-02	0.000000e+00	1	1.735808e-02
2.403663e-01	2.870212e-02	3.884229e-02	1.056953e-03	2.541060e+01	1.741473e+06	1.370461e+01	1.978615e+06	2.404092e+01	1.581526e+06	9.503046e-02	0.000000e+00	1	1.728549e-02
7.473547e-02	3.318656e-02	2.384008e-02	5.000000e-02	2.667453e+01	8.877882e+05	2.217463e+01	1.158901e+06	8.927422e+00	1.262916e+06	-3.678384e-02	0.000000e+00	1	1.699692e-02
2.059909e-01	2.914943e-02	3.774656e-02	2.254292e-03	2.662320e+01	1.727167e+06	1.108601e+01	1.949806e+06	2.390493e+01	1.285871e+06	8.297276e-02	0.000000e+00	1	1.697482e-02
2.029507e-01	2.920525e-02	3.779549e-02	4.327769e-03	2.452459e+01	1.755468e+06	1.083658e+01	1.951153e+06	2.414347e+01	1.263746e+06	8.330521e-02	0.000000e+00	1	1.652203e-02
2.435476e-01	2.866540e-02	3.895998e-02	1.045779e-03	2.541060e+01	1.729246e+06	1.379717e+01	1.991226e+06	2.367946e+01	1.617051e+06	9.459200e-02	0.000000e+00	1	1.595237e-02
1.712954e-01	2.976911e-02	4.460953e-02	1.330209e-02	2.486852e+01	1.811639e+06	2.182565e+01	1.898244e+06	9.023388e+00	1.477499e+06	-7.440968e-02	0.000000e+00	1	1.553776e-02
1.110694e-01	3.120830e-02	4.163028e-02	3.468631e-02	8.885180e+00	1.388992e+06	2.232529e+01	1.477247e+06	2.546073e+01	1.465834e+06	4.899057e-04	0.000000e+00	1	1.547552e-02
2.919746e-01	2.824198e-02	3.984845e-02	5.043464e-05	2.470013e+01	1.664494e+06	1.558675e+01	1.993591e+06	2.425614e+01	1.982436e+06	9.999852e-02	0.000000e+00	1	1.529876e-02
2.748243e-01	2.838110e-02	3.967084e-02	5.079082e-04	2.543712e+01	1.669742e+06	1.426209e+01	1.995803e+06	2.602760e+01	1.906428e+06	9.988153e-02	0.000000e+00	1	1.493547e-02
2.711972e-01	2.838452e-02	3.968331e-02	9.773562e-05	2.537939e+01	1.680431e+06	1.398131e+01	1.973327e+06	2.372979e+01	1.915684e+06	8.448987e-02	0.000000e+00	1	1.452750e-02
1.130231e-01	3.114189e-02	4.386321e-02	3.517000e-02	8.799282e+00	1.449431e+06	2.186226e+01	1.558124e+06	2.515364e+01	1.429467e+06	1.931271e-02	0.000000e+00	1	1.451589e-02
2.319359e-01	2.881563e-02	3.843029e-02	3.643338e-04	2.426073e+01	1.548700e+06	1.288806e+01	1.895199e+06	2.517450e+01	1.745050e+06	7.805509e-02	0.000000e+00	1	1.426103e-02
1.949736e-01	2.935569e-02	4.470122e-02	5.768948e-03	2.496236e+01	1.962475e+06	2.233237e+01	1.977702e+06	9.057709e+00	1.437854e+06	-8.445921e-02	0.000000e+00	1	1.416900e-02
1.013109e-01	3.153863e-02	3.959431e-02	4.081979e-02	8.697521e+00	1.356375e+06	2.202489e+01	1.464420e+06	2.514441e+01	1.342382e+06	8.342878e-05	0.000000e+00	1	1.389686e-02
2.660352e-01	2.844142e-02	3.958517e-02	8.380580e-04	2.535246e+01	1.668863e+06	1.376868e+01	1.990928e+06	2.435204e+01	1.876248e+06	8.335148e-02	0.000000e+00	1	1.370533e-02
1.207364e-01	3.093316e-02	4.282829e-02	2.922836e-02	9.213384e+00	1.437391e+06	2.248860e+01	1.464318e+06	2.547273e+01	1.582354e+06	-6.473434e-03	0.000000e+00	1	1.369002e-02
2.626732e-01	2.845839e-02	3.949919e-02	1.101429e-04	2.489859e+01	1.699632e+06	1.401107e+01	1.997161e+06	2.381114e+01	1.811532e+06	-8.434708e-02	0.000000e+00	1	1.366989e-02
7.335013e-02	3.344314e-02	2.190816e-02	5.000000e-02	8.598177e+00	1.125081e+06	2.220817e+01	1.136760e+06	2.657593e+01	8.347592e+05	-9.867948e-02	0.000000e+00	1	1.361052e-02
1.776525e-01	2.965221e-02	4.463421e-02	1.050215e-02	2.513398e+01	1.879577e+06	2.249382e+01	1.875957e+06	9.250929e+00	1.483171e+06	-8.319134e-02	0.000000e+00	1	1.359003e-02
1.726496e-01	2.973120e-02	3.681963e-02	1.243867e-02	2.661889e+01	1.539461e+06	1.147736e+01	1.999986e+06	2.387428e+01	1.128656e+06	9.378116e-02	0.000000e+00	1	1.351765e-02
1.287049e-01	3.072868e-02	4.444172e-02	2.823944e-02	8.687953e+00	1.735262e+06	2.171618e+01	1.544726e+06	2.540281e+01	1.559504e+06	2.729439e-02	0.000000e+00	1	1.346046e-02
2.276445e-01	2.882186e-02	3.868829e-02	3.227458e-04	2.542262e+01	1.779640e+06	1.104947e+01	1.999885e+06	2.386227e+01	1.464178e+06	9.570838e-02	0.000000e+00	1	1.341391e-02
7.525483e-02	3.310836e-02	2.537944e-02	5.000000e-02	2.663619e+01	8.871184e+05	2.208216e+01	1.209504e+06	9.358955e+00	1.249624e+06	-5.766358e-02	0.000000e+00	1	1.332710e-02
8.003484e-02	3.262871e-02	3.015874e-02	5.000000e-02	2.677884e+01	1.009666e+06	2.177962e+01	1.318229e+06	9.307863e+00	1.182632e+06	-6.545982e-02	0.000000e+00	1	1.317819e-02
1.502128e-01	3.019324e-02	4.448578e-02	2.060152e-02	2.479304e+01	1.673236e+06	2.249411e+01	1.821097e+06	9.438464e+00	1.450605e+06	-9.811011e-02	0.000000e+00	1	1.311977e-02
2.111279e-01	2.906072e-02	3.801845e-02	1.634630e-03	2.739295e+01	1.717418e+06	1.089252e+01	1.999991e+06	2.351862e+01	1.325381e+06	8.998075e-02	0.000000e+00	1	1.306628e-02
2.373333e-01	2.870432e-02	3.937861e-02	9.450881e-04	2.491455e+01	1.687126e+06	1.138053e+01	1.999512e+06	2.186652e+01	1.754641e+06	9.966510e-02	0.000000e+00	1	1.277819e-02
2.136721e-01	2.903437e-02	3.830480e-02	3.926014e-03	2.505206e+01	1.713184e+06	1.103944e+01	1.993296e+06	2.392134e+01	1.415278e+06	9.892107e-02	0.000000e+00	1	1.274614e-02
9.002570e-02	3.202486e-02	3.670371e-02	4.977487e-02	8.649873e+00	1.300289e+06	2.209499e+01	1.449873e+06	2.457767e+01	1.165021e+06	9.126149e-02	0.000000e+00	1	1.267405e-02
1.029124e-01	3.147951e-02	4.030222e-02	3.986528e-02	9.385793e+00	1.333136e+06	2.173991e+01	1.483567e+06	2.458853e+01	1.359035e+06	1.430151e-02	0.000000e+00	1	1.261175e-02
8.645480e-02	3.220285e-02	3.350722e-02	5.000000e-02	9.203103e+00	1.264612e+06	2.214786e+01	1.350551e+06	2.458190e+01	1.165021e+06	9.766529e-02	0.000000e+00	1	1.258938e-02
2.962965e-01	2.823735e-02	3.980165e-02	3.689198e-04	2.547740e+01	1.660246e+06	1.579366e+01	1.988890e+06	2.571502e+01	1.985801e+06	9.998185e-02	0.000000e+00	1	1.257051e-02
1.433347e-01	3.034361e-02	4.445982e-02	2.267376e-02	2.497494e+01	1.643739e+06	2.156156e+01	1.747794e+06	8.840969e+00	1.499190e+06	-8.480629e-02	0.000000e+00	1	1.256949e-02
8.874083e-02	3.209301e-02	3.488603e-02	4.911671e-02	8.621162e+00	1.140941e+06	2.152819e+01	1.393171e+06	2.491846e+01	1.205342e+06	3.766466e-02	0.000000e+00	1	1.232213e-02
1.444416e-01	3.032060e-02	4.445342e-02	2.115609e-02	2.458052e+01	1.692623e+06	2.245138e+01	1.688280e+06	8.760758e+00	1.500299e+06	-9.637473e-02	0.000000e+00	1	1.231917e-02
2.252149e-01	2.886470e-02	3.852574e-02	8.641407e-04	2.515548e+01	1.780897e+06	1.136774e+01	1.937045e+06	2.364976e+01	1.478896e+06	9.974075e-02	0.000000e+00	1	1.213918e-02
1.618384e-01	2.995504e-02	4.451681e-02	1.507877e-02	2.470543e+01	1.803592e+06	2.172587e+01	1.799489e+06	9.057175e+00	1.411345e+06	-8.507144e-02	0.000000e+00	1	1.202416e-02
2.149914e-01	2.901433e-02	3.836053e-02	3.782627e-03	2.476644e+01	1.711509e+06	1.140570e+01	1.999997e+06	2.382360e+01	1.427010e+06	9.256749e-02	0.000000e+00	1	1.195633e-02
2.452800e-01	2.864598e-02	3.891831e-02	4.781320e-04	2.499278e+01	1.750679e+06	1.366876e+01	1.934409e+06	2.402982e+01	1.643707e+06	9.521666e-02	0.000000e+00	1	1.193001e-02
2.694082e-01	2.840905e-02	3.966910e-02	7.015072e-04	2.535246e+01	1.663988e+06	1.365296e+01	1.990928e+06	2.428667e+01	1.908255e+06	8.273780e-02	0.000000e+00	1	1.184960e-02
1.521166e-01	3.015797e-02	4.445029e-02	1.768601e-02	2.538792e+01	1.770033e+06	2.241048e+01	1.711189e+06	9.120546e+00	1.405081e+06	-8.456860e-02	0.000000e+00	1	1.176253e-02
8.753661e-02	3.214514e-02	3.400658e-02	5.000000e-02	9.203103e+00	1.234686e+06	2.206828e+01	1.361165e+06	2.456448e+01	1.186914e+06	9.826248e-02	0.000000e+00	1	1.162934e-02
1.899264e-01	2.941964e-02	3.755823e-02	1.038984e-02	2.665313e+01	1.523133e+06	1.138257e+01	1.999992e+06	2.435701e+01	1.366965e+06	8.465304e-02	0.000000e+00	1	1.162016e-02
2.366302e-01	2.875201e-02	3.847156e-02	1.276710e-04	2.713068e+01	1.714592e+06	1.360778e+01	1.889628e+06	2.372209e+01	1.594392e+06	9.138882e-02	0.000000e+00	1	1.150538e-02
9.372259e-02	3.185555e-02	3.777250e-02	4.719226e-02	2.470735e+01	1.208728e+06	2.235845e+01	1.452760e+06	9.275794e+00	1.415957e+06	-9.424207e-02	0.000000e+00	1	1.147490e-02
2.486558e-01	2.860262e-02	3.941890e-02	3.590182e-04	2.484260e+01	1.700424e+06	1.360199e+01	1.995726e+06	2.186652e+01	1.770370e+06	9.965229e-02	0.000000e+00	1	1.147420e-02
2.471651e-01	2.862201e-02	3.933092e-02	4.057788e-04	2.491595e+01	1.708453e+06	1.431749e+01	1.962990e+06	2.186812e+01	1.769498e+06	9.897742e-02	0.000000e+00	1	1.139175e-02
1.919482e-01	2.938839e-02	3.756955e-02	8.450627e-03	2.483805e+01	1.657284e+06	1.064923e+01	1.973129e+06	2.420656e+01	1.264331e+06	8.292525e-02	0.000000e+00	1	1.132914e-02
1.583810e-01	3.002252e-02	4.458590e-02	1.695115e-02	2.516817e+01	1.756570e+06	2.226165e+01	1.763625e+06	8.949644e+00	1.608760e+06	-7.890408e-02	0.000000e+00	1	1.130160e-02
1.185970e-01	3.098674e-02	4.297928e-02	3.066478e-02	9.154299e+00	1.441268e+06	2.163098e+01	1.483206e+06	2.547273e+01	1.546113e+06	-6.799326e-03	0.000000e+00	1	1.129879e-02
1.089388e-01	3.127406e-02	4.151738e-02	3.623823e-02	8.901922e+00	1.401344e+06	2.232529e+01	1.486709e+06	2.518887e+01	1.429476e+06	-1.319610e-03	0.000000e+00	1	1.129403e-02
2.211934e-01	2.891549e-02	3.849198e-02	1.436660e-03	2.509131e+01	1.767338e+06	1.085441e+01	1.999873e+06	2.446815e+01	1.414996e+06	8.227554e-02	0.000000e+00	1	1.128911e-02
1.568810e-01	3.005372e-02	4.450318e-02	1.671344e-02	2.468722e+01	1.773898e+06	2.241048e+01	1.765601e+06	8.789401e+00	1.444618e+06	-7.985773e-02	0.000000e+00	1	1.127717e-02
2.170352e-01	2.898442e-02	3.813100e-02	2.398421e-05	2.501507e+01	1.848293e+06	1.056839e+01	1.938849e+06	2.407535e+01	1.292466e+06	9.041903e-02	0.000000e+00	1	1.124262e-02
1.649043e-01	2.989480e-02	4.456260e-02	1.588819e-02	2.534756e+01	1.754511e+06	2.245198e+01	1.910721e+06	9.422729e+00	1.432409e+06	-9.393520e-02	0.000000e+00	1	1.117899e-02
1.226717e-01	3.087171e-02	4.409221e-02	2.889056e-02	2.466354e+01	1.576471e+06	2.164452e+01	1.504583e+06	9.015694e+00	1.467901e+06	-8.090860e-02	0.000000e+00	1	1.110976e-02
1.755380e-01	2.968943e-02	3.700823e-02	1.351491e-02	2.476503e+01	1.567809e+06	1.099655e+01	1.937317e+06	2.442735e+01	1.216578e+06	9.034531e-02	0.000000e+00	1	1.110892e-02
9.699121e-02	3.170735e-02	3.876593e-02	4.392728e-02	8.584228e+00	1.304327e+06	2.199076e+01	1.468966e+06	2.505104e+01	1.280277e+06	2.366676e-02	0.000000e+00	1	1.095938e-02
2.769292e-01	2.835982e-02	3.972383e-02	3.374347e-04	2.548382e+01	1.669163e+06	1.425322e+01	1.998697e+06	2.602760e+01	1.921214e+06	9.963606e-02	0.000000e+00	1	1.087476e-02
7.971114e-02	3.269666e-02	3.125379e-02	5.000000e-02	2.717095e+01	9.261660e+05	2.159457e+01	1.374064e+06	8.547883e+00	1.305261e+06	-6.069213e-02	0.000000e+00	1	1.084402e-02
1.104228e-01	3.124968e-02	4.380147e-02	3.611920e-02	9.405416e+00	1.113611e+06	2.194523e+01	1.598615e+06	2.460119e+01	1.424001e+06	2.596104e-02	0.000000e+00	1	1.064761e-02
1.662591e-01	2.985821e-02	3.658336e-02	1.461827e-02	2.665423e+01	1.503534e+06	1.147736e+01	1.981609e+06	2.387428e+01	1.110745e+06	8.550189e-02	0.000000e+00	1	1.046771e-02
7.282340e-02	3.371005e-02	1.894062e-02	5.000000e-02	9.248865e+00	1.092797e+06	2.204460e+01	1.088958e+06	2.462530e+01	7.961088e+05	-9.670555e-02	0.000000e+00	1	1.043790e-02
2.673350e-01	2.842100e-02	3.960141e-02	2.953431e-04	2.535246e+01	1.683263e+06	1.389486e+01	1.982660e+06	2.424470e+01	1.876248e+06	8.692207e-02	0.000000e+00	1	1.039480e-02
8.082289e-02	3.257774e-02	2.895099e-02	5.000000e-02	2.676309e+01	1.072683e+06	2.166198e+01	1.256230e+06	9.299151e+00	1.157867e+06	-6.546170e-02	0.000000e+00	1	1.037637e-02
7.761347e-02	3.283308e-02	2.782848e-02	5.000000e-02	2.712017e+01	9.616200e+05	2.188292e+01	1.258057e+06	9.142894e+00	1.231555e+06	-7.484567e-02	0.000000e+00	1	1.035658e-02
2.196131e-01	2.893838e-02	3.843490e-02	1.563395e-03	2.480008e+01	1.769648e+06	1.143192e+01	1.999995e+06	2.386785e+01	1.395078e+06	9.745594e-02	0.000000e+00	1	1.032828e-02
2.808275e-01	2.832735e-02	3.981062e-02	2.874614e-04	2.523606e+01	1.661424e+06	1.438896e+01	1.997404e+06	2.563125e+01	1.958911e+06	9.131567e-02	0.000000e+00	1	1.032452e-02
1.414883e-01	3.038744e-02	4.445776e-02	2.278604e-02	2.467702e+01	1.653456e+06	2.190499e+01	1.690050e+06	8.809635e+00	1.541136e+06	-7.180445e-02	0.000000e+00	1	1.030255e-02
1.078091e-01	3.131072e-02	4.135454e-02	3.698938e-02	8.931830e+00	1.401344e+06	2.216502e+01	1.487910e+06	2.549718e+01	1.413280e+06	-4.143744e-03	0.000000e+00	1	1.017012e-02
1.748932e-01	2.970761e-02	4.458185e-02	1.068047e-02	2.495921e+01	1.890116e+06	2.191899e+01	1.842155e+06	9.063809e+00	1.412291e+06	-7.269044e-02	0.000000e+00	1	1.016736e-02
7.618663e-02	3.300240e-02	2.744115e-02	5.000000e-02	2.698114e+01	8.892598e+05	2.219111e+01	1.278063e+06	9.472884e+00	1.216909e+06	-5.803435e-02	0.000000e+00	1	1.015178e-02
1.299493e-01	3.066723e-02	4.436155e-02	2.834089e-02	2.504776e+01	1.534825e+06	2.182183e+01	1.707204e+06	9.398904e+00	1.460718e+06	-8.605674e-02	0.000000e+00	1	1.013243e-02
9.296994e-02	3.189263e-02	3.782897e-02	4.764706e-02	9.222717e+00	1.307780e+06	2.242030e+01	1.487482e+06	2.735696e+01	1.163549e+06	-8.997494e-02	0.000000e+00	1	1.012388e-02
9.808589e-02	3.166361e-02	3.865697e-02	4.270562e-02	9.340637e+00	1.285889e+06	2.166980e+01	1.455129e+06	2.513781e+01	1.310743e+06	4.233149e-02	0.000000e+00	1	9.983857e-03
1.162545e-01	3.104355e-02	4.425045e-02	3.359590e-02	9.017706e+00	1.457581e+06	2.229211e+01	1.577503e+06	2.460163e+01	1.457111e+06	1.289761e-02	0.000000e+00	1	9.978811e-03
2.097479e-01	2.908282e-02	3.796432e-02	1.771647e-03	2.725820e+01	1.718974e+06	1.145641e+01	1.999946e+06	2.439526e+01	1.307453e+06	8.269715e-02	0.000000e+00	1	9.934172e-03
1.488353e-01	3.022285e-02	4.451524e-02	2.138228e-02	2.487767e+01	1.654318e+06	2.171518e+01	1.803469e+06	9.426414e+00	1.536126e+06	-9.017403e-02	0.000000e+00	1	9.878650e-03
7.731913e-02	3.287343e-02	2.841607e-02	5.000000e-02	2.745273e+01	9.261660e+05	2.177129e+01	1.292462e+06	8.671813e+00	1.225910e+06	-6.602094e-02	0.000000e+00	1	9.865569e-03
1.059436e-01	3.139522e-02	4.343816e-02	3.952369e-02	9.319494e+00	1.153892e+06	2.203297e+01	1.613823e+06	2.525610e+01	1.345227e+06	2.684334e-02	0.000000e+00	1	9.851863e-03
1.212279e-01	3.089953e-02	4.427058e-02	3.078077e-02	8.799282e+00	1.426077e+06	2.180550e+01	1.591973e+06	2.524487e+01	1.515693e+06	1.220328e-02	0.000000e+00	1	9.826637e-03
2.611170e-01	2.847210e-02	3.945701e-02	5.780299e-05	2.475903e+01	1.705683e+06	1.413567e+01	1.997329e+06	2.446092e+01	1.791864e+06	-8.538584e-02	0.000000e+00	1	9.798809e-03
1.000999e-01	3.160689e-02	3.744600e-02	4.022526e-02	8.951894e+00	1.301023e+06	2.187788e+01	1.408324e+06	2.709388e+01	1.329196e+06	-9.859091e-02	0.000000e+00	1	9.773179e-03
7.684629e-02	3.292371e-02	2.785828e-02	5.000000e-02	2.733366e+01	9.134050e+05	2.183464e+01	1.278063e+06	9.358955e+00	1.242699e+06	-5.686807e-02	0.000000e+00	1	9.746468e-03
2.570711e-01	2.851526e-02	3.929313e-02	3.356631e-05	2.455816e+01	1.723924e+06	1.403738e+01	1.961272e+06	2.408182e+01	1.760244e+06	9.642736e-02	0.000000e+00	1	9.745593e-03
1.689562e-01	2.981277e-02	4.459538e-02	1.365283e-02	2.538162e+01	1.812435e+06	2.177209e+01	1.864299e+06	8.939460e+00	1.483036e+06	-7.990481e-02	0.000000e+00	1	9.739158e-03
8.119530e-02	3.254208e-02	3.062736e-02	5.000000e-02	2.691592e+01	1.041812e+06	2.202499e+01	1.320228e+06	8.587143e+00	1.179271e+06	-3.341674e-02	0.000000e+00	1	9.726317e-03
9.158082e-02	3.195942e-02	3.667110e-02	4.733932e-02	8.908663e+00	1.125262e+06	2.176128e+01	1.442822e+06	2.500029e+01	1.229957e+06	3.433652e-02	0.000000e+00	1	9.639557e-03
8.635721e-02	3.225587e-02	3.002179e-02	5.000000e-02	2.685094e+01	1.176763e+06	2.225144e+01	1.222086e+06	9.274370e+00	1.373940e+06	-3.332019e-02	0.000000e+00	1	9.637618e-03
9.869969e-02	3.163857e-02	3.914731e-02	4.260662e-02	8.535009e+00	1.306611e+06	2.201305e+01	1.470078e+06	2.477252e+01	1.307289e+06	3.509043e-02	0.000000e+00	1	9.575270e-03
1.881630e-01	2.944281e-02	3.742168e-02	9.237703e-03	2.724687e+01	1.567674e+06	1.097154e+01	1.999967e+06	2.439526e+01	1.283391e+06	8.166889e-02	0.000000e+00	1	9.574178e-03
1.245571e-01	3.082302e-02	4.432064e-02	2.832399e-02	2.490169e+01	1.583096e+06	2.162994e+01	1.506291e+06	8.913686e+00	1.535365e+06	-8.171606e-02	0.000000e+00	1	9.561139e-03
1.152970e-01	3.107164e-02	4.420220e-02	3.349165e-02	8.849943e+00	1.371247e+06	2.181591e+01	1.567910e+06	2.524487e+01	1.468391e+06	2.022894e-02	0.000000e+00	1	9.507375e-03
1.674773e-01	2.984194e-02	4.465378e-02	1.512972e-02	2.464647e+01	1.767561e+06	2.177719e+01	1.870072e+06	9.057817e+00	1.620909e+06	-9.700050e-02	0.000000e+00	1	9.454060e-03
2.072537e-01	2.912273e-02	3.788813e-02	2.354588e-03	2.686724e+01	1.710401e+06	1.096943e+01	1.999947e+06	2.439526e+01	1.292152e+06	9.186599e-02	0.000000e+00	1	9.447617e-03
1.354171e-01	3.053911e-02	4.438539e-02	2.380285e-02	2.468428e+01	1.662299e+06	2.231930e+01	1.584735e+06	8.782867e+00	1.504369e+06	-7.724785e-02	0.000000e+00	1	9.446473e-03
2.347731e-01	2.876902e-02	3.844916e-02	2.399614e-05	2.735133e+01	1.719634e+06	1.407973e+01	1.919558e+06	2.361532e+01	1.550824e+06	9.339244e-02	0.000000e+00	1	9.407003e-03
1.371956e-01	3.049027e-02	4.440068e-02	2.577656e-02	2.519778e+01	1.574365e+06	2.176278e+01	1.775396e+06	8.673692e+00	1.430464e+06	-8.108567e-02	0.000000e+00	1	9.344463e-03
9.060878e-02	3.199830e-02	3.594462e-02	4.852090e-02	8.645402e+00	1.288430e+06	2.154369e+01	1.428881e+06	2.695852e+01	1.162544e+06	-9.737879e-02	0.000000e+00	1	9.343383e-03
1.971989e-01	2.928703e-02	3.762431e-02	5.515868e-03	2.664256e+01	1.649428e+06	1.057292e+01	1.999947e+06	2.421580e+01	1.268489e+06	9.186599e-02	0.000000e+00	1	9.341822e-03
1.478646e-01	3.024511e-02	4.446672e-02	2.153520e-02	2.481128e+01	1.654746e+06	2.202964e+01	1.818149e+06	8.899658e+00	1.435918e+06	-9.903957e-02	0.000000e+00	1	9.301985e-03
2.269568e-01	2.884197e-02	3.856270e-02	6.439993e-04	2.515548e+01	1.783553e+06	1.064046e+01	1.925322e+06	2.386936e+01	1.500278e+06	9.987588e-02	0.000000e+00	1	9.246824e-03
1.462638e-01	3.027896e-02	4.447734e-02	2.080949e-02	2.504152e+01	1.692722e+06	2.236249e+01	1.710028e+06	8.741238e+00	1.522231e+06	-9.559287e-02	0.000000e+00	1	9.246572e-03
8.185870e-02	3.249526e-02	3.025551e-02	5.000000e-02	2.745273e+01	1.071618e+06	2.177129e+01	1.292462e+06	9.240721e+00	1.208165e+06	-5.530637e-02	0.000000e+00	1	9.157512e-03
2.084048e-01	2.910397e-02	3.793366e-02	2.233284e-03	2.732355e+01	1.709258e+06	1.056544e+01	1.999964e+06	2.360612e+01	1.307075e+06	7.989128e-02	0.000000e+00	1	9.125630e-03
2.505746e-01	2.857856e-02	3.946822e-02	8.582935e-05	2.484260e+01	1.703295e+06	1.368146e+01	1.990565e+06	2.186812e+01	1.788487e+06	9.894923e-02	0.000000e+00	1	9.117555e-03
1.046299e-01	3.141904e-02	4.115806e-02	3.895007e-02	8.524705e+00	1.300321e+06	2.226229e+01	1.509523e+06	2.472800e+01	1.373822e+06	4.978772e-02	0.000000e+00	1	9.116212e-03
9.215527e-02	3.192936e-02	3.446275e-02	4.536314e-02	2.532775e+01	1.291942e+06	2.213008e+01	1.332776e+06	8.786607e+00	1.234322e+06	-4.309400e-02	0.000000e+00	1	9.096856e-03
9.572226e-02	3.176711e-02	3.653470e-02	4.327657e-02	9.227032e+00	1.250511e+06	2.245829e+01	1.386608e+06	2.543974e+01	1.319736e+06	2.507547e-02	0.000000e+00	1	8.967528e-03
1.556203e-01	3.007975e-02	4.458315e-02	1.914832e-02	2.493074e+01	1.692892e+06	2.239375e+01	1.822467e+06	8.822361e+00	1.605056e+06	-9.468637e-02	0.000000e+00	1	8.927890e-03
1.005036e-01	3.157448e-02	3.834591e-02	4.039296e-02	9.421070e+00	1.299661e+06	2.168158e+01	1.420299e+06	2.521200e+01	1.367334e+06	4.253163e-02	0.000000e+00	1	8.833958e-03
1.836850e-01	2.954980e-02	4.465427e-02	1.013585e-02	2.501878e+01	1.859958e+06	2.246695e+01	1.998125e+06	9.354549e+00	1.423464e+06	-9.518139e-02	0.000000e+00	1	8.771130e-03
2.845850e-01	2.829680e-02	3.987104e-02	1.377467e-04	2.540974e+01	1.659475e+06	1.408078e+01	1.982446e+06	2.588999e+01	1.997242e+06	-9.401440e-02	0.000000e+00	1	8.707474e-03
1.843447e-01	2.951156e-02	3.721391e-02	8.990651e-03	2.654521e+01	1.594663e+06	1.087250e+01	2.000000e+06	2.361092e+01	1.195372e+06	8.522001e-02	0.000000e+00	1	8.641615e-03
1.173439e-01	3.101125e-02	4.421662e-02	3.299160e-02	9.326598e+00	1.353941e+06	2.166574e+01	1.612917e+06	2.547001e+01	1.468391e+06	1.789585e-02	0.000000e+00	1	8.583513e-03
1.601146e-01	2.998811e-02	4.451610e-02	1.586099e-02	2.485025e+01	1.784900e+06	2.154814e+01	1.800551e+06	8.801542e+00	1.425385e+06	-9.819246e-02	0.000000e+00	1	8.579762e-03
7.319969e-02	3.349254e-02	2.049917e-02	5.000000e-02	8.589948e+00	1.115747e+06	2.193350e+01	1.073907e+06	2.458817e+01	8.804197e+05	-9.477397e-02	0.000000e+00	1	8.575529e-03
7.646392e-02	3.296057e-02	2.696519e-02	5.000000e-02	2.528086e+01	9.463899e+05	2.172602e+01	1.231125e+06	9.254887e+00	1.277175e+06	-5.819190e-02	0.000000e+00	1	8.550928e-03
7.823050e-02	3.278089e-02	2.897824e-02	5.000000e-02	2.658037e+01	9.581154e+05	2.177129e+01	1.297301e+06	9.148924e+00	1.222858e+06	-6.602094e-02	0.000000e+00	1	8.498177e-03
1.808448e-01	2.957598e-02	3.716082e-02	1.139162e-02	2.679805e+01	1.534662e+06	1.073180e+01	1.979428e+06	2.417067e+01	1.256879e+06	8.888237e-02	0.000000e+00	1	8.485906e-03
1.335340e-01	3.057609e-02	4.438729e-02	2.657894e-02	2.515338e+01	1.571500e+06	2.172142e+01	1.708843e+06	9.398904e+00	1.471759e+06	-7.949163e-02	0.000000e+00	1	8.429566e-03
1.793277e-01	2.962427e-02	3.709259e-02	1.303823e-02	2.699588e+01	1.496860e+06	1.100803e+01	1.989049e+06	2.586708e+01	1.264984e+06	8.162960e-02	0.000000e+00	1	8.396702e-03
1.356743e-01	3.052391e-02	4.440744e-02	2.511394e-02	2.451225e+01	1.609463e+06	2.211207e+01	1.675806e+06	8.809635e+00	1.504556e+06	-6.824552e-02	0.000000e+00	1	8.342683e-03
7.297362e-02	3.357803e-02	2.079747e-02	5.000000e-02	8.742072e+00	1.113729e+06	2.209449e+01	1.105306e+06	2.462530e+01	8.294842e+05	-8.454846e-02	0.000000e+00	1	8.331880e-03
7.284775e-02	3.365258e-02	1.984166e-02	5.000000e-02	9.296192e+00	1.105540e+06	2.163320e+01	1.080388e+06	2.493120e+01	8.199265e+05	-9.652324e-02	0.000000e+00	1	8.304617e-03
2.895850e-01	2.827496e-02	3.978104e-02	6.626494e-04	2.531203e+01	1.653517e+06	1.598293e+01	1.983273e+06	2.425614e+01	1.982436e+06	9.812774e-02	0.000000e+00	1	8.298623e-03
1.289466e-01	3.069357e-02	4.434779e-02	2.734150e-02	9.024203e+00	1.484583e+06	2.164983e+01	1.613669e+06	2.466078e+01	1.579380e+06	2.418716e-04	0.000000e+00	1	8.295166e-03
2.904661e-01	2.826367e-02	3.981960e-02	5.398483e-04	2.502471e+01	1.653037e+06	1.591924e+01	1.997572e+06	2.399717e+01	1.980117e+06	9.836584e-02	0.000000e+00	1	8.269377e-03
7.308240e-02	3.353174e-02	2.089445e-02	5.000000e-02	8.608955e+00	1.155019e+06	2.173768e+01	1.097494e+06	2.490825e+01	8.434522e+05	-9.792260e-02	0.000000e+00	1	8.203010e-03
9.628646e-02	3.174097e-02	3.680486e-02	4.307662e-02	9.421070e+00	1.292270e+06	2.210804e+01	1.390397e+06	2.521200e+01	1.319761e+06	3.558722e-02	0.000000e+00	1	8.197484e-03
1.988671e-01	2.927147e-02	3.771437e-02	5.783839e-03	2.540712e+01	1.720822e+06	1.058259e+01	1.961667e+06	2.424737e+01	1.260542e+06	9.041903e-02	0.000000e+00	1	8.191088e-03
2.875633e-01	2.828434e-02	3.974908e-02	4.065137e-04	2.548937e+01	1.664494e+06	1.595443e+01	1.993591e+06	2.425614e+01	1.949775e+06	9.999911e-02	0.000000e+00	1	8.018216e-03
8.430528e-02	3.233188e-02	3.131021e-02	5.000000e-02	9.153025e+00	1.226362e+06	2.218591e+01	1.284821e+06	2.501832e+01	1.163940e+06	8.999201e-02	0.000000e+00	1	7.915618e-03
1.822254e-01	2.955676e-02	3.727969e-02	1.242084e-02	2.690039e+01	1.495311e+06	1.106327e+01	1.980571e+06	2.367063e+01	1.328880e+06	7.845006e-02	0.000000e+00	1	7.883813e-03
1.379284e-01	3.047566e-02	4.434254e-02	2.325384e-02	2.492613e+01	1.661629e+06	2.170428e+01	1.678687e+06	9.296492e+00	1.340528e+06	-6.189471e-02	0.000000e+00	1	7.776521e-03
2.234055e-01	2.888932e-02	3.885683e-02	1.580792e-03	2.468155e+01	1.723893e+06	1.110597e+01	1.999963e+06	2.157977e+01	1.558595e+06	9.739578e-02	0.000000e+00	1	7.769218e-03
2.590891e-01	2.850593e-02	3.958012e-02	3.602994e-04	2.548559e+01	1.683321e+06	1.388720e+01	1.854841e+06	2.189940e+01	1.985799e+06	9.525536e-02	0.000000e+00	1	7.746001e-03
2.866886e-01	2.829268e-02	3.973006e-02	4.746224e-04	2.470013e+01	1.664494e+06	1.629905e+01	1.994267e+06	2.425614e+01	1.942805e+06	9.319951e-02	0.000000e+00	1	7.727007e-03
1.877721e-01	2.947289e-02	4.472934e-02	8.983182e-03	2.487928e+01	1.879577e+06	2.222976e+01	1.983415e+06	8.813399e+00	1.553704e+06	-8.453130e-02	0.000000e+00	1	7.647320e-03
2.595128e-01	2.848937e-02	3.941843e-02	1.958479e-04	2.512151e+01	1.705683e+06	1.422924e+01	1.999389e+06	2.435695e+01	1.777259e+06	-8.184199e-02	0.000000e+00	1	7.543199e-03
1.403689e-01	3.041235e-02	4.444934e-02	2.397517e-02	2.480643e+01	1.617180e+06	2.176278e+01	1.736858e+06	9.000768e+00	1.514529e+06	-8.205556e-02	0.000000e+00	1	7.444214e-03
1.531758e-01	3.013560e-02	4.450668e-02	1.735277e-02	2.490425e+01	1.776504e+06	2.237579e+01	1.678655e+06	8.952968e+00	1.529940e+06	-7.328127e-02	0.000000e+00	1	7.434804e-03
2.824647e-01	2.831664e-02	3.982641e-02	2.974802e-04	2.547008e+01	1.659475e+06	1.408078e+01	1.984054e+06	2.638510e+01	1.980745e+06	9.769662e-02	0.000000e+00	1	7.412046e-03
8.336050e-02	3.238759e-02	3.111234e-02	5.000000e-02	8.539594e+00	1.244243e+06	2.193522e+01	1.287615e+06	2.460252e+01	1.136765e+06	9.972143e-02	0.000000e+00	1	7.397339e-03
1.066709e-01	3.135991e-02	4.209747e-02	3.882147e-02	9.355753e+00	1.450611e+06	2.236247e+01	1.550024e+06	2.677874e+01	1.310836e+06	-2.045346e-03	0.000000e+00	1	7.386557e-03
2.013294e-01	2.921810e-02	3.777453e-02	4.816757e-03	2.694530e+01	1.653855e+06	1.149485e+01	2.000000e+06	2.421583e+01	1.309995e+06	7.611452e-02	0.000000e+00	1	7.374654e-03
8.815484e-02	3.211560e-02	3.342618e-02	4.899441e-02	8.746957e+00	1.250287e+06	2.189421e+01	1.328163e+06	2.456448e+01	1.216975e+06	9.986209e-02	0.000000e+00	1	7.366229e-03
1.864480e-01	2.948548e-02	3.738731e-02	9.920135e-03	2.543094e+01	1.633259e+06	1.073994e+01	1.970050e+06	2.400849e+01	1.235011e+06	9.041903e-02	0.000000e+00	1	7.349102e-03
1.633412e-01	2.993405e-02	4.465269e-02	1.530324e-02	2.464647e+01	1.763120e+06	1.998010e+01	1.867369e+06	9.112595e+00	1.620909e+06	-9.700050e-02	0.000000e+00	1	7.346148e-03
2.560279e-01	2.853876e-02	3.930976e-02	1.028878e-03	2.480966e+01	1.692510e+06	1.406239e+01	1.981967e+06	2.359797e+01	1.773995e+06	8.754635e-02	0.000000e+00	1	7.345955e-03
1.913998e-01	2.939348e-02	3.738662e-02	7.898886e-03	2.694530e+01	1.607608e+06	1.132681e+01	1.925003e+06	2.391819e+01	1.313553e+06	7.669555e-02	0.000000e+00	1	7.298433e-03
2.789886e-01	2.834569e-02	3.977310e-02	4.777991e-04	2.452572e+01	1.659760e+06	1.371499e+01	1.999997e+06	2.554427e+01	1.945385e+06	-7.925528e-02	0.000000e+00	1	7.278496e-03
2.227606e-01	2.889054e-02	3.851472e-02	6.779390e-04	2.548447e+01	1.787572e+06	1.143192e+01	1.999995e+06	2.353731e+01	1.402859e+06	9.832801e-02	0.000000e+00	1	7.262740e-03
8.232320e-02	3.246819e-02	2.996740e-02	5.000000e-02	2.685100e+01	1.078673e+06	2.177244e+01	1.269029e+06	9.280097e+00	1.303350e+06	-2.005801e-02	0.000000e+00	1	7.260016e-03
1.143565e-01	3.110237e-02	4.404262e-02	3.371615e-02	8.592931e+00	1.314543e+06	2.235302e+01	1.564286e+06	2.453559e+01	1.468867e+06	6.422808e-03	0.000000e+00	1	7.168594e-03
8.414917e-02	3.235582e-02	3.049391e-02	5.000000e-02	2.697596e+01	1.126180e+06	2.187805e+01	1.269029e+06	9.114663e+00	1.280045e+06	-2.005801e-02	0.000000e+00	1	7.113516e-03
9.476292e-02	3.180938e-02	3.793079e-02	4.628979e-02	2.500897e+01	1.227415e+06	2.161955e+01	1.448529e+06	9.190834e+00	1.429954e+06	-9.615478e-02	0.000000e+00	1	7.038968e-03
1.852973e-01	2.949356e-02	3.726627e-02	9.022433e-03	2.729067e+01	1.588687e+06	1.097154e+01	2.000000e+06	2.441990e+01	1.216706e+06	8.317155e-02	0.000000e+00	1	7.012434e-03
1.635949e-01	2.991673e-02	4.456076e-02	1.501573e-02	2.503679e+01	1.794363e+06	2.221094e+01	1.819934e+06	8.888791e+00	1.478388e+06	-8.159492e-02	0.000000e+00	1	7.001718e-03
7.289461e-02	3.361961e-02	2.003015e-02	5.000000e-02	9.296192e+00	1.127210e+06	2.173881e+01	1.080388e+06	2.479525e+01	8.277398e+05	-9.274621e-02	0.000000e+00	1	6.994353e-03
1.072039e-01	3.134425e-02	3.957036e-02	3.666396e-02	8.787967e+00	1.465475e+06	2.178169e+01	1.413027e+06	2.540056e+01	1.435353e+06	3.228443e-02	0.000000e+00	1	6.955804e-03
1.596233e-01	2.999576e-02	4.458304e-02	1.750044e-02	2.486044e+01	1.727281e+06	2.161448e+01	1.843861e+06	8.801542e+00	1.554559e+06	-9.867941e-02	0.000000e+00	1	6.943162e-03
1.237724e-01	3.083883e-02	4.429701e-02	2.867787e-02	2.507562e+01	1.574474e+06	2.164452e+01	1.524574e+06	9.015694e+00	1.483826e+06	-6.360870e-02	0.000000e+00	1	6.939529e-03
1.322293e-01	3.061170e-02	4.437999e-02	2.786456e-02	2.489324e+01	1.535359e+06	2.232472e+01	1.744877e+06	9.482944e+00	1.457477e+06	-7.723790e-02	0.000000e+00	1	6.932448e-03
1.955184e-01	2.931898e-02	3.753585e-02	6.274055e-03	2.746588e+01	1.637369e+06	1.091213e+01	1.960752e+06	2.365180e+01	1.293727e+06	9.128733e-02	0.000000e+00	1	6.877778e-03
2.532138e-01	2.857113e-02	3.908809e-02	3.117822e-05	2.606205e+01	1.662567e+06	1.371068e+01	1.977245e+06	2.498966e+01	1.745991e+06	9.797895e-02	0.000000e+00	1	6.829250e-03
8.274277e-02	3.243643e-02	2.991717e-02	5.000000e-02	9.153025e+00	1.314026e+06	2.239746e+01	1.242529e+06	2.501832e+01	1.133233e+06	9.643143e-02	0.000000e+00	1	6.774229e-03
8.496984e-02	3.228815e-02	3.283024e-02	5.000000e-02	9.224538e+00	1.273613e+06	2.193522e+01	1.339383e+06	2.460252e+01	1.136765e+06	9.954576e-02	0.000000e+00	1	6.751948e-03
2.330693e-01	2.879708e-02	3.839477e-02	6.594063e-04	2.735133e+01	1.707462e+06	1.432270e+01	1.906631e+06	2.379199e+01	1.559007e+06	9.532977e-02	0.000000e+00	1	6.732928e-03
2.006281e-01	2.922995e-02	3.772032e-02	4.489675e-03	2.719345e+01	1.668154e+06	1.149370e+01	1.999955e+06	2.439526e+01	1.280238e+06	8.571933e-02	0.000000e+00	1	6.704588e-03
1.961496e-01	2.930829e-02	3.761458e-02	6.873966e-03	2.713388e+01	1.613255e+06	1.080256e+01	1.969912e+06	2.365174e+01	1.330656e+06	9.200475e-02	0.000000e+00	1	6.604134e-03
1.466175e-01	3.027152e-02	4.449049e-02	2.079603e-02	2.504152e+01	1.691123e+06	2.239199e+01	1.710028e+06	8.878637e+00	1.547015e+06	-9.451383e-02	0.000000e+00	1	6.598816e-03
1.546826e-01	3.009871e-02	4.450850e-02	1.898674e-02	2.502652e+01	1.703487e+06	2.237276e+01	1.842174e+06	9.364225e+00	1.444618e+06	-8.107560e-02	0.000000e+00	1	6.533122e-03
2.515767e-01	2.857330e-02	3.917612e-02	4.313083e-04	2.487670e+01	1.724519e+06	1.382247e+01	1.983478e+06	2.406014e+01	1.698499e+06	-8.778964e-02	0.000000e+00	1	6.520870e-03
1.140759e-01	3.112117e-02	4.188456e-02	3.326483e-02	2.489587e+01	1.492319e+06	2.198958e+01	1.463041e+06	8.822212e+00	1.489189e+06	-7.188873e-02	0.000000e+00	1	6.516783e-03
2.833332e-01	2.830674e-02	3.985339e-02	1.909644e-04	2.543712e+01	1.659759e+06	1.439134e+01	1.988890e+06	2.639003e+01	1.984037e+06	9.998169e-02	0.000000e+00	1	6.488309e-03
7.561602e-02	3.305240e-02	2.617886e-02	5.000000e-02	2.715837e+01	9.074853e+05	2.232385e+01	1.237031e+06	8.940207e+00	1.158524e+06	-5.790720e-02	0.000000e+00	1	6.480060e-03
2.337823e-01	2.878633e-02	3.894094e-02	1.153563e-03	2.488751e+01	1.664797e+06	1.313013e+01	1.957622e+06	2.175278e+01	1.705161e+06	9.920676e-02	0.000000e+00	1	6.305609e-03
1.392880e-01	3.044101e-02	4.446527e-02	2.517383e-02	2.471310e+01	1.582396e+06	2.181434e+01	1.759071e+06	8.575728e+00	1.553136e+06	-8.151411e-02	0.000000e+00	1	6.278944e-03
2.973278e-01	2.823420e-02	3.983514e-02	3.172096e-04	2.487111e+01	1.648826e+06	1.572223e+01	1.998612e+06	2.602717e+01	1.997881e+06	9.230068e-02	0.000000e+00	1	6.278740e-03
2.542494e-01	2.856328e-02	3.921357e-02	1.202067e-03	2.524191e+01	1.697650e+06	1.441217e+01	1.947951e+06	2.380438e+01	1.774700e+06	-8.589726e-02	0.000000e+00	1	6.240389e-03
1.790974e-01	2.962618e-02	4.468154e-02	1.169997e-02	2.471677e+01	1.826523e+06	2.233997e+01	1.959519e+06	8.633288e+00	1.536297e+06	-9.867053e-02	0.000000e+00	1	6.232018e-03
2.552216e-01	2.855128e-02	3.923355e-02	1.021892e-03	2.489859e+01	1.700883e+06	1.441217e+01	1.945063e+06	2.380438e+01	1.781046e+06	-8.575585e-02	0.000000e+00	1	6.152405e-03
1.389175e-01	3.044633e-02	4.443329e-02	2.392912e-02	2.459161e+01	1.629282e+06	2.192525e+01	1.695070e+06	9.145192e+00	1.514529e+06	-8.178163e-02	0.000000e+00	1	6.136212e-03
1.333267e-01	3.058123e-02	4.439086e-02	2.661316e-02	2.472334e+01	1.571927e+06	2.169803e+01	1.700499e+06	8.887732e+00	1.485549e+06	-8.145219e-02	0.000000e+00	1	6.100926e-03
8.526850e-02	3.228064e-02	3.271581e-02	5.000000e-02	9.052443e+00	1.377675e+06	2.157876e+01	1.327283e+06	2.539336e+01	1.127347e+06	9.489386e-02	0.000000e+00	1	5.984136e-03
9.486293e-02	3.180548e-02	3.808249e-02	4.631678e-02	2.489000e+01	1.225363e+06	2.242030e+01	1.454417e+06	8.903913e+00	1.429139e+06	-9.609112e-02	0.000000e+00	1	5.935053e-03
1.689244e-01	2.981887e-02	4.456619e-02	1.431722e-02	2.521681e+01	1.788841e+06	2.237796e+01	1.922352e+06	9.269181e+00	1.398143e+06	-9.591864e-02	0.000000e+00	1	5.906742e-03
2.182636e-01	2.895802e-02	3.837941e-02	1.574546e-03	2.489664e+01	1.775239e+06	1.085441e+01	1.999879e+06	2.446815e+01	1.372856e+06	8.566011e-02	0.000000e+00	1	5.846760e-03
7.558714e-02	3.305958e-02	2.540563e-02	5.000000e-02	2.699920e+01	9.104992e+05	2.165872e+01	1.200249e+06	9.322526e+00	1.251082e+06	-5.184377e-02	0.000000e+00	1	5.842141e-03
2.785929e-01	2.835314e-02	3.973930e-02	5.606937e-04	2.545653e+01	1.660923e+06	1.418439e+01	1.984054e+06	2.570195e+01	1.950600e+06	9.512023e-02	0.000000e+00	1	5.838986e-03
8.334595e-02	3.241816e-02	2.959828e-02	5.000000e-02	2.697166e+01	1.134795e+06	2.200371e+01	1.249284e+06	9.330643e+00	1.174761e+06	-4.216701e-02	0.000000e+00	1	5.769337e-03
1.312106e-01	3.063681e-02	4.435314e-02	2.799140e-02	2.482718e+01	1.537967e+06	2.222849e+01	1.736804e+06	9.416080e+00	1.415190e+06	-8.959832e-02	0.000000e+00	1	5.707205e-03
7.887132e-02	3.272045e-02	2.868124e-02	5.000000e-02	2.697166e+01	1.004584e+06	2.175458e+01	1.274135e+06	8.984975e+00	1.173456e+06	-3.366796e-02	0.000000e+00	1	5.536174e-03
1.038700e-01	3.144538e-02	4.090383e-02	3.983982e-02	8.901922e+00	1.396685e+06	2.168928e+01	1.499094e+06	2.509564e+01	1.350682e+06	-3.110064e-03	0.000000e+00	1	5.520442e-03
