# This file contains the data of final feasible population (if found)
# of objectives = 2, # of constraints = 2, # of real_var = 3, # of bits of bin_var = 0, constr_violation, rank, crowding_distance
1.185901e-01	3.487523e-02	5.561916e-07	5.000000e-02	1.517700e+01	1.923731e+06	-9.973610e-02	0.000000e+00	1	1.000000e+14
1.633091e-01	3.306281e-02	1.736308e-04	3.462195e-02	2.535805e+01	2.000000e+06	-7.949992e-02	0.000000e+00	1	1.000000e+14
1.438134e-01	3.347168e-02	5.779159e-04	4.580478e-02	2.295879e+01	2.000000e+06	2.083532e-03	0.000000e+00	1	3.093439e-01
1.622258e-01	3.309763e-02	2.275229e-06	3.525366e-02	2.460939e+01	1.986145e+06	-8.684148e-02	0.000000e+00	1	2.063308e-01
1.351324e-01	3.380648e-02	1.434210e-06	5.000000e-02	1.883344e+01	1.947654e+06	-7.941597e-02	0.000000e+00	1	1.880482e-01
1.257928e-01	3.431589e-02	2.242208e-08	5.000000e-02	1.674663e+01	1.934105e+06	1.475003e-02	0.000000e+00	1	1.865855e-01
1.192641e-01	3.472596e-02	1.048795e-03	5.000000e-02	1.515100e+01	2.000000e+06	-4.911646e-02	0.000000e+00	1	1.131272e-01
1.622258e-01	3.309763e-02	2.275229e-06	3.525366e-02	2.471246e+01	1.986145e+06	-8.278045e-02	0.000000e+00	1	1.037673e-01
1.274736e-01	3.417358e-02	8.836124e-04	5.000000e-02	1.710385e+01	2.000000e+06	-3.988752e-02	0.000000e+00	1	1.021501e-01
1.274736e-01	3.417358e-02	8.836124e-04	5.000000e-02	1.681630e+01	2.000000e+06	-2.087488e-02	0.000000e+00	1	8.732778e-02
1.192641e-01	3.472596e-02	1.048795e-03	5.000000e-02	1.520230e+01	2.000000e+06	-4.733005e-02	0.000000e+00	1	7.299747e-02
1.394545e-01	3.360348e-02	6.505710e-04	4.886384e-02	2.130184e+01	2.000000e+06	-3.916184e-02	0.000000e+00	1	3.024460e-02
1.414830e-01	3.357926e-02	2.426607e-09	4.754403e-02	2.327536e+01	1.955234e+06	5.906238e-02	0.000000e+00	1	2.938236e-02
1.373666e-01	3.368452e-02	6.853707e-04	5.000000e-02	1.850578e+01	2.000000e+06	-5.143209e-02	0.000000e+00	1	6.742007e-03
1.378599e-01	3.368439e-02	2.040137e-04	5.000000e-02	2.103605e+01	1.965654e+06	5.709220e-02	0.000000e+00	1	6.695031e-03
1.388828e-01	3.363195e-02	4.933304e-04	4.931041e-02	2.130184e+01	1.987892e+06	-2.749099e-02	0.000000e+00	1	4.317104e-03
1.367085e-01	3.371928e-02	4.902733e-04	5.000000e-02	1.896441e+01	1.985038e+06	-9.836428e-02	0.000000e+00	1	4.199367e-03
1.429203e-01	3.351202e-02	3.611013e-04	4.645743e-02	2.283259e+01	1.983179e+06	4.302538e-02	0.000000e+00	1	4.182556e-03
1.366048e-01	3.372484e-02	4.590971e-04	5.000000e-02	1.910816e+01	1.982650e+06	-9.314030e-02	0.000000e+00	1	4.025825e-03
1.393412e-01	3.360908e-02	6.196552e-04	4.895165e-02	2.137875e+01	1.997618e+06	-8.008848e-02	0.000000e+00	1	4.019319e-03
1.419500e-01	3.355708e-02	1.190647e-04	4.718581e-02	2.252182e+01	1.964439e+06	1.080715e-02	0.000000e+00	1	3.894802e-03
1.188064e-01	3.481948e-02	3.916651e-04	5.000000e-02	1.460171e+01	1.952138e+06	-9.911415e-02	0.000000e+00	1	3.832590e-03
1.357247e-01	3.377301e-02	1.889654e-04	5.000000e-02	1.932161e+01	1.961978e+06	2.116455e-02	0.000000e+00	1	3.829714e-03
1.629060e-01	3.307553e-02	1.110631e-04	3.485275e-02	2.531504e+01	1.994929e+06	8.395166e-02	0.000000e+00	1	3.755599e-03
1.382462e-01	3.366435e-02	3.145386e-04	4.981809e-02	2.109322e+01	1.974143e+06	5.767709e-02	0.000000e+00	1	3.726590e-03
1.186487e-01	3.485900e-02	1.143582e-04	5.000000e-02	1.489532e+01	1.931991e+06	-5.018335e-02	0.000000e+00	1	3.654306e-03
1.623211e-01	3.309452e-02	1.758436e-05	3.519725e-02	2.454092e+01	1.987380e+06	-9.274171e-02	0.000000e+00	1	3.645006e-03
1.389770e-01	3.362722e-02	5.194701e-04	4.923618e-02	2.092146e+01	1.989903e+06	-6.119306e-02	0.000000e+00	1	3.639616e-03
1.624578e-01	3.309006e-02	3.951439e-05	3.511643e-02	2.545791e+01	1.989151e+06	-8.491017e-02	0.000000e+00	1	3.634139e-03
1.353915e-01	3.379172e-02	8.408413e-05	5.000000e-02	1.909437e+01	1.953964e+06	2.561903e-02	0.000000e+00	1	3.582891e-03
1.259491e-01	3.430159e-02	8.871663e-05	5.000000e-02	1.697115e+01	1.940702e+06	-5.180894e-02	0.000000e+00	1	3.534790e-03
1.424212e-01	3.353503e-02	2.374674e-04	4.682952e-02	2.315870e+01	1.973601e+06	4.864267e-02	0.000000e+00	1	3.501942e-03
1.392151e-01	3.361534e-02	5.850874e-04	4.904983e-02	2.123364e+01	1.994956e+06	-8.277709e-02	0.000000e+00	1	3.380935e-03
1.264920e-01	3.425378e-02	3.853058e-04	5.000000e-02	1.746202e+01	1.962790e+06	5.241757e-02	0.000000e+00	1	3.348241e-03
1.367666e-01	3.371618e-02	5.077155e-04	5.000000e-02	1.899005e+01	1.986375e+06	4.937908e-02	0.000000e+00	1	3.335268e-03
1.627972e-01	3.307905e-02	9.373464e-05	3.491662e-02	2.451624e+01	1.993529e+06	-9.027549e-02	0.000000e+00	1	3.314973e-03
1.187040e-01	3.484451e-02	2.159904e-04	5.000000e-02	1.519534e+01	1.939371e+06	-4.992910e-02	0.000000e+00	1	3.279545e-03
1.186222e-01	3.486622e-02	6.377009e-05	5.000000e-02	1.452569e+01	1.928318e+06	-9.108422e-02	0.000000e+00	1	3.268346e-03
1.273952e-01	3.417972e-02	8.453919e-04	5.000000e-02	1.698639e+01	1.997142e+06	-4.807371e-03	0.000000e+00	1	3.264126e-03
1.424885e-01	3.353191e-02	2.542501e-04	4.677901e-02	2.302364e+01	1.974901e+06	1.713341e-02	0.000000e+00	1	3.254371e-03
1.265511e-01	3.424873e-02	4.166584e-04	5.000000e-02	1.728140e+01	1.965128e+06	2.269543e-02	0.000000e+00	1	3.249161e-03
1.186782e-01	3.485118e-02	1.692199e-04	5.000000e-02	1.470598e+01	1.935974e+06	-9.744430e-02	0.000000e+00	1	3.248626e-03
1.422363e-01	3.354365e-02	1.912016e-04	4.696874e-02	2.339968e+01	1.970020e+06	2.460380e-02	0.000000e+00	1	3.236501e-03
1.189694e-01	3.478328e-02	6.458668e-04	5.000000e-02	1.512092e+01	1.970633e+06	-9.554487e-02	0.000000e+00	1	3.211547e-03
1.431974e-01	3.349939e-02	4.289583e-04	4.625319e-02	2.323552e+01	1.988440e+06	4.567888e-02	0.000000e+00	1	3.208646e-03
1.388047e-01	3.363589e-02	4.716311e-04	4.937203e-02	2.130184e+01	1.986222e+06	-2.846402e-02	0.000000e+00	1	3.179991e-03
1.353389e-01	3.379471e-02	6.737028e-05	5.000000e-02	1.875473e+01	1.952688e+06	-8.925304e-02	0.000000e+00	1	3.154907e-03
1.421246e-01	3.354887e-02	1.631400e-04	4.705318e-02	2.326326e+01	1.967848e+06	7.110322e-02	0.000000e+00	1	3.152150e-03
1.384310e-01	3.365487e-02	3.668561e-04	4.966954e-02	2.095390e+01	1.978164e+06	-9.854723e-02	0.000000e+00	1	3.123936e-03
1.264548e-01	3.425697e-02	3.655484e-04	5.000000e-02	1.656092e+01	1.961318e+06	-9.740567e-02	0.000000e+00	1	3.123891e-03
1.380112e-01	3.367650e-02	2.475095e-04	5.000000e-02	2.130184e+01	1.968994e+06	-4.123509e-02	0.000000e+00	1	3.067927e-03
1.433187e-01	3.349389e-02	4.585073e-04	4.616424e-02	2.337425e+01	1.990732e+06	-4.564662e-02	0.000000e+00	1	3.035736e-03
1.271534e-01	3.419895e-02	7.258701e-04	5.000000e-02	1.681135e+01	1.988208e+06	-4.891014e-02	0.000000e+00	1	3.032398e-03
1.360285e-01	3.375618e-02	2.833303e-04	5.000000e-02	1.916654e+01	1.969194e+06	6.764389e-02	0.000000e+00	1	3.026440e-03
1.187182e-01	3.484091e-02	2.412356e-04	5.000000e-02	1.492087e+01	1.941205e+06	-9.695297e-02	0.000000e+00	1	3.015337e-03
1.372814e-01	3.368897e-02	6.604109e-04	5.000000e-02	1.853841e+01	1.998085e+06	-5.388443e-02	0.000000e+00	1	2.987061e-03
1.189410e-01	3.478931e-02	6.035047e-04	5.000000e-02	1.527819e+01	1.967549e+06	-5.993585e-02	0.000000e+00	1	2.965561e-03
1.426856e-01	3.352280e-02	3.031976e-04	4.663170e-02	2.260398e+01	1.978692e+06	1.038482e-02	0.000000e+00	1	2.930153e-03
1.187415e-01	3.483510e-02	2.820188e-04	5.000000e-02	1.465291e+01	1.944168e+06	-5.013088e-02	0.000000e+00	1	2.905018e-03
1.268539e-01	3.422336e-02	5.742564e-04	5.000000e-02	1.650454e+01	1.976885e+06	-4.863340e-02	0.000000e+00	1	2.902684e-03
1.266329e-01	3.424181e-02	4.596519e-04	5.000000e-02	1.717866e+01	1.968334e+06	-6.438062e-02	0.000000e+00	1	2.852677e-03
1.392053e-01	3.361582e-02	5.824027e-04	4.905745e-02	2.122787e+01	1.994749e+06	-9.068650e-02	0.000000e+00	1	2.834281e-03
1.265856e-01	3.424580e-02	4.348492e-04	5.000000e-02	1.711383e+01	1.966484e+06	-1.849810e-02	0.000000e+00	1	2.824169e-03
1.425569e-01	3.352874e-02	2.712767e-04	4.672777e-02	2.347660e+01	1.976220e+06	5.084127e-02	0.000000e+00	1	2.812207e-03
1.420435e-01	3.355268e-02	1.426784e-04	4.711475e-02	2.326453e+01	1.966265e+06	4.622849e-02	0.000000e+00	1	2.809210e-03
1.418473e-01	3.356193e-02	9.301542e-05	4.726419e-02	2.327883e+01	1.962424e+06	-2.315805e-02	0.000000e+00	1	2.807259e-03
1.383411e-01	3.365947e-02	3.414605e-04	4.974165e-02	2.128249e+01	1.976212e+06	-5.065701e-02	0.000000e+00	1	2.804779e-03
1.365535e-01	3.372760e-02	4.436222e-04	5.000000e-02	1.932098e+01	1.981464e+06	-8.228217e-02	0.000000e+00	1	2.758404e-03
1.428177e-01	3.351672e-02	3.358243e-04	4.653351e-02	2.275378e+01	1.981220e+06	5.064225e-02	0.000000e+00	1	2.727569e-03
1.379652e-01	3.367889e-02	2.343122e-04	5.000000e-02	2.094896e+01	1.967980e+06	-7.098159e-02	0.000000e+00	1	2.726865e-03
1.435321e-01	3.348427e-02	5.102259e-04	4.600855e-02	2.274505e+01	1.994745e+06	-8.790477e-02	0.000000e+00	1	2.722806e-03
1.261725e-01	3.428158e-02	2.128176e-04	5.000000e-02	1.704721e+01	1.949939e+06	4.514850e-02	0.000000e+00	1	2.703770e-03
1.192371e-01	3.473086e-02	1.014306e-03	5.000000e-02	1.513420e+01	1.997484e+06	-1.689741e-02	0.000000e+00	1	2.697514e-03
1.379045e-01	3.368206e-02	2.168562e-04	5.000000e-02	2.094896e+01	1.966640e+06	-7.539308e-02	0.000000e+00	1	2.693384e-03
1.363404e-01	3.373913e-02	3.789470e-04	5.000000e-02	1.891477e+01	1.976512e+06	1.499899e-02	0.000000e+00	1	2.690630e-03
1.272285e-01	3.419294e-02	7.632598e-04	5.000000e-02	1.703792e+01	1.991002e+06	5.080656e-03	0.000000e+00	1	2.687737e-03
1.189214e-01	3.479353e-02	5.738193e-04	5.000000e-02	1.512453e+01	1.965389e+06	-9.310178e-02	0.000000e+00	1	2.671802e-03
1.391014e-01	3.362100e-02	5.538050e-04	4.913867e-02	2.077085e+01	1.992547e+06	-5.997833e-02	0.000000e+00	1	2.656465e-03
1.269613e-01	3.421453e-02	6.291053e-04	5.000000e-02	1.651626e+01	1.980980e+06	1.661868e-02	0.000000e+00	1	2.652040e-03
1.352740e-01	3.379840e-02	4.670696e-05	5.000000e-02	1.875473e+01	1.951110e+06	-7.919587e-02	0.000000e+00	1	2.630128e-03
1.263388e-01	3.426700e-02	3.033130e-04	5.000000e-02	1.685280e+01	1.956680e+06	-5.692845e-02	0.000000e+00	1	2.617982e-03
1.364642e-01	3.373242e-02	4.165749e-04	5.000000e-02	1.859889e+01	1.979393e+06	1.057514e-02	0.000000e+00	1	2.599036e-03
1.188429e-01	3.481100e-02	4.511474e-04	5.000000e-02	1.466940e+01	1.956464e+06	-9.967127e-02	0.000000e+00	1	2.582953e-03
1.433712e-01	3.349152e-02	4.712657e-04	4.612584e-02	2.334776e+01	1.991722e+06	5.658817e-02	0.000000e+00	1	2.575565e-03
1.264024e-01	3.426148e-02	3.375386e-04	5.000000e-02	1.697714e+01	1.959230e+06	2.331052e-02	0.000000e+00	1	2.575299e-03
1.423366e-01	3.353897e-02	2.163307e-04	4.689312e-02	2.336833e+01	1.971965e+06	-7.865656e-02	0.000000e+00	1	2.556538e-03
1.359319e-01	3.376151e-02	2.534323e-04	5.000000e-02	1.862327e+01	1.966907e+06	8.024941e-03	0.000000e+00	1	2.552133e-03
1.187806e-01	3.482559e-02	3.487323e-04	5.000000e-02	1.533137e+01	1.949017e+06	4.349814e-02	0.000000e+00	1	2.551666e-03
1.260198e-01	3.429521e-02	1.282910e-04	5.000000e-02	1.674663e+01	1.943647e+06	2.150794e-02	0.000000e+00	1	2.550295e-03
1.416769e-01	3.357001e-02	4.963148e-05	4.739472e-02	2.301354e+01	1.959070e+06	3.329384e-02	0.000000e+00	1	2.541407e-03
1.356693e-01	3.377610e-02	1.716213e-04	5.000000e-02	1.864629e+01	1.960652e+06	2.884948e-02	0.000000e+00	1	2.532092e-03
1.371558e-01	3.369556e-02	6.234247e-04	5.000000e-02	1.878407e+01	1.995247e+06	-1.131682e-02	0.000000e+00	1	2.531981e-03
1.351748e-01	3.380405e-02	1.501465e-05	5.000000e-02	1.905831e+01	1.948690e+06	8.952813e-03	0.000000e+00	1	2.529145e-03
1.269931e-01	3.421193e-02	6.452445e-04	5.000000e-02	1.733664e+01	1.982185e+06	-4.737661e-03	0.000000e+00	1	2.512054e-03
1.355222e-01	3.378435e-02	1.253855e-04	5.000000e-02	1.928725e+01	1.957119e+06	-7.587718e-02	0.000000e+00	1	2.511638e-03
1.186648e-01	3.485470e-02	1.445391e-04	5.000000e-02	1.506905e+01	1.934182e+06	-5.820188e-02	0.000000e+00	1	2.488190e-03
1.187547e-01	3.483186e-02	3.047508e-04	5.000000e-02	1.514977e+01	1.945820e+06	-5.851403e-02	0.000000e+00	1	2.483747e-03
1.191764e-01	3.474212e-02	9.351165e-04	5.000000e-02	1.523349e+01	1.991708e+06	-9.489519e-02	0.000000e+00	1	2.471428e-03
1.358135e-01	3.376807e-02	2.166702e-04	5.000000e-02	1.860304e+01	1.964096e+06	5.759496e-02	0.000000e+00	1	2.467254e-03
1.267829e-01	3.422924e-02	5.376894e-04	5.000000e-02	1.744370e+01	1.974156e+06	6.271146e-03	0.000000e+00	1	2.452752e-03
1.417630e-01	3.356592e-02	7.158359e-05	4.732867e-02	2.321112e+01	1.960767e+06	6.468354e-02	0.000000e+00	1	2.436241e-03
1.415472e-01	3.357619e-02	1.646615e-05	4.749450e-02	2.327536e+01	1.956506e+06	5.906238e-02	0.000000e+00	1	2.427680e-03
1.437263e-01	3.347557e-02	5.570274e-04	4.586766e-02	2.324617e+01	1.998378e+06	-9.852121e-02	0.000000e+00	1	2.427470e-03
1.387560e-01	3.363834e-02	4.580542e-04	4.941058e-02	2.097641e+01	1.985177e+06	-5.705600e-02	0.000000e+00	1	2.421004e-03
1.268057e-01	3.422734e-02	5.494838e-04	5.000000e-02	1.720889e+01	1.975036e+06	-4.786172e-02	0.000000e+00	1	2.418328e-03
1.372413e-01	3.369107e-02	6.486086e-04	5.000000e-02	1.901033e+01	1.997179e+06	-9.926351e-03	0.000000e+00	1	2.413425e-03
1.269146e-01	3.421836e-02	6.053020e-04	5.000000e-02	1.736141e+01	1.979203e+06	-9.321633e-02	0.000000e+00	1	2.373057e-03
1.430849e-01	3.350451e-02	4.014643e-04	4.633594e-02	2.312315e+01	1.986308e+06	5.845661e-02	0.000000e+00	1	2.344236e-03
1.432429e-01	3.349733e-02	4.400666e-04	4.621975e-02	2.272522e+01	1.989302e+06	-4.132646e-02	0.000000e+00	1	2.334142e-03
1.364989e-01	3.373055e-02	4.270911e-04	5.000000e-02	1.862111e+01	1.980198e+06	-9.066121e-02	0.000000e+00	1	2.329387e-03
1.188897e-01	3.480048e-02	5.250277e-04	5.000000e-02	1.502909e+01	1.961838e+06	-9.767735e-02	0.000000e+00	1	2.313973e-03
1.430849e-01	3.350451e-02	4.014643e-04	4.633594e-02	2.294212e+01	1.986308e+06	5.805180e-02	0.000000e+00	1	2.307701e-03
1.626055e-01	3.308526e-02	6.313921e-05	3.502937e-02	2.489756e+01	1.991058e+06	-9.723020e-02	0.000000e+00	1	2.306457e-03
1.261170e-01	3.428651e-02	1.822488e-04	5.000000e-02	1.716993e+01	1.947663e+06	1.406069e-02	0.000000e+00	1	2.300543e-03
1.385422e-01	3.364919e-02	3.981923e-04	4.958057e-02	2.068678e+01	1.980573e+06	-7.919051e-02	0.000000e+00	1	2.281145e-03
1.383568e-01	3.365867e-02	3.458993e-04	4.972905e-02	2.060739e+01	1.976553e+06	-8.713773e-02	0.000000e+00	1	2.274248e-03
1.262136e-01	3.427795e-02	2.353303e-04	5.000000e-02	1.720889e+01	1.951616e+06	-6.129069e-02	0.000000e+00	1	2.267470e-03
1.354727e-01	3.378714e-02	1.097633e-04	5.000000e-02	1.877907e+01	1.955926e+06	8.866313e-03	0.000000e+00	1	2.262088e-03
1.420082e-01	3.355434e-02	1.337878e-04	4.714151e-02	2.252656e+01	1.965578e+06	-8.058780e-02	0.000000e+00	1	2.257846e-03
1.263812e-01	3.426332e-02	3.261342e-04	5.000000e-02	1.736398e+01	1.958380e+06	-5.180894e-02	0.000000e+00	1	2.232994e-03
1.626666e-01	3.308328e-02	7.289983e-05	3.499340e-02	2.489464e+01	1.991846e+06	-7.742125e-02	0.000000e+00	1	2.229310e-03
1.192077e-01	3.473628e-02	9.762046e-04	5.000000e-02	1.537639e+01	1.994705e+06	-9.263680e-02	0.000000e+00	1	2.225458e-03
1.190584e-01	3.476503e-02	7.741130e-04	5.000000e-02	1.479703e+01	1.979973e+06	-9.012576e-02	0.000000e+00	1	2.219437e-03
1.381942e-01	3.366703e-02	2.997710e-04	4.986002e-02	2.098668e+01	1.973008e+06	-6.814019e-04	0.000000e+00	1	2.209599e-03
1.434277e-01	3.348897e-02	4.849543e-04	4.608463e-02	2.323552e+01	1.992784e+06	5.232760e-02	0.000000e+00	1	2.183684e-03
1.430014e-01	3.350831e-02	3.810194e-04	4.639748e-02	2.348995e+01	1.984723e+06	5.820132e-02	0.000000e+00	1	2.174682e-03
1.436981e-01	3.347683e-02	5.502308e-04	4.588812e-02	2.274505e+01	1.997850e+06	-9.810330e-02	0.000000e+00	1	2.171112e-03
1.258927e-01	3.430672e-02	5.689122e-05	5.000000e-02	1.679007e+01	1.938334e+06	1.578931e-02	0.000000e+00	1	2.162207e-03
1.629841e-01	3.307301e-02	1.234720e-04	3.480702e-02	2.466958e+01	1.995932e+06	-8.034452e-02	0.000000e+00	1	2.158843e-03
1.386096e-01	3.364576e-02	4.170982e-04	4.952688e-02	2.075760e+01	1.982027e+06	-7.047855e-02	0.000000e+00	1	2.150684e-03
1.436341e-01	3.347970e-02	5.348215e-04	4.593451e-02	2.286184e+01	1.996654e+06	-7.323712e-04	0.000000e+00	1	2.102188e-03
1.631113e-01	3.306917e-02	1.423227e-04	3.473735e-02	2.473791e+01	1.997469e+06	8.529556e-02	0.000000e+00	1	2.099842e-03
1.625520e-01	3.308700e-02	5.459336e-05	3.506087e-02	2.482810e+01	1.990368e+06	-7.901529e-02	0.000000e+00	1	2.098237e-03
1.417336e-01	3.356731e-02	6.410852e-05	4.735116e-02	2.299427e+01	1.960189e+06	1.304377e-02	0.000000e+00	1	2.090979e-03
1.258416e-01	3.431141e-02	2.784823e-05	5.000000e-02	1.746626e+01	1.936174e+06	-7.902120e-02	0.000000e+00	1	2.086719e-03
1.270784e-01	3.420500e-02	6.882754e-04	5.000000e-02	1.681871e+01	1.985399e+06	3.262161e-02	0.000000e+00	1	2.070977e-03
1.268911e-01	3.422028e-02	5.933359e-04	5.000000e-02	1.736699e+01	1.978309e+06	-5.788870e-02	0.000000e+00	1	2.057143e-03
1.259220e-01	3.430406e-02	7.341509e-05	5.000000e-02	1.692294e+01	1.939564e+06	1.396687e-02	0.000000e+00	1	2.046642e-03
1.438013e-01	3.347222e-02	5.750367e-04	4.581344e-02	2.322732e+01	1.999776e+06	5.632322e-02	0.000000e+00	1	2.044645e-03
1.418341e-01	3.356255e-02	8.966273e-05	4.727427e-02	2.289627e+01	1.962165e+06	1.535166e-02	0.000000e+00	1	2.043830e-03
1.369827e-01	3.370469e-02	5.721800e-04	5.000000e-02	1.924440e+01	1.991317e+06	-4.500126e-02	0.000000e+00	1	2.034290e-03
1.369392e-01	3.370699e-02	5.592535e-04	5.000000e-02	1.889661e+01	1.990326e+06	-9.825298e-02	0.000000e+00	1	2.033258e-03
1.423426e-01	3.353869e-02	2.178328e-04	4.688860e-02	2.252865e+01	1.972081e+06	-8.061886e-02	0.000000e+00	1	2.031536e-03
1.272938e-01	3.418774e-02	7.955489e-04	5.000000e-02	1.692902e+01	1.993415e+06	-3.556432e-02	0.000000e+00	1	2.023475e-03
1.187731e-01	3.482738e-02	3.361982e-04	5.000000e-02	1.512632e+01	1.948106e+06	4.349814e-02	0.000000e+00	1	2.018513e-03
1.266824e-01	3.423764e-02	4.855289e-04	5.000000e-02	1.698933e+01	1.970264e+06	1.499899e-02	0.000000e+00	1	2.014221e-03
1.363993e-01	3.373593e-02	3.968829e-04	5.000000e-02	1.917313e+01	1.977885e+06	-4.807371e-03	0.000000e+00	1	2.011695e-03
1.416127e-01	3.357306e-02	3.324324e-05	4.744403e-02	2.310867e+01	1.957803e+06	-7.913122e-02	0.000000e+00	1	1.991602e-03
1.358240e-01	3.376748e-02	2.199457e-04	5.000000e-02	1.899381e+01	1.964346e+06	1.571513e-02	0.000000e+00	1	1.990391e-03
1.261376e-01	3.428467e-02	1.936332e-04	5.000000e-02	1.679201e+01	1.948511e+06	6.271146e-03	0.000000e+00	1	1.980219e-03
1.272608e-01	3.419037e-02	7.792402e-04	5.000000e-02	1.723025e+01	1.992196e+06	-3.954468e-02	0.000000e+00	1	1.974431e-03
1.192013e-01	3.473748e-02	9.677884e-04	5.000000e-02	1.474990e+01	1.994091e+06	-6.548747e-02	0.000000e+00	1	1.961432e-03
1.370181e-01	3.370281e-02	5.826935e-04	5.000000e-02	1.904354e+01	1.992123e+06	-9.825298e-02	0.000000e+00	1	1.953605e-03
1.191620e-01	3.474485e-02	9.159730e-04	5.000000e-02	1.497690e+01	1.990313e+06	-8.984179e-02	0.000000e+00	1	1.936294e-03
1.188310e-01	3.481374e-02	4.319038e-04	5.000000e-02	1.547204e+01	1.955064e+06	-9.999126e-02	0.000000e+00	1	1.932409e-03
1.429933e-01	3.350868e-02	3.790362e-04	4.640345e-02	2.301450e+01	1.984569e+06	-8.290734e-02	0.000000e+00	1	1.929315e-03
1.622771e-01	3.309595e-02	1.052406e-05	3.522327e-02	2.486807e+01	1.986811e+06	-7.194779e-02	0.000000e+00	1	1.923296e-03
1.260542e-01	3.429212e-02	1.474513e-04	5.000000e-02	1.696960e+01	1.945073e+06	-6.908278e-02	0.000000e+00	1	1.923246e-03
1.386689e-01	3.364275e-02	4.337102e-04	4.947971e-02	2.108165e+01	1.983305e+06	-9.474245e-02	0.000000e+00	1	1.923044e-03
1.267339e-01	3.423332e-02	5.123429e-04	5.000000e-02	1.679306e+01	1.972265e+06	-5.549423e-02	0.000000e+00	1	1.907216e-03
1.625013e-01	3.308865e-02	4.647746e-05	3.509077e-02	2.460939e+01	1.989713e+06	-8.612325e-02	0.000000e+00	1	1.898132e-03
1.630419e-01	3.307141e-02	1.313087e-04	3.477794e-02	2.484658e+01	1.996579e+06	-9.789933e-02	0.000000e+00	1	1.889878e-03
1.358929e-01	3.376367e-02	2.413398e-04	5.000000e-02	1.852439e+01	1.965982e+06	5.997295e-02	0.000000e+00	1	1.886435e-03
1.368372e-01	3.371241e-02	5.288325e-04	5.000000e-02	1.909728e+01	1.987994e+06	3.659984e-02	0.000000e+00	1	1.881748e-03
1.381374e-01	3.366996e-02	2.835676e-04	4.990602e-02	2.064290e+01	1.971763e+06	5.516862e-02	0.000000e+00	1	1.875794e-03
1.186110e-01	3.486932e-02	4.199848e-05	5.000000e-02	1.502341e+01	1.926738e+06	-9.210372e-02	0.000000e+00	1	1.864979e-03
1.258625e-01	3.430948e-02	3.976064e-05	5.000000e-02	1.692409e+01	1.937060e+06	1.672985e-02	0.000000e+00	1	1.864375e-03
1.371118e-01	3.369787e-02	6.104333e-04	5.000000e-02	1.860445e+01	1.994250e+06	-8.794005e-02	0.000000e+00	1	1.861152e-03
1.190459e-01	3.476752e-02	7.565529e-04	5.000000e-02	1.527411e+01	1.978694e+06	-4.361161e-02	0.000000e+00	1	1.834527e-03
1.190794e-01	3.476084e-02	8.035529e-04	5.000000e-02	1.514551e+01	1.982118e+06	-9.949110e-02	0.000000e+00	1	1.821333e-03
1.190860e-01	3.475954e-02	8.126507e-04	5.000000e-02	1.543506e+01	1.982781e+06	-9.984204e-02	0.000000e+00	1	1.810303e-03
1.258054e-01	3.431473e-02	7.217922e-06	5.000000e-02	1.746626e+01	1.934640e+06	-8.531319e-02	0.000000e+00	1	1.783256e-03
1.352262e-01	3.380111e-02	3.147958e-05	5.000000e-02	1.879611e+01	1.949947e+06	6.871615e-02	0.000000e+00	1	1.783120e-03
1.362488e-01	3.374411e-02	3.509952e-04	5.000000e-02	1.908071e+01	1.974372e+06	-7.891329e-02	0.000000e+00	1	1.772920e-03
1.191071e-01	3.475540e-02	8.417876e-04	5.000000e-02	1.500517e+01	1.984905e+06	-5.852861e-02	0.000000e+00	1	1.771772e-03
1.267271e-01	3.423389e-02	5.087966e-04	5.000000e-02	1.698933e+01	1.972000e+06	4.871495e-03	0.000000e+00	1	1.767536e-03
1.387084e-01	3.364075e-02	4.447490e-04	4.944837e-02	2.126569e+01	1.984154e+06	6.077591e-02	0.000000e+00	1	1.761335e-03
1.189974e-01	3.477744e-02	6.868846e-04	5.000000e-02	1.503429e+01	1.973620e+06	-9.809318e-02	0.000000e+00	1	1.737453e-03
1.362840e-01	3.374219e-02	3.617585e-04	5.000000e-02	1.877600e+01	1.975196e+06	-9.044444e-02	0.000000e+00	1	1.709726e-03
1.266684e-01	3.423882e-02	4.782307e-04	5.000000e-02	1.675978e+01	1.969720e+06	3.594644e-02	0.000000e+00	1	1.703184e-03
1.385835e-01	3.364709e-02	4.097824e-04	4.954766e-02	2.078251e+01	1.981464e+06	-8.240245e-02	0.000000e+00	1	1.698003e-03
1.360948e-01	3.375254e-02	3.037479e-04	5.000000e-02	1.890122e+01	1.970756e+06	6.764389e-02	0.000000e+00	1	1.679065e-03
1.368958e-01	3.370930e-02	5.463152e-04	5.000000e-02	1.930881e+01	1.989334e+06	-9.064371e-02	0.000000e+00	1	1.670237e-03
1.390571e-01	3.362321e-02	5.415996e-04	4.917333e-02	2.129901e+01	1.991607e+06	-7.993432e-02	0.000000e+00	1	1.659149e-03
1.427481e-01	3.351992e-02	3.186401e-04	4.658523e-02	2.336045e+01	1.979889e+06	5.693009e-02	0.000000e+00	1	1.652867e-03
1.380855e-01	3.367265e-02	2.687629e-04	4.994805e-02	2.142095e+01	1.970626e+06	-6.786327e-02	0.000000e+00	1	1.642720e-03
1.426059e-01	3.352647e-02	2.834431e-04	4.669116e-02	2.323552e+01	1.977162e+06	4.773346e-02	0.000000e+00	1	1.638866e-03
1.627412e-01	3.308086e-02	8.479976e-05	3.494955e-02	2.501705e+01	1.992807e+06	7.192490e-02	0.000000e+00	1	1.628462e-03
1.434703e-01	3.348706e-02	4.952700e-04	4.605358e-02	2.312212e+01	1.993584e+06	-7.748061e-02	0.000000e+00	1	1.614345e-03
1.188717e-01	3.480449e-02	4.968664e-04	5.000000e-02	1.511064e+01	1.959789e+06	-2.540248e-02	0.000000e+00	1	1.613710e-03
1.361315e-01	3.375052e-02	3.150301e-04	5.000000e-02	1.867287e+01	1.971619e+06	2.773777e-03	0.000000e+00	1	1.608653e-03
1.273219e-01	3.418551e-02	8.094246e-04	5.000000e-02	1.724465e+01	1.994452e+06	-3.325101e-02	0.000000e+00	1	1.595674e-03
1.271374e-01	3.420024e-02	7.178872e-04	5.000000e-02	1.719937e+01	1.987611e+06	5.991745e-02	0.000000e+00	1	1.594192e-03
1.380855e-01	3.367265e-02	2.687629e-04	4.994805e-02	2.053434e+01	1.970626e+06	-7.362057e-02	0.000000e+00	1	1.570812e-03
1.384803e-01	3.365235e-02	3.807657e-04	4.963005e-02	2.065445e+01	1.979233e+06	5.380786e-02	0.000000e+00	1	1.570170e-03
1.270359e-01	3.420844e-02	6.668906e-04	5.000000e-02	1.653218e+01	1.983802e+06	3.659984e-02	0.000000e+00	1	1.564377e-03
1.384931e-01	3.365169e-02	3.843692e-04	4.961982e-02	2.101506e+01	1.979510e+06	-9.855861e-02	0.000000e+00	1	1.563598e-03
1.260733e-01	3.429041e-02	1.580746e-04	5.000000e-02	1.705458e+01	1.945863e+06	-9.791012e-02	0.000000e+00	1	1.563485e-03
1.416290e-01	3.357229e-02	3.741330e-05	4.743148e-02	2.314895e+01	1.958125e+06	-7.008396e-02	0.000000e+00	1	1.559383e-03
1.188669e-01	3.480556e-02	4.893422e-04	5.000000e-02	1.538466e+01	1.959242e+06	-6.171332e-02	0.000000e+00	1	1.554127e-03
