# This file contains the data of initial population
# of objectives = 2, # of constraints = 2, # of real_var = 3, # of bits of bin_var = 48, constr_violation, rank, crowding_distance
# of objectives = 2, # of constraints = 2, # of real_var = 3, # of bits of bin_var = 0, constr_violation, rank, crowding_distance
1.737191e-01	3.836148e-02	-2.110113e-02	5.000000e-02	2.385436e+01	4.817244e+05	2.301082e-02	-2.110113e-02	104	1.000000e+14
2.034525e-01	3.896842e-02	-2.424187e-02	5.000000e-02	1.304159e+01	1.374789e+05	-7.339778e-02	-2.424187e-02	132	1.000000e+14
1.946901e-01	3.883864e-02	-2.385021e-02	5.000000e-02	1.848748e+01	2.263240e+05	-8.735080e-02	-2.385021e-02	126	1.000000e+14
2.095576e-01	3.910685e-02	-2.602287e-02	5.000000e-02	1.823081e+00	6.270432e+05	7.300227e-02	-2.602287e-02	179	1.000000e+14
2.176183e-01	3.890458e-02	-2.592389e-02	4.574506e-02	7.009054e+00	9.548787e+05	-6.726239e-02	-2.592389e-02	169	1.000000e+14
2.119585e-01	3.900840e-02	-2.602062e-02	5.000000e-02	4.071312e+00	6.408363e+05	3.311603e-02	-2.602062e-02	178	1.000000e+14
1.884820e-01	3.621395e-02	1.160779e-03	5.000000e-02	1.706462e+01	1.586001e+06	-2.986070e-03	0.000000e+00	1	1.194654e-01
1.626053e-01	3.703853e-02	-6.849146e-03	5.000000e-02	1.382301e+01	1.997265e+06	-8.370807e-02	-6.849146e-03	30	1.000000e+14
1.902528e-01	3.644129e-02	-1.562194e-03	5.000000e-02	2.258397e+01	1.289535e+06	-7.527044e-03	-1.562194e-03	8	1.000000e+14
1.910590e-01	3.861636e-02	-2.221172e-02	5.000000e-02	3.246677e+00	1.919920e+06	-6.650556e-02	-2.221172e-02	112	1.000000e+14
2.379353e-01	3.873750e-02	-2.578881e-02	3.254843e-02	1.032787e+01	1.432212e+06	2.531079e-02	-2.578881e-02	158	1.000000e+14
1.844974e-01	3.844549e-02	-2.051733e-02	5.000000e-02	5.251249e+00	1.674256e+06	4.600454e-02	-2.051733e-02	102	1.000000e+14
1.999943e-01	3.893418e-02	-2.431927e-02	5.000000e-02	1.562393e+01	1.868738e+05	-3.452477e-02	-2.431927e-02	133	1.000000e+14
1.717010e-01	3.787847e-02	-1.237758e-02	5.000000e-02	1.342869e+01	9.786856e+05	-3.376794e-02	-1.237758e-02	59	1.000000e+14
1.628201e-01	3.809067e-02	-1.892821e-02	5.000000e-02	2.163033e+01	6.951578e+05	-3.367478e-02	-1.892821e-02	90	1.000000e+14
1.863913e-01	3.711390e-02	-5.899018e-03	5.000000e-02	2.871033e+01	8.045858e+05	9.040987e-02	-5.899018e-03	25	1.000000e+14
1.670106e-01	3.713062e-02	-1.344442e-02	5.000000e-02	2.797770e+01	1.306621e+06	-4.607291e-02	-1.344442e-02	64	1.000000e+14
1.796282e-01	3.803481e-02	-1.169001e-02	5.000000e-02	1.546506e+01	6.377352e+05	8.659397e-02	-1.169001e-02	56	1.000000e+14
2.093738e-01	3.906186e-02	-2.582697e-02	5.000000e-02	1.655065e+00	1.228616e+06	-4.416596e-03	-2.582697e-02	164	1.000000e+14
1.710775e-01	3.823516e-02	-1.926216e-02	5.000000e-02	1.809062e+01	6.774334e+05	3.225428e-02	-1.926216e-02	92	1.000000e+14
1.607332e-01	3.741098e-02	-1.080165e-02	5.000000e-02	1.559094e+01	1.571572e+06	3.246411e-02	-1.080165e-02	54	1.000000e+14
1.640495e-01	3.667729e-02	-7.186825e-03	5.000000e-02	1.765345e+01	1.964723e+06	-6.009661e-02	-7.186825e-03	33	1.000000e+14
1.909487e-01	3.838417e-02	-1.230172e-02	5.000000e-02	2.723411e+01	2.916266e+05	-4.603873e-02	-1.230172e-02	57	1.000000e+14
1.790646e-01	3.752567e-02	-6.350768e-03	5.000000e-02	2.260023e+01	7.367375e+05	5.906634e-02	-6.350768e-03	28	1.000000e+14
1.624835e-01	3.749252e-02	-1.573043e-02	5.000000e-02	2.781199e+01	1.046730e+06	-9.630901e-02	-1.573043e-02	75	1.000000e+14
2.104464e-01	3.912391e-02	-2.618486e-02	5.000000e-02	3.938110e+00	1.313253e+05	-9.701151e-02	-2.618486e-02	182	1.000000e+14
2.051744e-01	3.905607e-02	-2.555956e-02	5.000000e-02	2.192890e+01	6.091878e+04	9.688955e-02	-2.555956e-02	149	1.000000e+14
1.780592e-01	3.679427e-02	-1.757467e-03	5.000000e-02	1.715606e+01	1.242487e+06	1.240158e-03	-1.757467e-03	9	1.000000e+14
2.667265e-01	3.502571e-02	2.057772e-03	5.000000e-02	2.673693e+01	1.860641e+06	9.284668e-02	0.000000e+00	1	4.262029e-01
1.579093e-01	3.678133e-02	-9.450897e-03	5.000000e-02	1.959779e+01	1.709534e+06	6.101158e-03	-9.450897e-03	45	1.000000e+14
1.634386e-01	3.655525e-02	-7.828152e-03	5.000000e-02	2.038982e+01	1.895247e+06	-8.848605e-02	-7.828152e-03	37	1.000000e+14
1.941614e-01	3.859383e-02	-1.775752e-02	5.000000e-02	2.282846e+01	2.419480e+05	7.165720e-03	-1.775752e-02	87	1.000000e+14
1.758529e-01	3.668329e-02	-1.044038e-02	5.000000e-02	2.581834e+01	1.648428e+06	-3.736577e-02	-1.044038e-02	50	1.000000e+14
1.658117e-01	3.805228e-02	-1.919615e-02	5.000000e-02	2.577222e+01	6.732606e+05	8.742138e-02	-1.919615e-02	91	1.000000e+14
2.244145e-01	3.883030e-02	-2.583571e-02	4.216703e-02	7.048797e+00	1.245703e+06	-4.296246e-02	-2.583571e-02	167	1.000000e+14
2.318264e-01	3.582518e-02	-1.486142e-03	5.000000e-02	3.030900e+01	1.395249e+06	-1.464618e-02	-1.486142e-03	7	1.000000e+14
2.222618e-01	3.886163e-02	-2.581568e-02	4.456831e-02	3.815135e+00	1.300150e+06	7.559763e-02	-2.581568e-02	161	1.000000e+14
2.096401e-01	3.584805e-02	1.036109e-03	5.000000e-02	2.259284e+01	1.616422e+06	-9.284134e-02	0.000000e+00	2	4.988238e-01
1.836309e-01	3.642955e-02	7.663638e-05	5.000000e-02	1.721461e+01	1.456432e+06	9.163537e-02	0.000000e+00	2	1.000000e+14
1.728274e-01	3.816790e-02	-1.732790e-02	5.000000e-02	1.390326e+01	8.930654e+05	-2.021491e-02	-1.732790e-02	82	1.000000e+14
2.099682e-01	3.902935e-02	-2.568535e-02	5.000000e-02	1.683477e+00	1.665284e+06	-5.859520e-03	-2.568535e-02	152	1.000000e+14
2.010788e-01	3.881790e-02	-2.442662e-02	5.000000e-02	1.216469e+01	8.625237e+05	2.004184e-02	-2.442662e-02	134	1.000000e+14
2.017898e-01	3.897704e-02	-2.521419e-02	5.000000e-02	8.503602e+00	4.763546e+05	-8.539931e-02	-2.521419e-02	145	1.000000e+14
1.661498e-01	3.750874e-02	-8.273408e-03	5.000000e-02	1.331176e+01	1.277787e+06	5.572977e-02	-8.273408e-03	40	1.000000e+14
1.780999e-01	3.750566e-02	-6.117040e-03	5.000000e-02	1.911377e+01	7.607691e+05	-7.870808e-02	-6.117040e-03	26	1.000000e+14
2.382235e-01	3.545763e-02	4.942320e-04	5.000000e-02	2.656322e+01	1.626065e+06	-5.918497e-03	0.000000e+00	2	1.000000e+14
1.912695e-01	3.871207e-02	-2.216898e-02	5.000000e-02	1.052232e+01	4.042084e+05	-9.878869e-02	-2.216898e-02	111	1.000000e+14
2.151517e-01	3.894020e-02	-2.596658e-02	4.746211e-02	6.694534e+00	8.164683e+05	-7.368394e-02	-2.596658e-02	173	1.000000e+14
1.920463e-01	3.880060e-02	-2.376025e-02	5.000000e-02	1.970635e+01	2.299629e+05	1.737347e-02	-2.376025e-02	125	1.000000e+14
2.084228e-01	3.862826e-02	-2.341418e-02	5.000000e-02	1.166376e+01	1.379424e+06	8.712388e-02	-2.341418e-02	121	1.000000e+14
1.581672e-01	3.760928e-02	-1.445119e-02	5.000000e-02	1.831473e+01	1.172073e+06	-5.196646e-02	-1.445119e-02	67	1.000000e+14
1.647619e-01	3.736569e-02	-6.674301e-03	5.000000e-02	1.346047e+01	1.395473e+06	-6.830839e-02	-6.674301e-03	29	1.000000e+14
1.755949e-01	3.842231e-02	-2.110608e-02	5.000000e-02	1.993503e+01	4.849334e+05	-6.425438e-02	-2.110608e-02	105	1.000000e+14
1.840538e-01	3.840644e-02	-2.019900e-02	5.000000e-02	4.745778e+00	1.769184e+06	9.127231e-02	-2.019900e-02	97	1.000000e+14
2.130575e-01	3.606756e-02	-2.076756e-03	5.000000e-02	2.854990e+01	1.288037e+06	3.885870e-02	-2.076756e-03	11	1.000000e+14
2.346558e-01	3.875971e-02	-2.581129e-02	3.392501e-02	9.937585e+00	1.353261e+06	-1.352744e-02	-2.581129e-02	160	1.000000e+14
1.959092e-01	3.883435e-02	-2.336762e-02	5.000000e-02	1.365018e+01	2.826975e+05	2.283690e-02	-2.336762e-02	119	1.000000e+14
1.580185e-01	3.755173e-02	-1.584257e-02	5.000000e-02	2.352218e+01	1.021827e+06	6.807714e-02	-1.584257e-02	77	1.000000e+14
1.722104e-01	3.714372e-02	-2.161602e-03	5.000000e-02	1.451634e+01	1.184949e+06	-8.624964e-02	-2.161602e-03	12	1.000000e+14
1.698801e-01	3.830972e-02	-2.043860e-02	5.000000e-02	2.153485e+01	5.456076e+05	9.788037e-02	-2.043860e-02	100	1.000000e+14
2.012597e-01	3.880437e-02	-1.771224e-02	5.000000e-02	3.198713e+01	1.188984e+05	9.043438e-02	-1.771224e-02	85	1.000000e+14
1.808758e-01	3.658396e-02	-6.998625e-04	5.000000e-02	1.688940e+01	1.365064e+06	6.990537e-02	-6.998625e-04	6	1.000000e+14
1.999984e-01	3.610469e-02	-8.565617e-05	5.000000e-02	2.256386e+01	1.472733e+06	-1.756679e-02	-8.565617e-05	5	1.000000e+14
1.917168e-01	3.877494e-02	-2.336829e-02	5.000000e-02	1.762563e+01	2.728035e+05	-9.239106e-02	-2.336829e-02	120	1.000000e+14
2.010779e-01	3.881828e-02	-1.988982e-02	5.000000e-02	2.887214e+01	1.215110e+05	-2.162559e-02	-1.988982e-02	94	1.000000e+14
1.835167e-01	3.621809e-02	3.169874e-03	5.000000e-02	1.517235e+01	1.794642e+06	-4.176108e-02	0.000000e+00	1	9.921401e-02
1.970383e-01	3.882434e-02	-2.403284e-02	5.000000e-02	6.190001e+00	1.045014e+06	3.623110e-03	-2.403284e-02	129	1.000000e+14
1.578099e-01	3.789200e-02	-1.755535e-02	5.000000e-02	2.212891e+01	8.338167e+05	8.924352e-02	-1.755535e-02	83	1.000000e+14
1.600692e-01	3.775647e-02	-1.558738e-02	5.000000e-02	1.832760e+01	1.053175e+06	-4.240085e-02	-1.558738e-02	74	1.000000e+14
2.082849e-01	3.906894e-02	-2.462690e-02	5.000000e-02	2.857106e+01	3.040946e+04	-3.821376e-02	-2.462690e-02	138	1.000000e+14
1.943748e-01	3.664995e-02	-4.190727e-03	5.000000e-02	2.937116e+01	1.012201e+06	5.331241e-02	-4.190727e-03	18	1.000000e+14
1.952120e-01	3.610331e-02	2.075674e-04	5.000000e-02	1.912015e+01	1.496380e+06	8.366337e-02	0.000000e+00	2	5.373610e-01
1.839221e-01	3.785617e-02	-8.543672e-03	5.000000e-02	2.666648e+01	5.042924e+05	-5.257582e-02	-8.543672e-03	41	1.000000e+14
1.772982e-01	3.814071e-02	-1.526366e-02	5.000000e-02	1.312064e+01	7.708720e+05	-4.701132e-02	-1.526366e-02	73	1.000000e+14
1.654279e-01	3.721280e-02	-1.396328e-02	5.000000e-02	2.845246e+01	1.246466e+06	8.652137e-02	-1.396328e-02	65	1.000000e+14
1.687174e-01	3.795075e-02	-1.506474e-02	5.000000e-02	1.059802e+01	1.129391e+06	-4.371382e-02	-1.506474e-02	71	1.000000e+14
1.839273e-01	3.757276e-02	-7.606453e-03	5.000000e-02	2.919214e+01	6.089574e+05	-6.412747e-02	-7.606453e-03	35	1.000000e+14
2.289068e-01	3.533796e-02	3.487179e-03	5.000000e-02	2.106351e+01	1.927745e+06	-8.515940e-02	0.000000e+00	1	1.685400e-01
1.811638e-01	3.847678e-02	-2.031406e-02	5.000000e-02	1.629802e+01	5.857743e+05	-2.646978e-02	-2.031406e-02	99	1.000000e+14
2.213785e-01	3.576796e-02	-1.845938e-05	5.000000e-02	2.469551e+01	1.528430e+06	6.390123e-02	-1.845938e-05	4	1.000000e+14
1.623209e-01	3.760512e-02	-1.644216e-02	5.000000e-02	2.789738e+01	9.684402e+05	-6.499097e-02	-1.644216e-02	79	1.000000e+14
1.956103e-01	3.868391e-02	-2.309243e-02	5.000000e-02	5.504993e+00	1.501932e+06	5.462027e-02	-2.309243e-02	117	1.000000e+14
2.088419e-01	3.910882e-02	-2.594152e-02	5.000000e-02	1.419675e+00	8.750446e+05	-8.146954e-03	-2.594152e-02	171	1.000000e+14
2.003771e-01	3.894275e-02	-2.482339e-02	5.000000e-02	5.574326e+00	6.652502e+05	-9.804726e-02	-2.482339e-02	141	1.000000e+14
2.023380e-01	3.899181e-02	-2.529884e-02	5.000000e-02	8.997866e+00	4.360566e+05	-3.224942e-02	-2.529884e-02	147	1.000000e+14
2.093276e-01	3.908595e-02	-2.593189e-02	5.000000e-02	2.065399e+00	9.060715e+05	7.440291e-02	-2.593189e-02	170	1.000000e+14
2.035438e-01	3.902118e-02	-2.524196e-02	5.000000e-02	3.029577e+00	4.674004e+05	8.406893e-02	-2.524196e-02	146	1.000000e+14
1.993075e-01	3.893759e-02	-2.449651e-02	5.000000e-02	4.875558e+00	5.019792e+05	-2.114994e-03	-2.449651e-02	136	1.000000e+14
2.108498e-01	3.915068e-02	-2.621369e-02	5.000000e-02	2.473783e+00	4.376064e+04	1.830338e-02	-2.621369e-02	183	1.000000e+14
1.914642e-01	3.592894e-02	4.842992e-03	5.000000e-02	1.461515e+01	1.994449e+06	-7.095690e-02	0.000000e+00	1	1.948057e-01
1.634537e-01	3.713723e-02	-4.107119e-03	5.000000e-02	1.310329e+01	1.585762e+06	-8.208760e-02	-4.107119e-03	17	1.000000e+14
1.998387e-01	3.894111e-02	-2.464555e-02	5.000000e-02	2.809262e+00	7.513445e+05	-9.861046e-02	-2.464555e-02	139	1.000000e+14
1.686628e-01	3.827519e-02	-2.020069e-02	5.000000e-02	2.169359e+01	5.689606e+05	7.964782e-02	-2.020069e-02	98	1.000000e+14
1.695586e-01	3.702446e-02	-1.277437e-02	5.000000e-02	2.755392e+01	1.385362e+06	-5.680787e-02	-1.277437e-02	62	1.000000e+14
1.599964e-01	3.798540e-02	-1.820108e-02	5.000000e-02	2.194743e+01	7.682681e+05	-8.913107e-02	-1.820108e-02	89	1.000000e+14
1.724150e-01	3.791579e-02	-1.278954e-02	5.000000e-02	1.328283e+01	9.488951e+05	-9.466767e-02	-1.278954e-02	63	1.000000e+14
1.616694e-01	3.758730e-02	-1.239321e-02	5.000000e-02	1.561973e+01	1.402740e+06	8.569052e-02	-1.239321e-02	60	1.000000e+14
1.991072e-01	3.632925e-02	-2.217283e-03	5.000000e-02	2.478155e+01	1.237999e+06	6.060468e-02	-2.217283e-03	13	1.000000e+14
1.618498e-01	3.760842e-02	-1.258334e-02	5.000000e-02	1.579409e+01	1.382678e+06	-8.290337e-02	-1.258334e-02	61	1.000000e+14
2.130281e-01	3.898376e-02	-2.598591e-02	4.979391e-02	3.695731e+00	7.505870e+05	5.323072e-02	-2.598591e-02	176	1.000000e+14
2.042112e-01	3.903180e-02	-2.557226e-02	5.000000e-02	1.172609e+01	3.060840e+05	1.220522e-02	-2.557226e-02	150	1.000000e+14
2.317875e-01	3.878043e-02	-2.583236e-02	3.520927e-02	1.002041e+01	1.279888e+06	5.876061e-02	-2.583236e-02	166	1.000000e+14
2.054304e-01	3.580000e-02	1.566783e-03	5.000000e-02	1.905044e+01	1.667789e+06	-4.311835e-02	0.000000e+00	1	1.314529e-01
2.315823e-01	3.528875e-02	3.703937e-03	5.000000e-02	2.078257e+01	1.957176e+06	6.907059e-02	0.000000e+00	1	2.538169e-01
1.797270e-01	3.690555e-02	-3.403915e-03	5.000000e-02	1.940985e+01	1.064660e+06	9.837841e-02	-3.403915e-03	15	1.000000e+14
2.059465e-01	3.866988e-02	-2.363608e-02	5.000000e-02	1.209401e+01	1.263980e+06	3.728033e-02	-2.363608e-02	123	1.000000e+14
1.793217e-01	3.770935e-02	-7.039560e-03	5.000000e-02	1.867970e+01	6.610824e+05	1.206751e-03	-7.039560e-03	32	1.000000e+14
2.055637e-01	3.867717e-02	-2.367500e-02	5.000000e-02	1.191942e+01	1.243862e+06	-2.418762e-02	-2.367500e-02	124	1.000000e+14
1.965730e-01	3.888532e-02	-2.397150e-02	5.000000e-02	8.358990e+00	4.637097e+05	5.971621e-02	-2.397150e-02	127	1.000000e+14
1.666337e-01	3.788226e-02	-1.470718e-02	5.000000e-02	1.397100e+01	1.163738e+06	-1.506489e-02	-1.470718e-02	69	1.000000e+14
2.109781e-01	3.915358e-02	-2.622097e-02	5.000000e-02	2.684286e+01	1.440847e+02	-4.798165e-02	-2.622097e-02	185	1.000000e+14
1.846461e-01	3.662230e-02	-1.023948e-02	5.000000e-02	2.821768e+01	1.694656e+06	2.441893e-02	-1.023948e-02	49	1.000000e+14
1.941491e-01	3.881733e-02	-2.352938e-02	5.000000e-02	5.445200e+00	7.844840e+05	3.929468e-02	-2.352938e-02	122	1.000000e+14
2.258415e-01	3.567897e-02	3.273592e-04	5.000000e-02	2.469114e+01	1.576092e+06	-8.730225e-03	0.000000e+00	2	4.626390e-01
2.016194e-01	3.898527e-02	-2.487900e-02	5.000000e-02	5.372954e+00	3.906730e+05	1.524264e-02	-2.487900e-02	142	1.000000e+14
2.027222e-01	3.900112e-02	-2.521225e-02	5.000000e-02	5.501690e+00	4.798755e+05	-7.349131e-02	-2.521225e-02	144	1.000000e+14
1.862477e-01	3.862680e-02	-2.178370e-02	5.000000e-02	8.435097e+00	9.189685e+05	-4.261958e-02	-2.178370e-02	107	1.000000e+14
1.551356e-01	3.688224e-02	-1.053795e-02	5.000000e-02	2.172473e+01	1.586849e+06	-3.170439e-02	-1.053795e-02	51	1.000000e+14
1.918691e-01	3.853123e-02	-1.756480e-02	5.000000e-02	1.688322e+01	3.059399e+05	-3.981313e-02	-1.756480e-02	84	1.000000e+14
1.617981e-01	3.744900e-02	-1.069423e-02	5.000000e-02	1.380273e+01	1.585231e+06	-6.565832e-02	-1.069423e-02	52	1.000000e+14
1.741625e-01	3.762746e-02	-6.295592e-03	5.000000e-02	1.460524e+01	8.833046e+05	1.758697e-02	-6.295592e-03	27	1.000000e+14
1.800583e-01	3.850775e-02	-2.214818e-02	5.000000e-02	2.809142e+01	3.810845e+05	-2.219919e-02	-2.214818e-02	109	1.000000e+14
1.785974e-01	3.797388e-02	-1.088682e-02	5.000000e-02	1.503689e+01	6.739870e+05	-1.686423e-02	-1.088682e-02	55	1.000000e+14
1.889138e-01	3.870285e-02	-2.242898e-02	5.000000e-02	7.592319e+00	7.841044e+05	1.077164e-02	-2.242898e-02	115	1.000000e+14
1.620627e-01	3.733720e-02	-9.232562e-03	5.000000e-02	1.124460e+01	1.742114e+06	-5.617367e-02	-9.232562e-03	43	1.000000e+14
1.568935e-01	3.679370e-02	-9.919571e-03	5.000000e-02	2.219469e+01	1.657013e+06	-9.248323e-02	-9.919571e-03	48	1.000000e+14
2.382319e-01	3.873890e-02	-2.564764e-02	3.931819e-02	3.616921e+00	1.861841e+06	-2.288204e-02	-2.564764e-02	151	1.000000e+14
1.609433e-01	3.794509e-02	-1.773994e-02	5.000000e-02	2.039991e+01	8.203215e+05	9.715938e-02	-1.773994e-02	86	1.000000e+14
1.757219e-01	3.807289e-02	-1.451927e-02	5.000000e-02	1.315164e+01	8.242744e+05	-2.276503e-02	-1.451927e-02	68	1.000000e+14
1.555082e-01	3.777530e-02	-1.674761e-02	5.000000e-02	2.231087e+01	9.166483e+05	-6.614166e-02	-1.674761e-02	81	1.000000e+14
1.951357e-01	3.630200e-02	-8.006780e-03	5.000000e-02	2.599840e+01	1.953126e+06	-3.236413e-03	-8.006780e-03	39	1.000000e+14
1.880550e-01	3.853055e-02	-1.951672e-02	5.000000e-02	1.253752e+01	4.683755e+05	-7.482441e-02	-1.951672e-02	93	1.000000e+14
2.100718e-01	3.846029e-02	-2.224989e-02	5.000000e-02	9.370189e+00	1.952410e+06	7.850270e-02	-2.224989e-02	113	1.000000e+14
1.912483e-01	3.871153e-02	-2.216401e-02	5.000000e-02	1.081799e+01	4.047078e+05	9.488512e-02	-2.216401e-02	110	1.000000e+14
1.969640e-01	3.882059e-02	-2.400776e-02	5.000000e-02	5.818176e+00	1.057128e+06	8.026246e-02	-2.400776e-02	128	1.000000e+14
2.094113e-01	3.909640e-02	-2.597736e-02	5.000000e-02	2.324820e+00	7.665271e+05	-2.886377e-02	-2.597736e-02	175	1.000000e+14
1.857429e-01	3.852509e-02	-2.116495e-02	5.000000e-02	4.731581e+00	1.481666e+06	8.295190e-02	-2.116495e-02	106	1.000000e+14
1.796767e-01	3.766702e-02	-6.977732e-03	5.000000e-02	2.349185e+01	6.685832e+05	-9.951665e-02	-6.977732e-03	31	1.000000e+14
1.785686e-01	3.715437e-02	-4.595693e-03	5.000000e-02	2.060684e+01	9.301783e+05	-7.917662e-02	-4.595693e-03	20	1.000000e+14
2.055061e-01	3.568720e-02	3.808395e-03	5.000000e-02	1.655390e+01	1.912709e+06	-4.737478e-02	0.000000e+00	1	9.433895e-02
2.137504e-01	3.896473e-02	-2.599611e-02	4.864463e-02	6.666703e+00	7.215773e+05	4.633077e-03	-2.599611e-02	177	1.000000e+14
1.876808e-01	3.814017e-02	-9.738940e-03	5.000000e-02	2.877433e+01	3.793967e+05	1.588651e-02	-9.738940e-03	46	1.000000e+14
2.001552e-01	3.893656e-02	-2.478210e-02	5.000000e-02	6.426423e+00	6.849864e+05	-3.643613e-02	-2.478210e-02	140	1.000000e+14
1.782863e-01	3.723313e-02	-4.948876e-03	5.000000e-02	2.086987e+01	8.904861e+05	3.638055e-02	-4.948876e-03	22	1.000000e+14
2.101018e-01	3.914092e-02	-2.615791e-02	5.000000e-02	1.165111e+01	3.232205e+04	3.200922e-02	-2.615791e-02	181	1.000000e+14
2.177297e-01	3.891326e-02	-2.596966e-02	4.345058e-02	1.003687e+01	8.154881e+05	-2.933633e-02	-2.596966e-02	174	1.000000e+14
1.856282e-01	3.753292e-02	-7.577483e-03	5.000000e-02	2.973388e+01	6.160406e+05	7.688723e-02	-7.577483e-03	34	1.000000e+14
1.790262e-01	3.850634e-02	-2.203998e-02	5.000000e-02	2.366388e+01	3.903960e+05	9.729896e-02	-2.203998e-02	108	1.000000e+14
1.738243e-01	3.758914e-02	-5.785201e-03	5.000000e-02	1.481395e+01	9.067955e+05	1.757433e-02	-5.785201e-03	24	1.000000e+14
2.261946e-01	3.881410e-02	-2.581663e-02	4.138732e-02	6.656877e+00	1.309510e+06	9.016641e-02	-2.581663e-02	162	1.000000e+14
2.236893e-01	3.598247e-02	-2.032386e-03	5.000000e-02	2.975290e+01	1.316771e+06	-4.969002e-02	-2.032386e-03	10	1.000000e+14
1.624519e-01	3.750084e-02	-1.578304e-02	5.000000e-02	2.801545e+01	1.040902e+06	8.733627e-02	-1.578304e-02	76	1.000000e+14
1.598406e-01	3.753062e-02	-1.585926e-02	5.000000e-02	2.616707e+01	1.024805e+06	-5.174676e-02	-1.585926e-02	78	1.000000e+14
1.881143e-01	3.632405e-02	-7.854944e-03	5.000000e-02	2.428795e+01	1.951039e+06	-9.952744e-02	-7.854944e-03	38	1.000000e+14
2.159705e-01	3.892753e-02	-2.595137e-02	4.685124e-02	6.997701e+00	8.656250e+05	-9.393534e-02	-2.595137e-02	172	1.000000e+14
1.928042e-01	3.835796e-02	-1.074992e-02	5.000000e-02	3.182797e+01	2.781872e+05	-9.681561e-02	-1.074992e-02	53	1.000000e+14
2.108573e-01	3.914777e-02	-2.622032e-02	5.000000e-02	6.792881e+00	2.338283e+04	3.249049e-03	-2.622032e-02	184	1.000000e+14
1.834613e-01	3.849922e-02	-2.019718e-02	5.000000e-02	1.089702e+01	6.031986e+05	-3.754119e-02	-2.019718e-02	96	1.000000e+14
2.006602e-01	3.864663e-02	-2.331914e-02	5.000000e-02	8.913803e+00	1.404806e+06	-4.567691e-02	-2.331914e-02	118	1.000000e+14
2.094658e-01	3.905367e-02	-2.579129e-02	5.000000e-02	1.758883e+00	1.338494e+06	2.855025e-02	-2.579129e-02	159	1.000000e+14
2.164132e-01	3.852876e-02	-2.288443e-02	5.000000e-02	1.225935e+01	1.660181e+06	-8.468937e-02	-2.288443e-02	116	1.000000e+14
1.909665e-01	3.680993e-02	-4.777577e-03	5.000000e-02	2.858192e+01	9.394470e+05	3.590799e-02	-4.777577e-03	21	1.000000e+14
2.956284e-01	3.477221e-02	2.468451e-03	5.000000e-02	2.923392e+01	1.971675e+06	3.311909e-02	0.000000e+00	1	1.000000e+14
1.991254e-01	3.890567e-02	-2.457605e-02	5.000000e-02	5.724971e+00	7.836442e+05	-6.670976e-02	-2.457605e-02	137	1.000000e+14
2.426598e-01	3.548318e-02	4.228820e-06	5.000000e-02	2.937145e+01	1.583550e+06	1.303548e-02	0.000000e+00	3	1.000000e+14
1.614865e-01	3.726756e-02	-8.999778e-03	5.000000e-02	1.431431e+01	1.765808e+06	4.624217e-02	-8.999778e-03	42	1.000000e+14
1.807378e-01	3.854937e-02	-2.231867e-02	5.000000e-02	2.403946e+01	3.635645e+05	1.267831e-02	-2.231867e-02	114	1.000000e+14
2.092111e-01	3.910403e-02	-2.553769e-02	5.000000e-02	1.691021e+01	2.400790e+04	1.752543e-02	-2.553769e-02	148	1.000000e+14
2.193710e-01	3.889177e-02	-2.585742e-02	4.585777e-02	4.020096e+00	1.163665e+06	-2.763791e-02	-2.585742e-02	168	1.000000e+14
1.632278e-01	3.702320e-02	-2.819705e-03	5.000000e-02	1.345402e+01	1.681822e+06	-8.151774e-02	-2.819705e-03	14	1.000000e+14
1.965756e-01	3.656114e-02	-3.866044e-03	5.000000e-02	2.893315e+01	1.053130e+06	1.513415e-02	-3.866044e-03	16	1.000000e+14
1.537648e-01	3.747411e-02	-1.439867e-02	5.000000e-02	1.956298e+01	1.167395e+06	6.718231e-02	-1.439867e-02	66	1.000000e+14
2.318705e-01	3.877981e-02	-2.583173e-02	3.517092e-02	9.626255e+00	1.282075e+06	-6.970815e-03	-2.583173e-02	165	1.000000e+14
1.828141e-01	3.801976e-02	-9.283021e-03	5.000000e-02	1.851367e+01	5.123792e+05	-4.305778e-02	-9.283021e-03	44	1.000000e+14
1.793149e-01	3.641705e-02	2.020683e-03	5.000000e-02	1.475342e+01	1.659818e+06	9.057074e-02	0.000000e+00	1	9.369199e-02
1.693742e-01	3.819777e-02	-2.012627e-02	5.000000e-02	2.598681e+01	5.791907e+05	4.493338e-02	-2.012627e-02	95	1.000000e+14
2.064382e-01	3.907685e-02	-2.571594e-02	5.000000e-02	5.893707e+00	2.411416e+05	8.196100e-02	-2.571594e-02	156	1.000000e+14
1.567110e-01	3.684670e-02	-9.919372e-03	5.000000e-02	2.030486e+01	1.656672e+06	1.006799e-02	-9.919372e-03	47	1.000000e+14
1.805621e-01	3.808659e-02	-1.237173e-02	5.000000e-02	1.532620e+01	6.070509e+05	1.764836e-04	-1.237173e-02	58	1.000000e+14
2.543022e-01	3.864284e-02	-2.569420e-02	2.668463e-02	1.001895e+01	1.772052e+06	6.872567e-02	-2.569420e-02	153	1.000000e+14
1.985035e-01	3.877375e-02	-2.404841e-02	5.000000e-02	9.361757e+00	1.041384e+06	-7.987231e-02	-2.404841e-02	130	1.000000e+14
1.950948e-01	3.856927e-02	-1.515820e-02	5.000000e-02	2.878309e+01	2.142220e+05	4.455847e-02	-1.515820e-02	72	1.000000e+14
2.322853e-01	3.877887e-02	-2.570204e-02	4.102811e-02	3.644262e+00	1.677843e+06	5.183026e-02	-2.570204e-02	154	1.000000e+14
2.032486e-01	3.901715e-02	-2.513444e-02	5.000000e-02	5.336849e+00	3.164742e+05	1.466986e-02	-2.513444e-02	143	1.000000e+14
1.724499e-01	3.833668e-02	-2.050358e-02	5.000000e-02	2.030176e+01	5.439545e+05	8.813082e-02	-2.050358e-02	101	1.000000e+14
1.553449e-01	3.776595e-02	-1.668287e-02	5.000000e-02	2.223180e+01	9.233280e+05	-7.490166e-02	-1.668287e-02	80	1.000000e+14
1.958138e-01	3.887569e-02	-2.445469e-02	5.000000e-02	2.561081e+01	1.618998e+05	-8.582465e-02	-2.445469e-02	135	1.000000e+14
2.108204e-01	3.555888e-02	4.452974e-03	5.000000e-02	1.698721e+01	1.994566e+06	5.281507e-03	0.000000e+00	1	2.032066e-01
2.100408e-01	3.912655e-02	-2.582086e-02	5.000000e-02	2.057140e+01	1.174644e+04	-4.993542e-03	-2.582086e-02	163	1.000000e+14
1.800814e-01	3.708826e-02	-4.414226e-03	5.000000e-02	2.277989e+01	9.531729e+05	-7.737616e-02	-4.414226e-03	19	1.000000e+14
2.357462e-01	3.873977e-02	-2.572974e-02	3.781030e-02	6.981993e+00	1.604232e+06	4.119892e-02	-2.572974e-02	157	1.000000e+14
2.002392e-01	3.893172e-02	-2.424148e-02	5.000000e-02	1.417682e+01	1.959051e+05	4.227236e-02	-2.424148e-02	131	1.000000e+14
1.601162e-01	3.740090e-02	-1.502931e-02	5.000000e-02	2.645166e+01	1.115864e+06	-9.756008e-02	-1.502931e-02	70	1.000000e+14
1.845963e-01	3.845308e-02	-2.057908e-02	5.000000e-02	4.755009e+00	1.655863e+06	1.983504e-02	-2.057908e-02	103	1.000000e+14
2.088842e-01	3.912203e-02	-2.605648e-02	5.000000e-02	1.228290e+01	7.924172e+04	6.778565e-02	-2.605648e-02	180	1.000000e+14
2.318089e-01	3.878230e-02	-2.570672e-02	4.117480e-02	4.317649e+00	1.662106e+06	-9.521352e-02	-2.570672e-02	155	1.000000e+14
1.827564e-01	3.763819e-02	-7.703644e-03	5.000000e-02	2.675480e+01	5.953045e+05	-9.482997e-02	-7.703644e-03	36	1.000000e+14
1.777941e-01	3.738852e-02	-5.586816e-03	5.000000e-02	1.923906e+01	8.188793e+05	4.610183e-02	-5.58