# This file contains the data of initial population
# of objectives = 2, # of constraints = 2, # of real_var = 3, # of bits of bin_var = 48, constr_violation, rank, crowding_distance
# of objectives = 2, # of constraints = 2, # of real_var = 3, # of bits of bin_var = 0, constr_violation, rank, crowding_distance
1.629282e-01	3.800108e-02	-3.347872e-02	5.000000e-02	2.385436e+01	4.817244e+05	2.301082e-02	-3.347872e-02	121	1.000000e+14
1.998018e-01	3.890238e-02	-3.888285e-02	5.000000e-02	1.304159e+01	1.374789e+05	-7.339778e-02	-3.888285e-02	154	1.000000e+14
1.895226e-01	3.867776e-02	-3.761393e-02	5.000000e-02	1.848748e+01	2.263240e+05	-8.735080e-02	-3.761393e-02	143	1.000000e+14
2.081406e-01	3.907502e-02	-4.082518e-02	5.000000e-02	1.823081e+00	6.270432e+05	7.300227e-02	-4.082518e-02	192	1.000000e+14
2.122804e-01	3.884395e-02	-4.061990e-02	4.491540e-02	7.009054e+00	9.548787e+05	-6.726239e-02	-4.061990e-02	181	1.000000e+14
2.086891e-01	3.896446e-02	-4.081689e-02	5.000000e-02	4.071312e+00	6.408363e+05	3.311603e-02	-4.081689e-02	191	1.000000e+14
1.214108e-01	3.508933e-02	-4.756050e-03	5.000000e-02	1.706462e+01	1.586001e+06	-2.986070e-03	-4.756050e-03	12	1.000000e+14
1.160819e-01	3.582823e-02	-1.114658e-02	5.000000e-02	1.382301e+01	1.997265e+06	-8.370807e-02	-1.114658e-02	27	1.000000e+14
1.253029e-01	3.527209e-02	-8.953612e-03	5.000000e-02	2.258397e+01	1.289535e+06	-7.527044e-03	-8.953612e-03	21	1.000000e+14
1.716925e-01	3.810852e-02	-3.336119e-02	5.000000e-02	3.246677e+00	1.919920e+06	-6.650556e-02	-3.336119e-02	120	1.000000e+14
2.294729e-01	3.865922e-02	-4.033246e-02	3.330613e-02	1.032787e+01	1.432212e+06	2.531079e-02	-4.033246e-02	171	1.000000e+14
1.617186e-01	3.778144e-02	-3.006307e-02	5.000000e-02	5.251249e+00	1.674256e+06	4.600454e-02	-3.006307e-02	103	1.000000e+14
1.954056e-01	3.880453e-02	-3.829096e-02	5.000000e-02	1.562393e+01	1.868738e+05	-3.452477e-02	-3.829096e-02	149	1.000000e+14
1.466601e-01	3.743084e-02	-2.486927e-02	5.000000e-02	1.342869e+01	9.786856e+05	-3.376794e-02	-2.486927e-02	82	1.000000e+14
1.497866e-01	3.758539e-02	-3.021172e-02	5.000000e-02	2.163033e+01	6.951578e+05	-3.367478e-02	-3.021172e-02	105	1.000000e+14
1.375723e-01	3.629384e-02	-1.594794e-02	5.000000e-02	2.871033e+01	8.045858e+05	9.040987e-02	-1.594794e-02	47	1.000000e+14
1.375718e-01	3.620918e-02	-2.139069e-02	5.000000e-02	2.797770e+01	1.306621e+06	-4.607291e-02	-2.139069e-02	69	1.000000e+14
1.552136e-01	3.761544e-02	-2.273928e-02	5.000000e-02	1.546506e+01	6.377352e+05	8.659397e-02	-2.273928e-02	73	1.000000e+14
2.066004e-01	3.899964e-02	-4.043976e-02	5.000000e-02	1.655065e+00	1.228616e+06	-4.416596e-03	-4.043976e-02	179	1.000000e+14
1.559797e-01	3.776619e-02	-3.058952e-02	5.000000e-02	1.809062e+01	6.774334e+05	3.225428e-02	-3.058952e-02	107	1.000000e+14
1.241355e-01	3.639538e-02	-1.733656e-02	5.000000e-02	1.559094e+01	1.571572e+06	3.246411e-02	-1.733656e-02	56	1.000000e+14
1.212841e-01	3.540804e-02	-1.171839e-02	5.000000e-02	1.765345e+01	1.964723e+06	-6.009661e-02	-1.171839e-02	28	1.000000e+14
1.729903e-01	3.807625e-02	-2.378066e-02	5.000000e-02	2.723411e+01	2.916266e+05	-4.603873e-02	-2.378066e-02	78	1.000000e+14
1.410186e-01	3.682683e-02	-1.695936e-02	5.000000e-02	2.260023e+01	7.367375e+05	5.906634e-02	-1.695936e-02	53	1.000000e+14
1.388231e-01	3.674327e-02	-2.506181e-02	5.000000e-02	2.781199e+01	1.046730e+06	-9.630901e-02	-2.506181e-02	84	1.000000e+14
2.097722e-01	3.911487e-02	-4.114309e-02	5.000000e-02	3.938110e+00	1.313253e+05	-9.701151e-02	-4.114309e-02	195	1.000000e+14
2.039811e-01	3.900998e-02	-4.023015e-02	5.000000e-02	2.192890e+01	6.091878e+04	9.688955e-02	-4.023015e-02	169	1.000000e+14
1.248591e-01	3.589032e-02	-9.602598e-03	5.000000e-02	1.715606e+01	1.242487e+06	1.240158e-03	-9.602598e-03	24	1.000000e+14
1.600961e-01	3.331196e-02	-1.738731e-03	3.754173e-02	2.673693e+01	1.860641e+06	9.284668e-02	-1.738731e-03	5	1.000000e+14
1.233770e-01	3.564973e-02	-1.537282e-02	5.000000e-02	1.959779e+01	1.709534e+06	6.101158e-03	-1.537282e-02	44	1.000000e+14
1.250176e-01	3.531277e-02	-1.278288e-02	5.000000e-02	2.038982e+01	1.895247e+06	-8.848605e-02	-1.278288e-02	33	1.000000e+14
1.811746e-01	3.835390e-02	-2.945795e-02	5.000000e-02	2.282846e+01	2.419480e+05	7.165720e-03	-2.945795e-02	101	1.000000e+14
1.385028e-01	3.553290e-02	-1.657469e-02	5.000000e-02	2.581834e+01	1.648428e+06	-3.736577e-02	-1.657469e-02	51	1.000000e+14
1.504029e-01	3.755529e-02	-3.053001e-02	5.000000e-02	2.577222e+01	6.732606e+05	8.742138e-02	-3.053001e-02	106	1.000000e+14
2.174703e-01	3.875138e-02	-4.043921e-02	4.108885e-02	7.048797e+00	1.245703e+06	-4.296246e-02	-4.043921e-02	178	1.000000e+14
1.464815e-01	3.443800e-02	-7.934773e-03	5.000000e-02	3.030900e+01	1.395249e+06	-1.464618e-02	-7.934773e-03	20	1.000000e+14
2.156528e-01	3.877280e-02	-4.040252e-02	4.290145e-02	3.815135e+00	1.300150e+06	7.559763e-02	-4.040252e-02	175	1.000000e+14
1.287938e-01	3.441828e-02	-4.470152e-03	5.000000e-02	2.259284e+01	1.616422e+06	-9.284134e-02	-4.470152e-03	10	1.000000e+14
1.217769e-01	3.538689e-02	-6.565644e-03	5.000000e-02	1.721461e+01	1.456432e+06	9.163537e-02	-6.565644e-03	18	1.000000e+14
1.513803e-01	3.759698e-02	-2.746538e-02	5.000000e-02	1.390326e+01	8.930654e+05	-2.021491e-02	-2.746538e-02	94	1.000000e+14
2.062113e-01	3.894515e-02	-4.016064e-02	5.000000e-02	1.683477e+00	1.665284e+06	-5.859520e-03	-4.016064e-02	164	1.000000e+14
1.828812e-01	3.854767e-02	-3.763836e-02	5.000000e-02	1.216469e+01	8.625237e+05	2.004184e-02	-3.763836e-02	144	1.000000e+14
1.929522e-01	3.883127e-02	-3.923208e-02	5.000000e-02	8.503602e+00	4.763546e+05	-8.539931e-02	-3.923208e-02	157	1.000000e+14
1.338354e-01	3.693411e-02	-2.001895e-02	5.000000e-02	1.331176e+01	1.277787e+06	5.572977e-02	-2.001895e-02	64	1.000000e+14
1.407253e-01	3.685546e-02	-1.661651e-02	5.000000e-02	1.911377e+01	7.607691e+05	-7.870808e-02	-1.661651e-02	52	1.000000e+14
1.449964e-01	3.393372e-02	-4.692723e-03	4.910595e-02	2.656322e+01	1.626065e+06	-5.918497e-03	-4.692723e-03	11	1.000000e+14
1.813388e-01	3.845743e-02	-3.495073e-02	5.000000e-02	1.052232e+01	4.042084e+05	-9.878869e-02	-3.495073e-02	127	1.000000e+14
2.105802e-01	3.888831e-02	-4.070663e-02	4.675137e-02	6.694534e+00	8.164683e+05	-7.368394e-02	-4.070663e-02	186	1.000000e+14
1.872297e-01	3.863478e-02	-3.751359e-02	5.000000e-02	1.970635e+01	2.299629e+05	1.737347e-02	-3.751359e-02	142	1.000000e+14
1.794839e-01	3.820004e-02	-3.555979e-02	5.000000e-02	1.166376e+01	1.379424e+06	8.712388e-02	-3.555979e-02	132	1.000000e+14
1.324754e-01	3.681999e-02	-2.314339e-02	5.000000e-02	1.831473e+01	1.172073e+06	-5.196646e-02	-2.314339e-02	74	1.000000e+14
1.296255e-01	3.674225e-02	-1.812864e-02	5.000000e-02	1.346047e+01	1.395473e+06	-6.830839e-02	-1.812864e-02	59	1.000000e+14
1.655943e-01	3.807817e-02	-3.348866e-02	5.000000e-02	1.993503e+01	4.849334e+05	-6.425438e-02	-3.348866e-02	122	1.000000e+14
1.600135e-01	3.770622e-02	-2.943864e-02	5.000000e-02	4.745778e+00	1.769184e+06	9.127231e-02	-2.943864e-02	100	1.000000e+14
1.365212e-01	3.480889e-02	-9.220720e-03	5.000000e-02	2.854990e+01	1.288037e+06	3.885870e-02	-9.220720e-03	23	1.000000e+14
2.266417e-01	3.868567e-02	-4.038007e-02	3.464162e-02	9.937585e+00	1.353261e+06	-1.352744e-02	-4.038007e-02	173	1.000000e+14
1.889381e-01	3.864793e-02	-3.681337e-02	5.000000e-02	1.365018e+01	2.826975e+05	2.283690e-02	-3.681337e-02	136	1.000000e+14
1.356069e-01	3.681225e-02	-2.532558e-02	5.000000e-02	2.352218e+01	1.021827e+06	6.807714e-02	-2.532558e-02	87	1.000000e+14
1.280451e-01	3.639498e-02	-1.046616e-02	5.000000e-02	1.451634e+01	1.184949e+06	-8.624964e-02	-1.046616e-02	26	1.000000e+14
1.596050e-01	3.790961e-02	-3.251571e-02	5.000000e-02	2.153485e+01	5.456076e+05	9.788037e-02	-3.251571e-02	114	1.000000e+14
1.930160e-01	3.867175e-02	-3.081860e-02	5.000000e-02	3.198713e+01	1.188984e+05	9.043438e-02	-3.081860e-02	108	1.000000e+14
1.227101e-01	3.560001e-02	-7.855043e-03	5.000000e-02	1.688940e+01	1.365064e+06	6.990537e-02	-7.855043e-03	19	1.000000e+14
1.261601e-01	3.478799e-02	-6.419465e-03	5.000000e-02	2.256386e+01	1.472733e+06	-1.756679e-02	-6.419465e-03	17	1.000000e+14
1.855062e-01	3.858156e-02	-3.687933e-02	5.000000e-02	1.762563e+01	2.728035e+05	-9.239106e-02	-3.687933e-02	139	1.000000e+14
1.932115e-01	3.868544e-02	-3.295164e-02	5.000000e-02	2.887214e+01	1.215110e+05	-2.162559e-02	-3.295164e-02	117	1.000000e+14
1.181319e-01	3.513101e-02	-1.786992e-03	5.000000e-02	1.517235e+01	1.794642e+06	-4.176108e-02	-1.786992e-03	6	1.000000e+14
1.833754e-01	3.852635e-02	-3.691416e-02	5.000000e-02	6.190001e+00	1.045014e+06	3.623110e-03	-3.691416e-02	141	1.000000e+14
1.422231e-01	3.729081e-02	-2.810576e-02	5.000000e-02	2.212891e+01	8.338167e+05	8.924352e-02	-2.810576e-02	95	1.000000e+14
1.369124e-01	3.704260e-02	-2.490992e-02	5.000000e-02	1.832760e+01	1.053175e+06	-4.240085e-02	-2.490992e-02	83	1.000000e+14
2.062917e-01	3.903535e-02	-3.913794e-02	5.000000e-02	2.857106e+01	3.040946e+04	-3.821376e-02	-3.913794e-02	156	1.000000e+14
1.336448e-01	3.563746e-02	-1.298885e-02	5.000000e-02	2.937116e+01	1.012201e+06	5.331241e-02	-1.298885e-02	34	1.000000e+14
1.240887e-01	3.489889e-02	-6.056386e-03	5.000000e-02	1.912015e+01	1.496380e+06	8.366337e-02	-6.056386e-03	16	1.000000e+14
1.535113e-01	3.733517e-02	-2.043578e-02	5.000000e-02	2.666648e+01	5.042924e+05	-5.257582e-02	-2.043578e-02	68	1.000000e+14
1.574046e-01	3.778391e-02	-2.827912e-02	5.000000e-02	1.312064e+01	7.708720e+05	-4.701132e-02	-2.827912e-02	96	1.000000e+14
1.373353e-01	3.633080e-02	-2.222966e-02	5.000000e-02	2.845246e+01	1.246466e+06	8.652137e-02	-2.222966e-02	71	1.000000e+14
1.417484e-01	3.726417e-02	-2.393624e-02	5.000000e-02	1.059802e+01	1.129391e+06	-4.371382e-02	-2.393624e-02	79	1.000000e+14
1.464602e-01	3.694039e-02	-1.884117e-02	5.000000e-02	2.919214e+01	6.089574e+05	-6.412747e-02	-1.884117e-02	61	1.000000e+14
1.361978e-01	3.377417e-02	-2.907736e-04	5.000000e-02	2.106351e+01	1.927745e+06	-8.515940e-02	-2.907736e-04	3	1.000000e+14
1.670657e-01	3.807889e-02	-3.211192e-02	5.000000e-02	1.629802e+01	5.857743e+05	-2.646978e-02	-3.211192e-02	112	1.000000e+14
1.361162e-01	3.429700e-02	-5.849357e-03	5.000000e-02	2.469551e+01	1.528430e+06	6.390123e-02	-5.849357e-03	15	1.000000e+14
1.403870e-01	3.690869e-02	-2.619200e-02	5.000000e-02	2.789738e+01	9.684402e+05	-6.499097e-02	-2.619200e-02	89	1.000000e+14
1.760648e-01	3.825884e-02	-3.505244e-02	5.000000e-02	5.504993e+00	1.501932e+06	5.462027e-02	-3.505244e-02	128	1.000000e+14
2.072279e-01	3.906547e-02	-4.066603e-02	5.000000e-02	1.419675e+00	8.750446e+05	-8.146954e-03	-4.066603e-02	183	1.000000e+14
1.916373e-01	3.875185e-02	-3.847273e-02	5.000000e-02	5.574326e+00	6.652502e+05	-9.804726e-02	-3.847273e-02	151	1.000000e+14
1.942409e-01	3.885827e-02	-3.939966e-02	5.000000e-02	8.997866e+00	4.360566e+05	-3.224942e-02	-3.939966e-02	160	1.000000e+14
2.072812e-01	3.904001e-02	-4.064628e-02	5.000000e-02	2.065399e+00	9.060715e+05	7.440291e-02	-4.064628e-02	182	1.000000e+14
1.987519e-01	3.889478e-02	-3.929961e-02	5.000000e-02	3.029577e+00	4.674004e+05	8.406893e-02	-3.929961e-02	159	1.000000e+14
1.923419e-01	3.873314e-02	-3.784985e-02	5.000000e-02	4.875558e+00	5.019792e+05	-2.114994e-03	-3.784985e-02	145	1.000000e+14
2.107507e-01	3.914845e-02	-4.119989e-02	5.000000e-02	2.473783e+00	4.376064e+04	1.830338e-02	-4.119989e-02	196	1.000000e+14
1.192050e-01	3.473678e-02	9.726963e-04	5.000000e-02	1.461515e+01	1.994449e+06	-7.095690e-02	0.000000e+00	1	1.000000e+14
1.237980e-01	3.643621e-02	-1.509334e-02	5.000000e-02	1.310329e+01	1.585762e+06	-8.208760e-02	-1.509334e-02	42	1.000000e+14
1.921639e-01	3.873880e-02	-3.813231e-02	5.000000e-02	2.809262e+00	7.513445e+05	-9.861046e-02	-3.813231e-02	147	1.000000e+14
1.579560e-01	3.785852e-02	-3.215366e-02	5.000000e-02	2.169359e+01	5.689606e+05	7.964782e-02	-3.215366e-02	113	1.000000e+14
1.383473e-01	3.605174e-02	-2.030201e-02	5.000000e-02	2.755392e+01	1.385362e+06	-5.680787e-02	-2.030201e-02	66	1.000000e+14
1.456169e-01	3.742935e-02	-2.909775e-02	5.000000e-02	2.194743e+01	7.682681e+05	-8.913107e-02	-2.909775e-02	99	1.000000e+14
1.481070e-01	3.748105e-02	-2.535605e-02	5.000000e-02	1.328283e+01	9.488951e+05	-9.466767e-02	-2.535605e-02	88	1.000000e+14
1.288718e-01	3.667324e-02	-1.981948e-02	5.000000e-02	1.561973e+01	1.402740e+06	8.569052e-02	-1.981948e-02	63	1.000000e+14
1.297104e-01	3.511076e-02	-9.762232e-03	5.000000e-02	2.478155e+01	1.237999e+06	6.060468e-02	-9.762232e-03	25	1.000000e+14
1.295044e-01	3.670654e-02	-2.011579e-02	5.000000e-02	1.579409e+01	1.382678e+06	-8.290337e-02	-2.011579e-02	65	1.000000e+14
2.092023e-01	3.893232e-02	-4.074731e-02	4.882618e-02	3.695731e+00	7.505870e+05	5.323072e-02	-4.074731e-02	189	1.000000e+14
1.976743e-01	3.893490e-02	-3.993609e-02	5.000000e-02	1.172609e+01	3.060840e+05	1.220522e-02	-3.993609e-02	161	1.000000e+14
2.241922e-01	3.871033e-02	-4.042449e-02	3.588763e-02	1.002041e+01	1.279888e+06	5.876061e-02	-4.042449e-02	177	1.000000e+14
1.265080e-01	3.447504e-02	-3.720444e-03	5.000000e-02	1.905044e+01	1.667789e+06	-4.311835e-02	-3.720444e-03	8	1.000000e+14
1.374792e-01	3.370442e-02	9.354178e-05	5.000000e-02	2.078257e+01	1.957176e+06	6.907059e-02	0.000000e+00	1	1.000000e+14
1.282847e-01	3.601863e-02	-1.214340e-02	5.000000e-02	1.940985e+01	1.064660e+06	9.837841e-02	-1.214340e-02	29	1.000000e+14
1.794079e-01	3.827671e-02	-3.601951e-02	5.000000e-02	1.209401e+01	1.263980e+06	3.728033e-02	-3.601951e-02	134	1.000000e+14
1.466348e-01	3.713942e-02	-1.812029e-02	5.000000e-02	1.867970e+01	6.610824e+05	1.206751e-03	-1.812029e-02	58	1.000000e+14
1.794431e-01	3.829013e-02	-3.609988e-02	5.000000e-02	1.191942e+01	1.243862e+06	-2.418762e-02	-3.609988e-02	135	1.000000e+14
1.884890e-01	3.863317e-02	-3.683677e-02	5.000000e-02	8.358990e+00	4.637097e+05	5.971621e-02	-3.683677e-02	137	1.000000e+14
1.389510e-01	3.714822e-02	-2.339682e-02	5.000000e-02	1.397100e+01	1.163738e+06	-1.506489e-02	-2.339682e-02	76	1.000000e+14
2.109689e-01	3.915343e-02	-4.121873e-02	5.000000e-02	2.684286e+01	1.440847e+02	-4.798165e-02	-4.121873e-02	198	1.000000e+14
1.463269e-01	3.545188e-02	-1.612618e-02	5.000000e-02	2.821768e+01	1.694656e+06	2.441893e-02	-1.612618e-02	49	1.000000e+14
1.833231e-01	3.849987e-02	-3.596036e-02	5.000000e-02	5.445200e+00	7.844840e+05	3.929468e-02	-3.596036e-02	133	1.000000e+14
1.379491e-01	3.416753e-02	-5.222630e-03	5.000000e-02	2.469114e+01	1.576092e+06	-8.730225e-03	-5.222630e-03	13	1.000000e+14
1.961859e-01	3.882575e-02	-3.859660e-02	5.000000e-02	5.372954e+00	3.906730e+05	1.524264e-02	-3.859660e-02	153	1.000000e+14
1.964009e-01	3.886298e-02	-3.923727e-02	5.000000e-02	5.501690e+00	4.798755e+05	-7.349131e-02	-3.923727e-02	158	1.000000e+14
1.704203e-01	3.813390e-02	-3.256946e-02	5.000000e-02	8.435097e+00	9.189685e+05	-4.261958e-02	-3.256946e-02	115	1.000000e+14
1.252214e-01	3.578424e-02	-1.713925e-02	5.000000e-02	2.172473e+01	1.586849e+06	-3.170439e-02	-1.713925e-02	54	1.000000e+14
1.780383e-01	3.829111e-02	-2.996102e-02	5.000000e-02	1.688322e+01	3.059399e+05	-3.981313e-02	-2.996102e-02	102	1.000000e+14
1.245445e-01	3.646938e-02	-1.715088e-02	5.000000e-02	1.380273e+01	1.585231e+06	-6.565832e-02	-1.715088e-02	55	1.000000e+14
1.407878e-01	3.705709e-02	-1.586794e-02	5.000000e-02	1.460524e+01	8.833046e+05	1.758697e-02	-1.586794e-02	46	1.000000e+14
1.711543e-01	3.822325e-02	-3.506232e-02	5.000000e-02	2.809142e+01	3.810845e+05	-2.219919e-02	-3.506232e-02	129	1.000000e+14
1.528473e-01	3.753188e-02	-2.171662e-02	5.000000e-02	1.503689e+01	6.739870e+05	-1.686423e-02	-2.171662e-02	70	1.000000e+14
1.753634e-01	3.828058e-02	-3.382912e-02	5.000000e-02	7.592319e+00	7.841044e+05	1.077164e-02	-3.382912e-02	123	1.000000e+14
1.211995e-01	3.630852e-02	-1.486320e-02	5.000000e-02	1.124460e+01	1.742114e+06	-5.617367e-02	-1.486320e-02	41	1.000000e+14
1.255790e-01	3.565130e-02	-1.615524e-02	5.000000e-02	2.219469e+01	1.657013e+06	-9.248323e-02	-1.615524e-02	50	1.000000e+14
2.287618e-01	3.861209e-02	-4.005615e-02	3.694434e-02	3.616921e+00	1.861841e+06	-2.288204e-02	-4.005615e-02	162	1.000000e+14
1.442634e-01	3.737457e-02	-2.833519e-02	5.000000e-02	2.039991e+01	8.203215e+05	9.715938e-02	-2.833519e-02	97	1.000000e+14
1.544978e-01	3.769254e-02	-2.739970e-02	5.000000e-02	1.315164e+01	8.242744e+05	-2.276503e-02	-2.739970e-02	93	1.000000e+14
1.383932e-01	3.711752e-02	-2.686119e-02	5.000000e-02	2.231087e+01	9.166483e+05	-6.614166e-02	-2.686119e-02	92	1.000000e+14
1.503778e-01	3.495979e-02	-1.252699e-02	5.000000e-02	2.599840e+01	1.953126e+06	-3.236413e-03	-1.252699e-02	32	1.000000e+14
1.758075e-01	3.830992e-02	-3.330283e-02	5.000000e-02	1.253752e+01	4.683755e+05	-7.482441e-02	-3.330283e-02	119	1.000000e+14
1.745201e-01	3.787828e-02	-3.324727e-02	5.000000e-02	9.370189e+00	1.952410e+06	7.850270e-02	-3.324727e-02	118	1.000000e+14
1.813056e-01	3.845658e-02	-3.494304e-02	5.000000e-02	1.081799e+01	4.047078e+05	9.488512e-02	-3.494304e-02	126	1.000000e+14
1.831447e-01	3.851920e-02	-3.686461e-02	5.000000e-02	5.818176e+00	1.057128e+06	8.026246e-02	-3.686461e-02	138	1.000000e+14
2.076796e-01	3.905751e-02	-4.073572e-02	5.000000e-02	2.324820e+00	7.665271e+05	-2.886377e-02	-4.073572e-02	188	1.000000e+14
1.655303e-01	3.793489e-02	-3.133271e-02	5.000000e-02	4.731581e+00	1.481666e+06	8.295190e-02	-3.133271e-02	109	1.000000e+14
1.449997e-01	3.702909e-02	-1.798661e-02	5.000000e-02	2.349185e+01	6.685832e+05	-9.951665e-02	-1.798661e-02	57	1.000000e+14
1.324904e-01	3.633919e-02	-1.409718e-02	5.000000e-02	2.060684e+01	9.301783e+05	-7.917662e-02	-1.409718e-02	38	1.000000e+14
1.253042e-01	3.436238e-02	-2.879963e-04	5.000000e-02	1.655390e+01	1.912709e+06	-4.737478e-02	-2.879963e-04	2	1.000000e+14
2.097054e-01	3.891883e-02	-4.076636e-02	4.801568e-02	6.666703e+00	7.215773e+05	4.633077e-03	-4.076636e-02	190	1.000000e+14
1.638452e-01	3.773691e-02	-2.237738e-02	5.000000e-02	2.877433e+01	3.793967e+05	1.588651e-02	-2.237738e-02	72	1.000000e+14
1.911585e-01	3.874006e-02	-3.839148e-02	5.000000e-02	6.426423e+00	6.849864e+05	-3.643613e-02	-3.839148e-02	150	1.000000e+14
1.340785e-01	3.645012e-02	-1.468080e-02	5.000000e-02	2.086987e+01	8.904861e+05	3.638055e-02	-1.468080e-02	40	1.000000e+14
2.094057e-01	3.913063e-02	-4.109064e-02	5.000000e-02	1.165111e+01	3.232205e+04	3.200922e-02	-4.109064e-02	194	1.000000e+14
2.128288e-01	3.886832e-02	-4.070965e-02	4.388535e-02	1.003687e+01	8.154881e+05	-2.933633e-02	-4.070965e-02	187	1.000000e+14
1.467386e-01	3.687783e-02	-1.874859e-02	5.000000e-02	2.973388e+01	6.160406e+05	7.688723e-02	-1.874859e-02	60	1.000000e+14
1.702258e-01	3.821252e-02	-3.491123e-02	5.000000e-02	2.366388e+01	3.903960e+05	9.729896e-02	-3.491123e-02	125	1.000000e+14
1.396023e-01	3.700461e-02	-1.521743e-02	5.000000e-02	1.481395e+01	9.067955e+05	1.757433e-02	-1.521743e-02	43	1.000000e+14
2.188985e-01	3.873119e-02	-4.039984e-02	4.025486e-02	6.656877e+00	1.309510e+06	9.016641e-02	-4.039984e-02	174	1.000000e+14
1.430681e-01	3.466532e-02	-8.954575e-03	5.000000e-02	2.975290e+01	1.316771e+06	-4.969002e-02	-8.954575e-03	22	1.000000e+14
1.389202e-01	3.675551e-02	-2.514554e-02	5.000000e-02	2.801545e+01	1.040902e+06	8.733627e-02	-2.514554e-02	85	1.000000e+14
1.367110e-01	3.679035e-02	-2.531038e-02	5.000000e-02	2.616707e+01	1.024805e+06	-5.174676e-02	-2.531038e-02	86	1.000000e+14
1.445580e-01	3.498070e-02	-1.241667e-02	5.000000e-02	2.428795e+01	1.951039e+06	-9.952744e-02	-1.241667e-02	30	1.000000e+14
2.111266e-01	3.887253e-02	-4.067577e-02	4.609821e-02	6.997701e+00	8.656250e+05	-9.393534e-02	-4.067577e-02	184	1.000000e+14
1.739145e-01	3.805345e-02	-2.398510e-02	5.000000e-02	3.182797e+01	2.781872e+05	-9.681561e-02	-2.398510e-02	80	1.000000e+14
2.107247e-01	3.914627e-02	-4.121287e-02	5.000000e-02	6.792881e+00	2.338283e+04	3.249049e-03	-4.121287e-02	197	1.000000e+14
1.687687e-01	3.812297e-02	-3.189738e-02	5.000000e-02	1.089702e+01	6.031986e+05	-3.754119e-02	-3.189738e-02	110	1.000000e+14
1.749790e-01	3.822389e-02	-3.543359e-02	5.000000e-02	8.913803e+00	1.404806e+06	-4.567691e-02	-3.543359e-02	131	1.000000e+14
2.064449e-01	3.898591e-02	-4.036947e-02	5.000000e-02	1.758883e+00	1.338494e+06	2.855025e-02	-4.036947e-02	172	1.000000e+14
1.816173e-01	3.801582e-02	-3.445226e-02	5.000000e-02	1.225935e+01	1.660181e+06	-8.468937e-02	-3.445226e-02	124	1.000000e+14
1.344014e-01	3.586413e-02	-1.401327e-02	5.000000e-02	2.858192e+01	9.394470e+05	3.590799e-02	-1.401327e-02	37	1.000000e+14
1.788557e-01	3.294202e-02	-5.883084e-04	2.721997e-02	2.923392e+01	1.971675e+06	3.311909e-02	-5.883084e-04	4	1.000000e+14
1.888466e-01	3.868123e-02	-3.798573e-02	5.000000e-02	5.724971e+00	7.836442e+05	-6.670976e-02	-3.798573e-02	146	1.000000e+14
1.490129e-01	3.397134e-02	-5.372960e-03	4.726002e-02	2.937145e+01	1.583550e+06	1.303548e-02	-5.372960e-03	14	1.000000e+14
1.201648e-01	3.618573e-02	-1.450737e-02	5.000000e-02	1.431431e+01	1.765808e+06	4.624217e-02	-1.450737e-02	39	1.000000e+14
1.725257e-01	3.827525e-02	-3.533523e-02	5.000000e-02	2.403946e+01	3.635645e+05	1.267831e-02	-3.533523e-02	130	1.000000e+14
2.081005e-01	3.908471e-02	-4.033070e-02	5.000000e-02	1.691021e+01	2.400790e+04	1.752543e-02	-4.033070e-02	170	1.000000e+14
2.134537e-01	3.881220e-02	-4.048760e-02	4.436383e-02	4.020096e+00	1.163665e+06	-2.763791e-02	-4.048760e-02	180	1.000000e+14
1.213099e-01	3.628364e-02	-1.357086e-02	5.000000e-02	1.345402e+01	1.681822e+06	-8.151774e-02	-1.357086e-02	35	1.000000e+14
1.335045e-01	3.551147e-02	-1.241829e-02	5.000000e-02	2.893315e+01	1.053130e+06	1.513415e-02	-1.241829e-02	31	1.000000e+14
1.302072e-01	3.667825e-02	-2.316009e-02	5.000000e-02	1.956298e+01	1.167395e+06	6.718231e-02	-2.316009e-02	75	1.000000e+14
2.242627e-01	3.870959e-02	-4.042316e-02	3.585042e-02	9.626255e+00	1.282075e+06	-6.970815e-03	-4.042316e-02	176	1.000000e+14
1.572111e-01	3.757216e-02	-2.039867e-02	5.000000e-02	1.851367e+01	5.123792e+05	-4.305778e-02	-2.039867e-02	67	1.000000e+14
1.185856e-01	3.540243e-02	-3.672206e-03	5.000000e-02	1.475342e+01	1.659818e+06	9.057074e-02	-3.672206e-03	7	1.000000e+14
1.560432e-01	3.776761e-02	-3.196705e-02	5.000000e-02	2.598681e+01	5.791907e+05	4.493338e-02	-3.196705e-02	111	1.000000e+14
2.032497e-01	3.900715e-02	-4.022555e-02	5.000000e-02	5.893707e+00	2.411416e+05	8.196100e-02	-4.022555e-02	168	1.000000e+14
1.232710e-01	3.574703e-02	-1.611705e-02	5.000000e-02	2.030486e+01	1.656672e+06	1.006799e-02	-1.611705e-02	48	1.000000e+14
1.572815e-01	3.768648e-02	-2.360716e-02	5.000000e-02	1.532620e+01	6.070509e+05	1.764836e-04	-2.360716e-02	77	1.000000e+14
2.439362e-01	3.854642e-02	-4.012976e-02	2.761842e-02	1.001895e+01	1.772052e+06	6.872567e-02	-4.012976e-02	163	1.000000e+14
1.793796e-01	3.845834e-02	-3.690637e-02	5.000000e-02	9.361757e+00	1.041384e+06	-7.987231e-02	-3.690637e-02	140	1.000000e+14
1.813868e-01	3.833750e-02	-2.676775e-02	5.000000e-02	2.878309e+01	2.142220e+05	4.455847e-02	-2.676775e-02	91	1.000000e+14
2.237559e-01	3.866448e-02	-4.016895e-02	3.888505e-02	3.644262e+00	1.677843e+06	5.183026e-02	-4.016895e-02	165	1.000000e+14
1.988402e-01	3.888770e-02	-3.909513e-02	5.000000e-02	5.336849e+00	3.164742e+05	1.466986e-02	-3.909513e-02	155	1.000000e+14
1.612657e-01	3.795206e-02	-3.257041e-02	5.000000e-02	2.030176e+01	5.439545e+05	8.813082e-02	-3.257041e-02	116	1.000000e+14
1.381064e-01	3.710363e-02	-2.676126e-02	5.000000e-02	2.223180e+01	9.233280e+05	-7.490166e-02	-2.676126e-02	90	1.000000e+14
1.919755e-01	3.875206e-02	-3.856513e-02	5.000000e-02	2.561081e+01	1.618998e+05	-8.582465e-02	-3.856513e-02	152	1.000000e+14
1.273250e-01	3.418527e-02	8.109394e-04	5.000000e-02	1.698721e+01	1.994566e+06	5.281507e-03	0.000000e+00	1	1.000000e+00
2.094157e-01	3.911537e-02	-4.067989e-02	5.000000e-02	2.057140e+01	1.174644e+04	-4.993542e-03	-4.067989e-02	185	1.000000e+14
1.314187e-01	3.620036e-02	-1.375658e-02	5.000000e-02	2.277989e+01	9.531729e+05	-7.737616e-02	-1.375658e-02	36	1.000000e+14
2.268254e-01	3.863841e-02	-4.021923e-02	3.642820e-02	6.981993e+00	1.604232e+06	4.119892e-02	-4.021923e-02	167	1.000000e+14
1.953872e-01	3.880196e-02	-3.816285e-02	5.000000e-02	1.417682e+01	1.959051e+05	4.227236e-02	-3.816285e-02	148	1.000000e+14
1.349629e-01	3.659912e-02	-2.399440e-02	5.000000e-02	2.645166e+01	1.115864e+06	-9.756008e-02	-2.399440e-02	81	1.000000e+14
1.620622e-01	3.779605e-02	-3.018417e-02	5.000000e-02	4.755009e+00	1.655863e+06	1.983504e-02	-3.018417e-02	104	1.000000e+14
2.071803e-01	3.909683e-02	-4.089160e-02	5.000000e-02	1.228290e+01	7.924172e+04	6.778565e-02	-4.089160e-02	193	1.000000e+14
2.233597e-01	3.866897e-02	-4.017863e-02	3.905151e-02	4.317649e+00	1.662106e+06	-9.521352e-02	-4.017863e-02	166	1.000000e+14
1.471322e-01	3.702865e-02	-1.904395e-02	5.000000e-02	2.675480e+01	5.953045e+05	-9.482997e-02	-1.904395e-02	62	1.000000e+14
1.377060e-01	3.669214e-02	-1.574841e-02	5.000000e-02	1.923906e+01	8.188793e+05	4.610183e-02	-1.574841e-02	45	1.000000e+14
1.188216e-01	3.546430e-02	-4.100242e-03	5.000000e-02	1.549616e+01	1.629394e+06	3.511597e-02	-4.100242e-03	9	1.000000e+14
1.445165e-01	3.729307e-02	-2.874816e-02	5.000000e-02	2.574656e+01	7.914984e+05	8.035421e-02	-2.874816e-02	98	1.000000e+14
# gen = 1
