# This file contains information about inputs as read by the program

 Population size = 200
 Number of generations = 100
 Number of objective functions = 2
 Number of constraints = 2
 Number of real variables = 7
 Lower limit of real variable 1 = 1.000000e+00
 Upper limit of real variable 1 = 3.200000e+01
 Lower limit of real variable 2 = 0.000000e+00
 Upper limit of real variable 2 = 2.000000e+06
 Lower limit of real variable 3 = 1.000000e+00
 Upper limit of real variable 3 = 3.200000e+01
 Lower limit of real variable 4 = 0.000000e+00
 Upper limit of real variable 4 = 2.000000e+06
 Lower limit of real variable 5 = 1.000000e+00
 Upper limit of real variable 5 = 3.200000e+01
 Lower limit of real variable 6 = 0.000000e+00
 Upper limit of real variable 6 = 2.000000e+06
 Lower limit of real variable 7 = -1.000000e-01
 Upper limit of real variable 7 = 1.000000e-01
 Probability of crossover of real variable = 1.000000e-01
 Probability of mutation of real variable = 9.000000e-01
 Distribution index for crossover = 2.000000e+01
 Distribution index for mutation = 5.000000e+01
 Number of binary variables = 0
 Seed for random number generator = 5.000000e-01
 Number of crossover of real variable = 1019
 Number of mutation of real variable = 124661