p_front_nsga = [...
	118.590054 28.673644
	163.309062 30.245459
	143.813356 29.875999
	162.225827 30.213648
	135.132375 29.580131
	125.792820 29.141016
	119.264071 28.796899
	162.225827 30.213648
	127.473625 29.262374
	127.473625 29.262374
	119.264071 28.796899
	139.454550 29.758823
	141.483016 29.780289
	137.366561 29.687223
	137.859862 29.687346
	138.882767 29.733627
	136.708451 29.656621
	142.920311 29.840041
	136.604826 29.651734
	139.341247 29.753867
	141.950022 29.799972
	118.806364 28.719559
	135.724696 29.609442
	162.906036 30.233832
	138.246178 29.705015
	118.648682 28.686995
	162.321109 30.216487
	138.977046 29.737814
	162.457850 30.220555
	135.391541 29.593044
	125.949145 29.153169
	142.421172 29.819564
	139.215071 29.748326
	126.491954 29.193854
	136.766611 29.659355
	162.797200 30.230616
	118.704031 28.698924
	118.622184 28.681059
	127.395231 29.257111
	142.488498 29.822342
	126.551141 29.198159
	118.678209 28.693434
	142.236271 29.811906
	118.969389 28.749448
	143.197382 29.851288
	138.804737 29.730153
	135.338892 29.590432
	142.124622 29.807263
	138.430962 29.713383
	126.454833 29.191142
	138.011236 29.694298
	143.318726 29.856188
	127.153406 29.240662
	136.028537 29.624207
	118.718218 28.701889
	137.281438 29.683306
	118.940993 28.744465
	142.685627 29.830448
	118.741504 28.706678
	126.853895 29.219812
	126.632867 29.204064
	139.205294 29.747896
	126.585641 29.200658
	142.556940 29.825162
	142.043450 29.803878
	141.847267 29.795664
	138.341111 29.709321
	136.553548 29.649309
	142.817665 29.835853
	137.965216 29.692188
	143.532121 29.864766
	126.172511 29.170184
	119.237105 28.792834
	137.904468 29.689398
	136.340366 29.639177
	127.228514 29.245806
	118.921387 28.740973
	139.101352 29.743314
	126.961313 29.227353
	135.273970 29.587203
	126.338802 29.182599
	136.464173 29.645072
	118.842926 28.726550
	143.371249 29.858304
	126.402443 29.187297
	142.336572 29.816065
	135.931850 29.619528
	118.780576 28.714515
	126.019787 29.158593
	141.676855 29.788491
	135.669272 29.606730
	137.155801 29.677502
	135.174756 29.582252
	126.993123 29.229572
	135.522163 29.599500
	118.664824 28.690537
	118.754680 28.709348
	119.176423 28.783502
	135.813499 29.613776
	126.782869 29.214786
	141.762970 29.792120
	141.547189 29.783009
	143.726335 29.872532
	138.756024 29.727979
	126.805726 29.216407
	137.241282 29.681454
	126.914566 29.224080
	143.084853 29.846730
	143.242950 29.853130
	136.498885 29.646719
	118.889686 28.735235
	143.084853 29.846730
	162.605489 30.224938
	126.116989 29.165991
	138.542232 29.718397
	138.356795 29.710031
	126.213610 29.173272
	135.472668 29.597058
	142.008243 29.802407
	126.381191 29.185731
	162.666587 30.226749
	119.207694 28.788344
	119.058353 28.764541
	138.194242 29.702653
	143.427688 29.860574
	143.001410 29.843342
	143.698065 29.871404
	125.892735 29.148807
	162.984087 30.236136
	138.609578 29.721423
	143.634055 29.868847
	163.111295 30.239644
	162.552044 30.223353
	141.733621 29.790884
	125.841567 29.144828
	127.078383 29.235490
	126.891141 29.222435
	125.921979 29.151071
	143.801349 29.875521
	141.834066 29.795110
	136.982717 29.669463
	136.939238 29.667436
	142.342578 29.816314
	127.293773 29.250250
	118.773142 28.713042
	126.682369 29.207619
	136.399304 29.641987
	141.612716 29.785782
	135.824020 29.614288
	126.137628 29.167553
	127.260766 29.248005
	119.201251 28.787352
	137.018134 29.671112
	119.162012 28.781247
	118.830991 28.724288
	142.993327 29.843013
	162.277148 30.215178
	126.054186 29.161220
	138.668886 29.724082
	126.733913 29.211303
	162.501329 30.221847
	163.041865 30.237599
	135.892855 29.617636
	136.837202 29.662666
	138.137370 29.700062
	118.610995 28.678505
	125.862518 29.146460
	137.111813 29.675464
	119.045905 28.762474
	119.079411 28.768007
	119.085967 28.769078
	125.805400 29.142001
	135.226245 29.584824
	136.248797 29.634800
	119.107115 28.772509
	126.727082 29.210816
	138.708366 29.725849
	118.997353 28.754274
	136.284017 29.636486
	126.668384 29.206616
	138.583499 29.720252
	136.094789 29.627403
	136.895792 29.665407
	139.057103 29.741359
	142.748059 29.833006
	138.085511 29.697695
	142.605931 29.827176
	162.741155 30.228958
	143.470280 29.862285
	118.871686 28.731924
	136.131477 29.629169
	127.321930 29.252160
	127.137434 29.239563
	138.085511 29.697695
	138.480298 29.715609
	127.035930 29.232549
	138.493094 29.716185
	126.073314 29.162677
	141.629025 29.786472
	118.866914 28.731040



ref_point = [0.182492  0.038523]