p_front_nsga = [...
	298.287620 35.440054
	72.794533 29.614591
	126.122510 32.495516
	73.717475 29.981240
	74.173326 30.056730
	240.366314 34.840632
	74.735475 30.132683
	205.990919 34.305984
	202.950703 34.240420
	243.547622 34.885266
	171.295397 33.591864
	111.069367 32.042758
	291.974612 35.408281
	274.824289 35.234720
	271.197230 35.230470
	113.023065 32.111089
	231.935945 34.703393
	194.973577 34.064948
	101.310864 31.707149
	266.035236 35.159992
	120.736428 32.327771
	262.673186 35.139026
	73.350130 29.901501
	177.652475 33.724296
	172.649584 33.634704
	128.704892 32.542890
	227.644472 34.695889
	75.254835 30.203853
	80.034839 30.647859
	150.212763 33.119991
	211.127922 34.410706
	237.333329 34.837964
	213.672064 34.441944
	90.025699 31.225738
	102.912423 31.766698
	86.454802 31.053151
	296.296547 35.414086
	143.334676 32.955866
	88.740834 31.159430
	144.441573 32.980875
	225.214858 34.644389
	161.838382 33.383364
	214.991383 34.465731
	245.279956 34.908910
	269.408183 35.200051
	152.116574 33.158728
	87.536612 31.108898
	189.926385 33.990901
	236.630171 34.780183
	93.722592 31.391702
	248.655817 34.961834
	247.165118 34.938152
	191.948250 34.027047
	158.381030 33.308334
	118.597003 32.271865
	108.938831 31.975386
	221.193422 34.583542
	156.880971 33.273756
	217.035236 34.501290
	164.904290 33.450629
	122.671729 32.392117
	175.538001 33.682024
	96.991208 31.538431
	276.929229 35.261161
	79.711143 30.584160
	110.422836 32.000329
	166.259143 33.491627
	72.823405 29.664744
	267.335020 35.185256
	80.822893 30.695808
	77.613467 30.457088
	219.613070 34.556183
	280.827489 35.301577
	141.488314 32.908332
	107.809122 31.937947
	174.893243 33.661404
	76.186630 30.300827
	129.949346 32.608101
	92.969935 31.355205
	98.085895 31.581999
	116.254499 32.212813
	209.747890 34.384559
	148.835276 33.087553
	77.319134 30.419706
	105.943563 31.851979
	121.227854 32.362953
	261.116965 35.122097
	100.099865 31.638675
	76.846285 30.373245
	257.071143 35.068945
	168.956191 33.542675
	81.195296 30.729440
	91.580822 31.289677
	86.357207 31.002111
	98.699685 31.606990
	188.162990 33.964154
	124.557050 32.443287
	115.297014 32.183685
	167.477329 33.509889
	207.253690 34.337440
	135.417124 32.744902
	234.773085 34.759614
	137.195628 32.797347
	90.608778 31.251661
	197.198917 34.144809
	147.864585 33.063199
	226.956833 34.671691
	146.263762 33.026237
	81.858698 30.773716
	208.404808 34.359570
	250.574622 34.991271
	104.629873 31.827833
	92.155265 31.319140
	95.722260 31.479097
	155.620322 33.244958
	100.503623 31.671144
	183.684986 33.841175
	284.585022 35.339679
	184.344715 33.885031
	117.343935 32.246358
	160.114582 33.346548
	73.199691 29.857399
	76.463921 30.339279
	78.230504 30.505575
	180.844840 33.811220
	133.534041 32.705291
	179.327732 33.756109
	135.674341 32.761202
	72.973623 29.781376
	72.847751 29.715406
	289.584990 35.366983
	128.946620 32.580116
	290.466102 35.381113
	73.082403 29.822487
	96.286459 31.505020
	198.867141 34.162953
	287.563293 35.355257
	84.305279 30.929225
	182.225408 33.833210
	137.928366 32.813071
	223.405542 34.614874
	259.089129 35.080426
	286.688631 35.344837
	187.772114 33.929482
	259.512757 35.100812
	140.368932 32.881376
	153.175759 33.183341
	282.464746 35.314923
	83.360504 30.876022
	106.670860 31.887842
	201.329408 34.225359
	88.154841 31.137515
	186.447979 33.914994
	163.341156 33.406769
	256.027948 35.040064
	191.399795 34.021145
	278.988623 35.278734
	222.760593 34.613410
	82.323201 30.799377
	114.356523 32.151891
	84.149175 30.906343
	94.762923 31.437265
	185.297256 33.905710
	163.594881 33.426117
	72.894613 29.744542
	107.203923 31.903779
	159.623322 33.338045
	123.772425 32.426648
	132.229295 32.667246
	195.518436 34.107603
	253.213793 35.000364
	82.742774 30.829532
	84.969837 30.971117
	233.069261 34.725746
	200.628137 34.211490
	196.149594 34.120044
	146.617549 33.034353
	154.682584 33.224014
	251.576661 34.997706
	114.075935 32.132472
	283.333185 35.327272
	75.616016 30.254993
	233.782316 34.738708
	139.287990 32.850422
	297.327775 35.418034
	254.249381 35.009986
	179.097369 33.753931
	255.221566 35.024702
	138.917484 32.844684
	133.326670 32.699802
	85.268503 30.978323
	94.862930 31.441121
	168.924444 33.535816
	218.263593 34.532743
	75.587137 30.248420
	278.592921 35.269461
	83.345953 30.846904
	131.210587 32.640469
	78.871320 30.561931
	103.870003 31.801172



ref_point = [0.182492  0.038523]