p_front_nsga = [...
	87.165555 29.405837
	230.405125 33.790528
	206.633502 33.581829
	229.619010 33.776912
	211.316323 33.665015
	220.171145 33.690818
	224.941783 33.775566
	153.460370 32.571040
	215.747981 33.690761
	202.139234 33.580082
	152.060047 32.532491
	87.771943 29.678382
	154.688056 32.601826
	156.799904 32.653879
	103.883064 30.941741
	94.504961 30.415254
	118.080682 31.531049
	89.660279 29.985298
	155.705747 32.626648
	184.476049 33.266153
	131.387458 31.964755
	196.608430 33.474549
	88.021388 29.736142
	214.282274 33.665036
	112.622167 31.300944
	132.496039 31.999727
	182.702053 33.229238
	223.516842 33.750322
	193.227731 33.443644
	187.878473 33.336258
	197.690140 33.496316
	171.476330 32.967434
	127.716411 31.852979
	112.900702 31.336927
	168.305791 32.922503
	119.172402 31.568039
	88.969353 29.880299
	220.688988 33.699762
	180.968089 33.193900
	87.600086 29.633905
	96.411694 30.543470
	158.161347 32.675433
	199.849353 33.536825
	222.258860 33.728086
	148.446289 32.443354
	209.750663 33.637398
	208.184120 33.606594
	124.367485 31.741094
	173.130504 33.021895
	141.581911 32.259519
	128.495590 31.877746
	93.983541 30.371713
	201.053211 33.557273
	121.305297 31.640504
	104.924876 30.991228
	130.707450 31.942063
	95.028703 30.450797
	109.016872 31.178729
	121.968342 31.666278
	95.992828 30.504172
	136.533086 32.114213
	183.109337 33.234505
	100.822074 30.794041
	129.882210 31.919458
	92.299181 30.232812
	166.691415 32.885770
	97.653679 30.619710
	174.398622 33.055952
	117.382060 31.505919
	140.705149 32.235831
	96.831968 30.569563
	126.160471 31.779027
	129.198310 31.899958
	111.367166 31.276455
	150.508213 32.496504
	178.855267 33.147332
	101.631488 30.823378
	110.099022 31.222393
	151.325700 32.496910
	158.629526 32.695771
	87.247208 29.489614
	99.938286 30.747437
	194.761184 33.473992
	97.302350 30.597826
	109.600801 31.202271
	147.604531 32.421347
	144.719850 32.343890
	123.537873 31.716147
	102.547221 30.884186
	180.023166 33.171806
	177.516882 33.118596
	145.244916 32.356994
	100.550054 30.771607
	142.312489 32.280171
	87.488708 29.601552
	87.310034 29.527897
	186.756053 33.311955
	133.669974 32.033990
	120.634669 31.616129
	164.176211 32.823373
	98.269517 30.651427
	194.314767 33.465133
	169.679621 32.952994
	126.981579 31.825421
	190.108172 33.381401
	114.618136 31.402432
	192.239536 33.423985
	89.519241 29.928553
	88.764820 29.857203
	93.325369 30.328750
	92.633471 30.272910
	160.991913 32.754611
	165.190511 32.845667
	138.900296 32.185641
	175.383410 33.071469
	171.753971 32.998710
	126.586836 31.813707
	91.913029 30.213124
	122.652449 31.689246
	108.414597 31.150047
	89.410855 29.926751
	140.077927 32.218545
	89.988774 30.018288
	169.579120 32.950606
	173.686484 33.034308
	185.498289 33.287327
	133.079770 32.017282
	113.646775 31.366045
	91.078898 30.136458
	91.512356 30.177326
	110.752586 31.247643
	139.472951 32.201674
	189.046531 33.359927
	134.329196 32.054425
	149.460174 32.469570
	160.315817 32.738591
	178.427976 33.134231
	103.360728 30.923264
	88.421157 29.792716
	90.374766 30.055366
	93.685140 30.353784
	120.216103 31.599401
	135.686377 32.090906
	224.915013 33.775093
	101.882862 30.849250
	175.904702 33.083497
	107.430775 31.111568
	87.179059 29.437197
	119.592637 31.581995
	165.776268 32.865536
	115.501207 31.435945
	87.202207 29.460554
	90.969475 30.094520
	90.557755 30.084803
	161.865738 32.765072
	143.904802 32.319322
	159.481925 32.718262
	134.793124 32.067997
	105.627007 31.026910
	137.188861 32.135425
	222.705552 33.736036
	106.091866 31.051120
	187.061909 33.316790
	124.976538 31.764656
	149.283988 32.464901
	99.604900 30.723255
	208.678291 33.615371
	191.786295 33.411204
	93.034075 30.305228
	123.180279 31.700191
	201.788732 33.572760
	198.706218 33.513830
	99.045710 30.694784
	90.134082 30.035938
	209.317263 33.629718
	95.356481 30.474723
	107.183092 31.089253
	106.714144 31.071515
	138.271060 32.165481
	95.523871 30.485340
	167.547488 32.900960
	125.181492 31.772721
	185.327552 33.282951
	146.077998 32.380151
	135.336854 32.083908
	147.060622 32.406341
	91.017847 30.128472
	137.502975 32.144134
	199.021084 33.521423
	190.875579 33.396788
	162.914765 32.789676
	98.841915 30.675907
	88.172955 29.764043
	163.400302 32.807739
	99.293046 30.713235
	176.659898 33.099755
	107.918683 31.130252
	103.263565 30.895592
	116.895943 31.481875
	87.359620 29.551759



ref_point = [0.182492  0.038523]