p_front_mopso1xt2 = [...
	265.49	28.5368;
	187.349	27.725;
	255.913	28.424;
	223.394	28.2562;
	262.222	28.4957;
	206.582	28.0424;
	180.601	27.5097;
	269.232	28.5778;
	205.145	28.0141;
	179.788	27.4785;
	181.842	27.5544;
	195.563	27.8042;
	182.312	27.5706;
	195.447	27.8013;
	260.456	28.48;
	276.156	28.6514;
	164.216	27.252;
	225.982	28.297;
	176.217	27.3163;
	262.857	28.5028;
	178.196	27.4123;
	201.127	27.9309;
	185.688	27.6774;
	177.906	27.3994;
	216.752	28.1457;
	225.334	28.2869;
	218.843	28.1815;
	183.612	27.6136;
	256.673	28.4361;
	175.312	27.2645;
	190.073	27.7977;
	284.065	28.7319;
	219.107	28.1859;
	201.793	27.9451;
	197.31	27.8457;
	294.258	28.7458;
	199.062	27.8857;
	220.902	28.2158;
	187.944	27.7414;
	272.298	28.6108;
	182.772	27.5861;
	180.089	27.4902;
	234.209	28.3754;
	184.977	27.6561;
	259.379	28.4638;
	256.318	28.4287;
	204.836	28.0079;
	253.503	28.3958;
	195.378	27.7997;
	214.792	28.0698];


fuzzy_best_particle_mopso = [225.982	28.297];
