p_front_mopso1xt1 = [...
	141.704	35.044;
	109.097	33.4582;
	128.332	34.8305;
	109.856	33.7546;
	143.31	35.1082;
	115.729	34.141;
	120.122	34.3458;
	121.774	34.4675;
	117.239	34.276;
	123.623	34.5598;
	117.461	34.2941;
	130.088	34.8481;
	129.865	34.8367;
	127.943	34.81;
	117.373	34.287;
	117.02	34.2578;
	131.307	34.9088;
	124.421	34.6379;
	113.831	33.922;
	113.779	33.9146;
	122.704	34.5303;
	113.32	33.8437;
	122.058	34.487;
	121.516	34.4161;
	109.099	33.4647;
	114.742	34.037;
	128.178	34.8224;
	121.697	34.4292;
	115.877	34.1553;
	109.226	33.571;
	120.045	34.3398;
	123.315	34.5399;
	131.871	34.9362;
	114.797	34.0432;
	126.439	34.7537;
	127.556	34.7894;
	124.602	34.6488;
	110.009	33.7849;
	125.956	34.7008;
	120.605	34.3472;
	113.284	33.8375;
	109.499	33.6694;
	107.875	32.7768;
	107.877	32.9304;
	116.251	34.1903;
	109.878	33.7592;
	142.088	35.0596;
	122.392	34.5096;
	116.957	34.2525;
	107.269	32.7459];


fuzzy_best_particle_mopso = [117.461	34.2941];
