p_front_mopso1xt1 = [...
	131.421	34.8712;
	110.843	33.8049;
	116.663	34.1298;
	119.513	34.3356;
	126.226	34.6179;
	119.687	34.3468;
	110.24	33.7193;
	109.693	33.6206;
	116.899	34.1487;
	114.858	33.9667;
	129.935	34.803;
	132.342	34.9121;
	125.717	34.6117;
	119.227	34.3168;
	109.117	33.4457;
	126.202	34.6166;
	111.125	33.8401;
	109.741	33.6306;
	118.22	34.2478;
	109.021	33.3652;
	109.013	33.3347;
	127.882	34.7227;
	133.975	34.925;
	129.49	34.8;
	123.001	34.357;
	109.051	33.4013;
	134.254	34.937;
	119.368	34.3261;
	115.107	33.9914;
	114.137	33.8885;
	117.038	34.1596;
	118.361	34.2578;
	131.66	34.8819;
	129.995	34.8234;
	127.398	34.6986;
	109.297	33.519;
	109.264	33.5078;
	113.762	33.8432;
	116.261	34.0964;
	109.919	33.6648;
	115.207	34.0012;
	117.528	34.1973;
	124.036	34.4956;
	110.378	33.7404;
	110.88	33.8096;
	130.174	34.8317;
	124.414	34.5401;
	106.003	32.806;
	126.934	34.6552;
	107.694	32.9265];


fuzzy_best_particle_mopso = [111.125	33.8401];
