p_front_mopso3xt1 = [...
	200.997	34.0495;
	190.548	33.9244;
	247.626	34.892;
	85.5057	30.8007;
	172.224	33.5011;
	155.462	33.1374;
	169.821	33.4238;
	76.9152	30.0258;
	121.361	32.2122;
	96.5002	31.257;
	85.1112	30.7204;
	183.043	33.8351;
	137.044	32.7042;
	170.523	33.4958;
	209.289	34.2837;
	155.007	33.1261;
	189.2	33.9208;
	83.28	30.3804;
	223.465	34.4564;
	107.316	31.7206;
	216.869	34.3924;
	103.51	31.4962;
	81.6109	30.1489;
	90.8738	31.1034;
	100.751	31.4008;
	175.621	33.6105;
	207.47	34.2675;
	93.5673	31.1917;
	120.729	32.0758;
	142.483	32.7329;
	84.9513	30.398;
	131.111	32.4632;
	148.924	32.8599;
	99.3518	31.3607;
	106.552	31.7086;
	151.681	32.9775;
	166.229	33.3939;
	124.19	32.4048;
	136.422	32.5068;
	82.3299	30.276;
	175.391	33.5246;
	152.873	33.0163;
	131.367	32.4715;
	129.667	32.4485;
	105.335	31.7033;
	110.502	31.9085;
	144.501	32.7426;
	89.9898	30.9418;
	96.5895	31.3484;
	154.356	33.017];


fuzzy_best_particle_mopso = [124.19	32.4048];
