p_front_mopso2xt2 = [...
	200.172	35.0533;
	205.296	35.1221;
	221.39	35.2763;
	196.532	35.0195;
	152.258	34.6668;
	164.869	34.7933;
	204.342	35.1182;
	256.333	35.5371;
	203.303	35.1142;
	147.539	34.5608;
	261.403	35.6109;
	141.724	34.4933;
	172.41	34.8538;
	224.853	35.3133;
	140.486	34.4802;
	166.06	34.8441;
	251.778	35.442;
	229.077	35.3393;
	140.101	34.3982;
	142.506	34.5012;
	133.321	34.2594;
	211.418	35.2236;
	333.753	35.7433;
	174.2	34.934;
	155.556	34.7073;
	131.394	34.1682;
	137.013	34.2691;
	259.741	35.545;
	184.849	34.9728;
	364.93	35.9327;
	243.587	35.3791;
	332.043	35.6518;
	276.055	35.6846;
	351.085	35.8639;
	244.025	35.3938;
	174.806	34.94;
	137.576	34.2839;
	244.965	35.4254;
	165.999	34.8133;
	245.564	35.4291;
	191.811	35.0125;
	143.469	34.5021;
	184.927	35.0021;
	143.744	34.5142;
	221.524	35.3071;
	260.126	35.5562;
	251.763	35.4405;
	240.227	35.3476;
	160.63	34.7406;
	130.713	32.3037];


fuzzy_best_particle_mopso = [140.486	34.4802];
