p_front_mopso2xt3 = [...
	78.9129	34.5641;
	51.3292	33.4305;
	73.1524	34.5305;
	66.8438	34.2299;
	38.8802	32.6578;
	49.5994	33.2687;
	52.4355	33.4674;
	49.3142	33.2096;
	53.371	33.5892;
	55.3568	33.6248;
	41.1285	32.7404;
	32.8687	31.7471;
	32.7425	31.6668;
	67.0934	34.3798;
	55.3614	33.7245;
	69.7255	34.507;
	42.5392	33.0092;
	62.8782	34.163;
	41.6887	32.8309;
	37.8364	32.5399;
	58.445	33.9903;
	32.6282	31.5741;
	30.9928	31.0708;
	32.4315	31.3326;
	36.3574	32.2223;
	52.1602	33.4353;
	31.2766	31.1678;
	53.7823	33.5963;
	86.1703	34.7275;
	52.9745	33.5579;
	47.6425	33.131;
	45.5623	33.0496;
	60.7986	34.1406;
	81.5482	34.6912;
	52.4629	33.4934;
	102.486	35.1241;
	55.9399	33.74;
	53.8494	33.6147;
	36.3436	32.1455;
	111.383	35.2888;
	40.0874	32.7226;
	106.175	35.2631];


fuzzy_best_particle_mopso = [60.7986	34.1406];
