p_front_mopso2xt1 = [...
	106.025	31.1464;
	201.342	33.5323;
	90.3604	30.3214;
	116.513	31.4143;
	116.113	31.3977;
	98.794	30.8278;
	90.8478	30.3781;
	153.301	32.384;
	140.556	32.1668;
	164.486	32.7603;
	125.605	31.7833;
	84.0115	29.6644;
	100.372	30.875;
	105.932	31.0978;
	86.5076	30.0328;
	100.915	30.9087;
	139.856	32.1612;
	122.895	31.6938;
	86.6958	30.0601;
	137.752	32.0891;
	105.752	30.9889;
	137.623	32.0344;
	95.1552	30.6444;
	119.519	31.6235;
	200.57	33.516;
	84.4582	29.8142;
	130.349	31.9295;
	98.3773	30.7945;
	83.2956	29.1148;
	161.354	32.6992;
	198.797	33.4472;
	97.9307	30.778;
	156.373	32.5995;
	93.4718	30.5547;
	118.184	31.4781;
	181.349	33.0754;
	101.403	30.9621;
	135.058	31.9836;
	89.2955	30.2875;
	136.718	32.0216;
	191.156	33.1021;
	128.475	31.8614;
	209.277	33.5525;
	214.911	33.6397;
	152.152	32.3172;
	93.2654	30.4444;
	143.31	32.2263;
	85.1051	29.8527;
	87.542	30.1439;
	145.226	32.3066];


fuzzy_best_particle_mopso = [119.519	31.6235];
