p_front_mopso3xt2 = [...
	128.278	32.3767;
	136.881	34.2587;
	264.219	35.5161;
	187.883	34.9783;
	238.638	35.3632;
	266.621	35.5827;
	240.574	35.3746;
	229.868	35.3386;
	230.294	35.3406;
	146.323	34.5663;
	140.736	34.4483;
	133.925	34.1275;
	175.081	34.9594;
	335.935	36.258;
	263.946	35.5125;
	131.72	34.1791;
	129.499	34.0232;
	217.192	35.2037;
	134.845	34.2043;
	234.648	35.3561;
	206.374	35.0976;
	157.179	34.6862;
	298.242	35.7389;
	129.783	34.0269;
	165.997	34.7255;
	400.212	36.6984;
	312.946	36.0153;
	310.14	35.9672;
	205.209	35.0785;
	138.72	34.3924;
	167.207	34.7442;
	323.132	36.0745;
	225.568	35.3063;
	286.547	35.6472;
	190.292	35.0041;
	218.475	35.2791;
	187.936	34.9809;
	159.487	34.6865;
	364.06	36.5384;
	212.606	35.165;
	164.051	34.6973;
	440.438	36.7357;
	136.462	34.24;
	134.815	34.202;
	136.616	34.2537;
	275.716	35.6048;
	258.227	35.4281;
	363.252	36.4209;
	293.225	35.6564;
	331.266	36.247];


fuzzy_best_particle_mopso = [146.323	34.5663];
