p_front_mopso3xt2 = [...
	156.073	28.3282;
	592.006	32.6445;
	537.52	32.44;
	671.944	32.8865;
	319.374	30.7105;
	163.347	28.5938;
	212.96	29.4351;
	423.903	31.4818;
	270.931	30.3333;
	170.087	28.713;
	334.134	30.9541;
	283.034	30.3944;
	157.722	28.3497;
	481.004	32.1455;
	247.244	30.1096;
	243.622	30.0797;
	181.564	28.9628;
	288.021	30.4867;
	325.629	30.8185;
	159.825	28.4287;
	184.128	29.1709;
	173.433	28.751;
	387.874	31.3307;
	177.014	28.9338;
	470.165	31.8971;
	205.92	29.4215;
	312.239	30.6434;
	566.065	32.5652;
	153.154	28.0536;
	174.887	28.8549;
	161.942	28.5379;
	217.769	29.7143;
	308.633	30.6369;
	201.925	29.3912;
	213.35	29.5291;
	230.072	29.8959;
	213.344	29.4398;
	302.365	30.59;
	554.911	32.4656;
	262.407	30.191;
	195.545	29.2217;
	381.207	31.2165;
	219.056	29.7542;
	321.637	30.7189;
	263.39	30.2048;
	421.761	31.4182;
	328.865	30.836;
	415.181	31.3901;
	351	31.1173;
	458.857	31.7507];


fuzzy_best_particle_mopso = [334.134	30.9541];
