p_front_mopso2xt3 = [...
	85.9598	34.8032;
	78.8591	34.7376;
	38.3	32.6118;
	41.0862	32.8147;
	58.1593	33.7759;
	32.2126	31.6185;
	36.5939	32.2844;
	89.9383	34.8509;
	54.9487	33.6178;
	32.5767	31.7971;
	58.3497	33.8643;
	30.1836	31.1082;
	30.4919	31.207;
	51.457	33.5609;
	75.1893	34.5302;
	93.0525	34.9001;
	51.1639	33.3145;
	76.3007	34.6077;
	64.8788	34.3276;
	67.3429	34.3532;
	56.3597	33.7318;
	39.4691	32.7383;
	56.009	33.7186;
	56.58	33.7463;
	31.8842	31.3813;
	58.9362	33.8943;
	43.8678	33.1076;
	49.2843	33.2436;
	55.8612	33.6759;
	40.3384	32.7455;
	61.9966	34.1556;
	108.899	35.1075;
	31.8188	31.2807;
	46.9542	33.1499;
	32.3947	31.7168;
	36.0799	32.2103;
	77.804	34.6103;
	49.5253	33.244;
	34.7423	32.1032;
	41.8761	32.931];


fuzzy_best_particle_mopso = [64.8788	34.3276];
