p_front_mopso2xt1 = [...
	92.6512	35.5623;
	127.757	37.024;
	137.279	37.124;
	99.7293	35.9505;
	99.0156	35.9082;
	109.406	36.4316;
	117.309	36.7703;
	104.35	36.2415;
	84.43	34.7533;
	115.83	36.7094;
	101.672	36.1119;
	87.5366	35.0656;
	123.408	36.9422;
	93.2207	35.5748;
	102.144	36.1138;
	83.5172	34.4313;
	132.941	37.1217;
	85.7569	34.8729;
	122.372	36.8938;
	111.234	36.4724;
	84.9239	34.8149;
	112.691	36.5568;
	99.2459	35.9308;
	109.656	36.4637;
	96.2901	35.7812;
	100.217	36.0377;
	111.572	36.5201;
	98.8643	35.8845;
	108.467	36.3685;
	125.161	36.9581;
	129.876	37.0725;
	113.554	36.5758;
	89.296	35.2609;
	97.043	35.8466;
	120.223	36.815;
	90.4808	35.325;
	83.1477	34.2874;
	83.3067	34.4313;
	126.495	36.9986;
	99.8432	35.9756;
	107.698	36.3564;
	92.4589	35.4948;
	101.604	36.0727;
	106.803	36.3179;
	92.2599	35.3261;
	120.851	36.8589;
	88.8907	35.0794;
	94.7881	35.5989;
	105.744	36.2725;
	86.6182	34.9591];


fuzzy_best_particle_mopso = [100.217	36.0377];
