p_front_mopso3xt1 = [...
	296.342	35.2385;
	241.627	34.698;
	90.5509	31.2439;
	254.774	34.8703;
	125.679	32.4126;
	109.862	31.7914;
	77.6517	30.3342;
	200.749	34.0397;
	122.828	32.3584;
	73.1695	29.9126;
	164.451	33.2418;
	109.823	31.7771;
	139.928	32.7243;
	87.3662	31.1188;
	165.447	33.3377;
	110.936	31.8772;
	190.65	33.9221;
	168.891	33.3652;
	198.249	34.027;
	130.132	32.5202;
	133.399	32.6379;
	93.2582	31.2957;
	75.203	30.1321;
	185.935	33.8199;
	217.624	34.2689;
	147.508	32.8258;
	149.516	32.8992;
	174.334	33.3853;
	83.7024	30.8545;
	87.1954	30.8813;
	71.151	29.5179;
	220.645	34.414;
	80.9749	30.6132;
	151.871	33.0315;
	113.074	31.9292;
	103.298	31.7339;
	206.007	34.041;
	78.7758	30.4275;
	217.431	34.0927;
	225.495	34.4215;
	79.9396	30.4794;
	180.476	33.5531;
	88.3876	31.1646;
	132.774	32.5563;
	159.316	33.2374;
	96.3966	31.3198;
	98.6673	31.5711;
	109.559	31.748;
	156.922	33.1363;
	73.0758	29.7496];


fuzzy_best_particle_mopso = [133.399	32.6379];
