p_front_mopso3xt3 = [...
	21.1516	31.9632;
	45.7956	34.2258;
	106.731	35.5639;
	36.58	33.2586;
	33.1959	33.7228;
	55.2597	34.5699;
	115.255	35.7396;
	80.7228	35.2116;
	70.9317	35.1308;
	48.9265	34.279;
	39.8237	34.1516;
	23.9101	33.0363;
	52.6694	34.5114;
	16.491	31.195;
	25.2169	33.1296;
	73.1009	35.2064;
	26.9814	33.2339;
	15.8843	31.1386;
	37.7943	33.7612;
	22.6506	32.7217;
	44.4231	34.1899;
	72.2703	35.1399;
	51.5275	34.396;
	52.5355	34.4703;
	81.3041	35.4493;
	59.938	34.9032;
	85.8423	35.5521];


fuzzy_best_particle_mopso = [39.8237	34.1516];
