p_front_mopso3xt2 = [...
	671.389	32.9541;
	277.611	30.5307;
	234.583	30.1284;
	167.245	29.0272;
	519.074	32.3685;
	398.531	31.6587;
	177.231	29.1627;
	162.506	28.913;
	293.728	30.7266;
	172.026	29.1149;
	319.485	30.8696;
	225.787	30.0212;
	447.469	31.9593;
	154.697	28.8243;
	219.369	29.9072;
	194.953	29.5634;
	506.012	32.1138;
	269.618	30.4799;
	362.839	31.2092;
	261.595	30.4261;
	253.085	30.3231;
	323.402	30.8818;
	473.276	32.0756;
	312.265	30.7762;
	378.869	31.413;
	154.165	28.8084;
	207.711	29.8032;
	536.611	32.4645;
	342.651	31.0994;
	419.125	31.7895;
	392.391	31.5052;
	192.367	29.3437;
	413.202	31.7696;
	205.779	29.7004;
	366.523	31.268;
	179.115	29.2128;
	202.292	29.5902;
	192.409	29.3665;
	256.514	30.4019;
	139.114	28.2911;
	137.431	28.0779;
	147.716	28.4815;
	313.19	30.8535;
	172.508	29.1267;
	177.271	29.2633;
	527.004	32.4048;
	164.285	28.983;
	324.929	30.9868;
	293.548	30.5636;
	306.765	30.7282];


fuzzy_best_particle_mopso = [256.514	30.4019];
