p_front_mopso1xt1 = [...
	240.29	30.7874;
	123.145	29.5245;
	108.621	28.5208;
	123.14	29.5242;
	118.376	29.3419;
	109.421	28.7718;
	173.459	30.5416;
	164.475	30.4875;
	136.561	30.0202;
	174.43	30.5633;
	131.01	29.8616;
	124.423	29.5889;
	121.485	29.4119;
	177.019	30.6204;
	126.486	29.6859;
	110.508	28.9195;
	116.563	29.2247;
	134.443	29.9431;
	116.953	29.2514;
	154.543	30.3405;
	124.54	29.5947;
	162.981	30.4506;
	115.072	29.1123;
	121.678	29.4454;
	193.161	30.7316;
	125.621	29.6283;
	131.933	29.8978;
	108.697	28.5843;
	109.712	28.8179;
	117.599	29.2937;
	108.658	28.5599;
	162.973	30.4505;
	119.255	29.3934;
	136.76	30.0273;
	147.933	30.1503;
	147.714	30.1436;
	119.488	29.4066;
	113.793	28.9967;
	144.314	30.0376;
	108.614	28.4916;
	222.325	30.7719;
	113.368	28.9519;
	126.874	29.7033;
	175.508	30.5872;
	154.55	30.3407;
	188.102	30.6327;
	166.218	30.5298;
	150.318	30.221;
	126.366	29.6632;
	124.313	29.5645];


fuzzy_best_particle_mopso = [136.76	30.0273];
