p_front_mopso3xt2 = [...
	181.003	34.7543;
	176.937	34.6035;
	215.716	35.088;
	223.886	35.2159;
	295.8	36.1036;
	384.521	36.8787;
	233.353	35.3468;
	353.897	36.5779;
	341.966	36.5533;
	174.865	34.5808;
	251.912	35.5185;
	301.935	36.1046;
	311.382	36.3444;
	257.724	35.7228;
	310.814	36.3222;
	242.109	35.4757;
	244.879	35.494;
	237.127	35.4336;
	236.243	35.3895;
	146.755	34.386;
	296.552	36.1041;
	129.238	34.0402;
	230.597	35.292;
	302.281	36.1646;
	256.318	35.6081;
	155.199	34.4486;
	131.005	34.0922;
	204.096	34.9256;
	143.518	34.2947;
	194.779	34.8809;
	376.536	36.7551;
	283.801	35.936;
	176.355	34.6019;
	138.792	34.2335;
	136.681	34.2016;
	157.908	34.4769;
	271.69	35.8651;
	284.585	36.0451;
	173.526	34.5112;
	134.87	34.1671;
	201.227	34.9201;
	169.406	34.5047;
	241.567	35.4609;
	322.016	36.4616;
	391.778	36.8844;
	308.867	36.3005;
	132.907	34.098;
	217.127	35.1208;
	223.601	35.1775;
	274.353	35.9178];


fuzzy_best_particle_mopso = [284.585	36.0451];
