p_front_mopso2xt2 = [...
	128.936	33.7628;
	343.692	35.9282;
	198.399	34.96;
	131.267	34.0835;
	295.436	35.5951;
	186.247	34.9;
	161.239	34.6328;
	217.897	35.1005;
	203.437	35.0303;
	137.384	34.3097;
	132.161	34.0962;
	134.002	34.1415;
	301.651	35.7094;
	290.614	35.5597;
	220.004	35.1232;
	237.245	35.2759;
	306.904	35.7191;
	172.877	34.758;
	132.782	34.1111;
	227.243	35.2123;
	129.577	33.7942;
	183.177	34.7644;
	211.533	35.0547;
	146.894	34.3858;
	142.416	34.368;
	289.54	35.5141;
	216.363	35.0959;
	135.407	34.1551;
	129.274	33.8851;
	136.951	34.2328;
	185.648	34.7699;
	153.993	34.5007;
	220.843	35.1334;
	331.362	35.9088;
	220.202	35.1262;
	264.737	35.3565;
	225.835	35.1558;
	157.499	34.521;
	282.022	35.3793;
	229.454	35.2564;
	285.415	35.3818;
	136.651	34.1583;
	172.394	34.7532;
	198.189	34.9563;
	238.612	35.2843;
	220.764	35.1311;
	149.602	34.4426;
	314.453	35.8141;
	337.067	35.9269];


fuzzy_best_particle_mopso = [186.247	34.9];
