p_front_mopso1xt2 = [...
	137.107	33.5503;
	199.316	34.8253;
	273.99	35.6336;
	215.563	34.9657;
	262.568	35.5082;
	175.062	34.4664;
	137.279	33.5716;
	221.467	35.0557;
	275.387	35.6485;
	212.22	34.9102;
	242.046	35.3434;
	233.506	35.2258;
	245.617	35.3891;
	174.189	34.3468;
	248.601	35.4264;
	160.433	34.0725;
	188.003	34.7126;
	233.96	35.232;
	210.873	34.8878;
	179.883	34.5122;
	136.698	33.4678;
	230.747	35.1914;
	137.647	33.6087;
	263.205	35.5154;
	158.604	33.972;
	250.985	35.4558;
	262.398	35.5062;
	148.455	33.7481;
	139.387	33.6502;
	250.27	35.447;
	154.765	33.9266;
	136.88	33.5148;
	139.273	33.6402;
	191.471	34.7895;
	158.26	33.9508;
	169.334	34.2836;
	186.676	34.682;
	174.032	34.3418;
	214.945	34.9547;
	243.985	35.3684;
	241.88	35.3413;
	149.001	33.7664;
	139.601	33.6679;
	201.562	34.8669;
	199.648	34.8315;
	168.733	34.1554;
	230.249	35.1844;
	136.677	33.3968;
	232.043	35.206;
	137.081	33.5468];


fuzzy_best_particle_mopso = [191.471	34.7895];
