p_front_mopso1xt1 = [...
	135.314	29.5892;
	126.223	29.174;
	126.225	29.1741;
	126.942	29.226;
	137.495	29.6705;
	126.147	29.1683;
	126.6	29.2017;
	118.922	28.7411;
	118.852	28.7283;
	135.183	29.5827;
	127.047	29.2333;
	138.862	29.7327;
	118.936	28.7437;
	126.56	29.1988;
	126.36	29.1842;
	142.766	29.8337;
	162.325	30.2166;
	137.852	29.687;
	135.54	29.6004;
	138.711	29.726;
	138.526	29.7177;
	142.974	29.8422;
	136.5	29.6468;
	127.133	29.2392;
	136.813	29.6615;
	141.599	29.7852;
	119.133	28.7766;
	118.805	28.7193;
	136.673	29.6549;
	118.607	28.6775;
	142.003	29.8022;
	142.084	29.8056;
	143.144	29.8491;
	135.938	29.6198;
	118.78	28.7143;
	137.923	29.6903;
	135.871	29.6166;
	118.806	28.7195;
	135.31	29.589;
	119.1	28.7714;
	119.061	28.765;
	125.827	29.1437;
	118.603	28.6766;
	118.675	28.6927];


fuzzy_best_particle_mopso = [136.813	29.6615];
