p_front_mopso1xt2 = [...
	332.684	29.0483;
	208.236	28.4623;
	202.428	28.3749;
	227.982	28.6074;
	281.349	28.9553;
	182.189	28.0828;
	242.374	28.6533;
	194.925	28.3169;
	241.347	28.6376;
	189.982	28.2315;
	164.372	27.7463;
	209.888	28.4862;
	192.552	28.2766;
	149.091	27.5487;
	341.316	29.1035;
	246.141	28.688;
	205.836	28.4268;
	257.45	28.8087;
	220.262	28.5895;
	165.624	27.7847;
	166.997	27.8247;
	166.17	27.8009;
	269.184	28.9208;
	216.378	28.5766;
	190.57	28.242;
	180.915	28.0565;
	285.125	28.9876;
	249.064	28.718;
	183.19	28.1031;
	330.044	29.031;
	249.584	28.7294;
	214.152	28.5462;
	171.361	27.9396;
	211.621	28.5109;
	208.308	28.4633;
	189.168	28.1503;
	304.006	29.011;
	148.801	27.5299;
	255.316	28.7875;
	265.078	28.8824;
	212.78	28.5272;
	164.819	27.7602;
	148.891	27.5359;
	175.514	28.0364;
	172.941	27.9776;
	148.627	27.5182;
	259.454	28.8283;
	262.092	28.8539;
	214.851	28.5558;
	181.547	28.0696];


fuzzy_best_particle_mopso = [216.378	28.5766];
