p_front_mopso1xt2 = [...
	239.055	35.2389;
	242.25	35.2817;
	220.003	35.0966;
	195.871	34.7425;
	196.499	34.7483;
	199.163	34.8044;
	204.294	34.9104;
	196.875	34.7636;
	201.885	34.8643;
	208.227	34.9807;
	172.031	34.3903;
	201.212	34.8512;
	135.993	33.5029;
	172.344	34.4016;
	189.372	34.5973;
	221.712	35.1241;
	156.156	33.9063;
	145.07	33.6895;
	188.638	34.5676;
	181.915	34.5671;
	146.365	33.7488;
	206.755	34.9534;
	144.032	33.6331;
	240.573	35.2594;
	210.759	35.0266;
	155.459	33.8305;
	165.476	34.2484;
	195.785	34.7407;
	202.638	34.8744;
	135.983	33.451;
	149.84	33.7701;
	207.393	34.9653;
	162.683	34.1083;
	181.42	34.5538;
	191.673	34.6506;
	155.77	33.8666;
	195.567	34.7281;
	191.28	34.6417;
	192.828	34.6765;
	144.069	33.6353;
	175.109	34.4961;
	164.137	34.1849;
	145.716	33.7203;
	136.155	33.5558;
	196.869	34.7635;
	189.901	34.5984;
	161.901	34.0628;
	170.892	34.3045;
	137.628	33.5727;
	174.059	34.4612];


fuzzy_best_particle_mopso = [175.109	34.4961];
