p_front_mopso1xt3 = [...
	79.9342	30.444;
	128.979	32.5681;
	110.921	32.1186;
	71.2826	29.914;
	114.072	32.1984;
	118.189	32.3492;
	92.2241	31.1753;
	77.8158	30.3591;
	121.318	32.3979;
	105.947	31.6241;
	103.992	31.5962;
	121.045	32.3714;
	71.4143	30.1343;
	80.9768	30.622;
	68.9536	29.8049;
	74.6455	30.2587;
	94.8393	31.3672;
	79.5687	30.4094;
	91.4882	31.1345;
	98.4748	31.3904;
	130.664	32.5988;
	110.725	32.0954;
	100.86	31.4828;
	126.483	32.4937;
	69.1905	29.8291;
	108.336	31.9246;
	83.9501	30.7921;
	114.294	32.2228;
	73.7272	30.2138;
	100.005	31.5876;
	78.9814	30.4057;
	109.526	31.9719;
	91.07	31.0595;
	88.2033	30.9006;
	121.98	32.4547;
	75.1265	30.2777;
	76.3444	30.3463;
	105.378	31.8265;
	94.9078	31.3869;
	106.494	31.8735;
	67.6573	29.3076;
	68.0089	29.5179;
	67.7053	29.4062;
	70.5595	29.9061;
	89.2711	30.955];


fuzzy_best_particle_mopso = [94.9078	31.3869];
