p_front_mopso3xt1 = [...
	79.3437	35.7219;
	100.04	36.6866;
	93.0241	36.399;
	126.265	37.5172;
	100.455	36.6903;
	104.345	36.9331;
	99.0397	36.6201;
	78.988	35.4639;
	99.3355	36.6732;
	113.181	37.265;
	98.6433	36.5363;
	113.315	37.2714;
	76.169	35.3943;
	132.15	37.6951;
	71.5177	34.6518;
	90.6164	36.3566;
	112.044	37.1984;
	73.8742	35.2111;
	110.901	37.0978;
	78.4593	35.4282;
	94.5147	36.4569;
	82.3971	35.7943;
	131.631	37.635;
	117.731	37.2724;
	74.5881	35.224;
	94.5797	36.5016;
	119.37	37.3775;
	119.187	37.2826;
	85.2151	36.1346;
	101.842	36.7664;
	78.9399	35.4339;
	94.0649	36.4109;
	74.6815	35.239;
	72.0481	35.1821;
	105.656	37.0159;
	87.3652	36.1745;
	75.1244	35.2572;
	94.4496	36.4508;
	86.9737	36.2528;
	105.414	37.0037;
	69.7574	34.3567;
	95.5622	36.5337;
	71.0488	34.6404;
	70.3188	34.3988;
	83.6945	35.8498;
	108.233	37.0619;
	84.21	36.0724;
	120.685	37.4358;
	102.751	36.8667];


fuzzy_best_particle_mopso = [86.9737	36.2528];
