p_front_mopso1xt3 = [...
	109.826	31.789;
	115.194	31.9696;
	86.2888	30.5543;
	104.677	31.4557;
	115.332	31.9859;
	100.011	31.2913;
	73.1012	29.6182;
	84.9154	30.4945;
	94.6486	31.0864;
	126.696	32.2398;
	107.149	31.5433;
	124.891	32.2094;
	72.5027	29.45;
	90.3042	30.6965;
	107.922	31.5721;
	76.2345	30.0005;
	123.148	32.1487;
	81.0138	30.3538;
	92.2722	30.9927;
	90.8957	30.9056;
	110.509	31.7946;
	144.15	32.5519;
	96.1589	31.1287;
	105.403	31.4861;
	97.8582	31.2233;
	72.805	29.5486;
	104.242	31.3148;
	126.861	32.4206;
	103.845	31.3113;
	84.0469	30.4117;
	130.061	32.5326;
	72.0233	29.3906;
	74.9127	29.9313;
	121.579	32.1353;
	108.204	31.6945;
	114.097	31.9017;
	118.367	32.0607;
	79.0698	30.2785;
	112.304	31.8943;
	71.9315	29.2542];


fuzzy_best_particle_mopso = [92.2722	30.9927];
