p_front_mopso2xt1 = [...
	105.127	36.574;
	86.4139	35.4628;
	107.166	36.5834;
	131.747	37.2657;
	129.071	37.2095;
	99.9236	36.2994;
	83.8164	35.1777;
	86.2558	35.3767;
	86.7993	35.4779;
	81.4168	34.7433;
	102.005	36.4217;
	89.3769	35.7029;
	115.658	36.9833;
	102.88	36.4632;
	101.352	36.3865;
	86.3337	35.3967;
	100.697	36.3425;
	94.0744	35.9784;
	87.1579	35.5034;
	89.9943	35.7456;
	86.2426	35.3502;
	96.7873	36.149;
	80.8909	34.5479;
	95.4768	36.058;
	101.273	36.3604;
	124.337	37.1938;
	112.095	36.8063;
	84.2046	35.2119;
	114.436	36.9292;
	80.7594	34.4682;
	109.77	36.7189;
	98.7712	36.2491;
	83.0492	35.0015;
	95.5703	36.0708;
	105.637	36.5832;
	85.8673	35.326;
	123.297	37.1865;
	123.645	37.1913;
	101.872	36.3866;
	85.4149	35.2622;
	108.703	36.6755;
	113.919	36.8774;
	88.378	35.6273;
	108.646	36.6501;
	98.7696	36.2267;
	95.3528	35.9787;
	82.192	34.9582;
	83.8084	35.035;
	92.9376	35.8315;
	104.441	36.4797];


fuzzy_best_particle_mopso = [96.7873	36.149];
