p_front_mopso2xt1 = [...
	149.385	32.4353;
	143.855	32.2865;
	98.0183	30.619;
	170.042	32.8839;
	90.0573	30.0312;
	91.5148	30.1553;
	92.9841	30.283;
	136.694	32.0506;
	87.3866	29.3636;
	191.695	33.4114;
	113.022	31.3161;
	154.718	32.5294;
	106.291	31.0412;
	111.637	31.2783;
	143.275	32.273;
	162.439	32.7575;
	173.446	33.0025;
	97.1994	30.5509;
	120.627	31.5733;
	158.287	32.6455;
	146.05	32.3685;
	141.33	32.2198;
	119.821	31.5483;
	172.136	32.9127;
	132.091	31.9292;
	179.92	33.1459;
	166.57	32.848;
	87.8081	29.5874;
	110.442	31.2359;
	117.277	31.4593;
	115.374	31.3734;
	90.9564	30.0937;
	91.3557	30.1011;
	95.8254	30.4852;
	124.306	31.7121;
	117.344	31.4935;
	104.342	30.9343;
	161.475	32.7526;
	100.024	30.7418;
	88.9309	29.6314;
	105.36	30.9955;
	131.695	31.9178;
	130.143	31.8952;
	93.4617	30.3122;
	128.065	31.8466;
	120.347	31.5705;
	134.265	32.0246;
	145.924	32.327;
	96.7878	30.5337;
	115.956	31.4033];


fuzzy_best_particle_mopso = [110.442	31.2359];
