p_front_mopso2xt2 = [...
	171.539	28.6321;
	181.523	28.8241;
	245.351	29.7226;
	207.396	29.2556;
	266.781	30.0054;
	303.185	30.3297;
	202.798	29.1684;
	188.551	28.9385;
	217.522	29.3793;
	227.767	29.548;
	206.882	29.2328;
	355.456	30.7179;
	163.271	28.3927;
	237.093	29.6299;
	180.31	28.8133;
	168.467	28.5101;
	223.52	29.4499;
	159.831	28.3087;
	246.825	29.7419;
	340.022	30.5453;
	206.207	29.2094;
	161.958	28.3397;
	233.564	29.5902;
	283.09	30.174;
	255.271	29.8277;
	171.496	28.5993;
	176.374	28.7108;
	196.245	29.0852;
	317.528	30.3671;
	255.333	29.8675;
	261.783	29.9234;
	194.823	29.0042;
	213.772	29.3596;
	196.048	29.0681;
	287.056	30.2133;
	200.178	29.1284;
	179.616	28.7882;
	323.716	30.416;
	271.479	30.0429;
	249.056	29.7446;
	195.031	29.0281;
	239.746	29.6951;
	292.796	30.2241;
	190.355	28.9969;
	224.941	29.4811;
	205.741	29.1891;
	162.589	28.3884;
	195.444	29.0358;
	155.879	28.1305;
	166.04	28.4762];


fuzzy_best_particle_mopso = [227.767	29.548];
