p_front_mopso2xt2 = [...
	170.007	28.9424;
	343.503	30.6748;
	236.941	29.8005;
	141.228	28.0087;
	446.489	30.8947;
	172.073	28.9681;
	322.778	30.569;
	185.737	29.1814;
	230.712	29.7696;
	318.459	30.4997;
	453.275	30.9434;
	167.395	28.8923;
	191.75	29.2328;
	243.82	29.8934;
	170.99	28.958;
	151.493	28.5233;
	198.302	29.3142;
	141.895	28.2409;
	258.461	30.0856;
	145.847	28.3288;
	165.508	28.8014;
	152.627	28.5672;
	174.047	29.0121;
	182.521	29.1011;
	167.938	28.8995;
	316.423	30.4866;
	164.119	28.7957;
	165.983	28.8683;
	214.301	29.5463;
	200.008	29.3348;
	303.055	30.419;
	213.134	29.5316;
	162.606	28.7815;
	315.077	30.4797;
	192.129	29.2598;
	175.225	29.0224;
	154.737	28.601;
	157.287	28.6836;
	251.948	30.0189;
	222.676	29.6372;
	194.15	29.3046;
	312.519	30.4602;
	205.357	29.352;
	271.022	30.1873;
	146.684	28.3485;
	151.177	28.5139;
	183.264	29.1592;
	149.433	28.5004;
	248.415	29.9643;
	192.967	29.2957];


fuzzy_best_particle_mopso = [258.461	30.0856];
