p_front_mopso3xt1 = [...
	76.2438	35.9947;
	125.13	37.6323;
	92.7208	36.7416;
	90.6404	36.6523;
	104.159	37.1884;
	80.4965	36.2671;
	71.9418	35.548;
	105.591	37.3057;
	114.231	37.4409;
	70.0192	35.2129;
	109.125	37.397;
	76.5446	36.011;
	69.3062	35.1469;
	96.2773	36.872;
	74.1127	35.7007;
	103.264	37.1478;
	83.0513	36.2822;
	79.0633	36.1908;
	75.5533	35.94;
	77.3346	36.067;
	102.855	37.1304;
	83.3798	36.3557;
	115.271	37.4777;
	70.4277	35.3778;
	94.1995	36.8455;
	88.2401	36.6002;
	90.0957	36.6003;
	120.238	37.5394;
	119.447	37.4794;
	68.3967	34.6149;
	109.481	37.4322;
	96.5803	36.9171;
	84.5744	36.4096;
	99.4286	36.9798;
	90.8645	36.6694;
	71.2936	35.4465;
	97.7494	36.9645;
	78.493	36.0689;
	92.9868	36.8249;
	99.581	37.0716;
	91.6759	36.7385;
	85.6171	36.4378;
	95.7812	36.846;
	104.228	37.2415;
	67.9423	34.5423;
	87.2636	36.5724;
	90.7878	36.6627;
	87.4613	36.5771;
	107.449	37.3276;
	85.7819	36.4949];


fuzzy_best_particle_mopso = [79.0633	36.1908];
