p_front_mopso3xt3 = [...
	68.5881	34.6285;
	72.5759	34.72;
	38.247	33.3555;
	54.0189	34.085;
	71.5752	34.6926;
	74.7983	34.8528;
	75.8971	34.9591;
	25.925	32.8127;
	66.6156	34.4745;
	35.924	33.3492;
	55.9463	34.103;
	43.7693	33.8919;
	25.6941	32.2011;
	27.7195	32.8407;
	25.641	30.781;
	52.4136	34.0679;
	80.1064	35.3066;
	86.3408	35.4698;
	57.4806	34.2182;
	81.0827	35.3849;
	80.0798	35.269;
	38.2495	33.7875;
	35.3421	32.9204;
	44.399	34.0136;
	60.7884	34.4541;
	55.4212	34.0859;
	78.7187	35.2334;
	122.011	35.6577;
	57.6658	34.3131;
	35.7363	32.9831;
	73.6965	34.7254];


fuzzy_best_particle_mopso = [38.2495	33.7875];
